Log file open, 01/06/18 18:41:58
LogWindows: Failed to load 'aqProf.dll' (GetLastError=126)
LogWindows: File 'aqProf.dll' does not exist
LogWindows: Failed to load 'VSPerf140.dll' (GetLastError=126)
LogWindows: File 'VSPerf140.dll' does not exist
LogWindows: Failed to load 'VtuneApi.dll' (GetLastError=126)
LogWindows: File 'VtuneApi.dll' does not exist
LogWindows: Failed to load 'VtuneApi32e.dll' (GetLastError=126)
LogWindows: File 'VtuneApi32e.dll' does not exist
LogInit: Display: Running engine for game: My_Nuggets_Menus
LogPlatformFile: Not using cached read wrapper
LogInit: Display: RandInit(-1699930804) SRandInit(-1699930804).
LogInit: Read version file with build ID '3709383'
LogInit: Overriding engine version to CL 3794801, compatible CL 3709383
LogInit: Registered custom module enumerator with build ID '3709383'
LogTaskGraph: Started task graph with 5 named threads and 14 total threads with 3 sets of task threads.
LogStats: Stats thread started at 0.180425
LogD3D11RHI: Aftermath initialized
LogModuleManager: Display: Found up-to-date module file ../../../Engine/Plugins/Marketplace/Substance/Binaries/Win64/UE4Editor-SubstanceCore.dll (API version 3709383).
LogModuleManager: Display: Found up-to-date module file ../../../Engine/Plugins/Marketplace/Substance/Binaries/Win64/UE4Editor-SubstanceEditor.dll (API version 3709383).
LogModuleManager: Display: Found up-to-date module file ../../../Engine/Plugins/Marketplace/Substance/Binaries/Win64/UE4Editor-SubstanceSource.dll (API version 3709383).
LogModuleManager: Display: Found up-to-date module file ../../../Engine/Plugins/Marketplace/Substance/Binaries/Win64/UE4Editor-SubstanceLiveLink.dll (API version 3709383).
LogModuleManager: Display: Found up-to-date module file ../../../Engine/Plugins/Marketplace/LowEntryExtStdLib/Binaries/Win64/UE4Editor-LowEntryExtendedStandardLibrary.dll (API version 3709383).
LogModuleManager: Display: Found up-to-date module file ../../../Engine/Plugins/Marketplace/LowEntryExtStdLib/Binaries/Win64/UE4Editor-LowEntryExtendedStandardLibraryEditor.dll (API version 3709383).
LogModuleManager: Display: Found up-to-date module file ../../../Engine/Plugins/Marketplace/GameSparks/Binaries/Win64/UE4Editor-GameSparks.dll (API version 3709383).
LogModuleManager: Display: Found up-to-date module file ../../../Engine/Plugins/Marketplace/GameSparks/Binaries/Win64/UE4Editor-OnlineSubsystemGameSparks.dll (API version 3709383).
LogModuleManager: Display: Found up-to-date module file ../../../Engine/Plugins/Online/OnlineSubsystem/Binaries/Win64/UE4Editor-OnlineSubsystem.dll (API version 3709383).
LogModuleManager: Display: Found up-to-date module file ../../../Engine/Plugins/Online/OnlineSubsystemUtils/Binaries/Win64/UE4Editor-OnlineSubsystemUtils.dll (API version 3709383).
LogModuleManager: Display: Found up-to-date module file ../../../Engine/Plugins/Online/OnlineSubsystemUtils/Binaries/Win64/UE4Editor-OnlineBlueprintSupport.dll (API version 3709383).
LogModuleManager: Display: Found up-to-date module file ../../../Engine/Plugins/Runtime/Nvidia/Ansel/Binaries/Win64/UE4Editor-Ansel.dll (API version 3709383).
LogModuleManager: Display: Found up-to-date module file ../../../Engine/Plugins/Online/OnlineSubsystemSteam/Binaries/Win64/UE4Editor-OnlineSubsystemSteam.dll (API version 3709383).
LogModuleManager: Display: Found up-to-date module file ../../../Engine/Plugins/Runtime/Steam/SteamController/Binaries/Win64/UE4Editor-SteamController.dll (API version 3709383).
LogModuleManager: Display: Found up-to-date module file ../../../Engine/Plugins/2D/Paper2D/Binaries/Win64/UE4Editor-Paper2D.dll (API version 3709383).
LogModuleManager: Display: Found up-to-date module file ../../../Engine/Plugins/2D/Paper2D/Binaries/Win64/UE4Editor-Paper2DEditor.dll (API version 3709383).
LogModuleManager: Display: Found up-to-date module file ../../../Engine/Plugins/2D/Paper2D/Binaries/Win64/UE4Editor-PaperSpriteSheetImporter.dll (API version 3709383).
LogModuleManager: Display: Found up-to-date module file ../../../Engine/Plugins/2D/Paper2D/Binaries/Win64/UE4Editor-PaperTiledImporter.dll (API version 3709383).
LogModuleManager: Display: Found up-to-date module file ../../../Engine/Plugins/2D/Paper2D/Binaries/Win64/UE4Editor-SmartSnapping.dll (API version 3709383).
LogModuleManager: Display: Found up-to-date module file ../../../Engine/Plugins/Blendables/LightPropagationVolume/Binaries/Win64/UE4Editor-LightPropagationVolumeRuntime.dll (API version 3709383).
LogModuleManager: Display: Found up-to-date module file ../../../Engine/Plugins/Blendables/LightPropagationVolume/Binaries/Win64/UE4Editor-LightPropagationVolumeEditor.dll (API version 3709383).
LogModuleManager: Display: Found up-to-date module file ../../../Engine/Plugins/Developer/GitSourceControl/Binaries/Win64/UE4Editor-GitSourceControl.dll (API version 3709383).
LogModuleManager: Display: Found up-to-date module file ../../../Engine/Plugins/Developer/PerforceSourceControl/Binaries/Win64/UE4Editor-PerforceSourceControl.dll (API version 3709383).
LogModuleManager: Display: Found up-to-date module file ../../../Engine/Plugins/Developer/SubversionSourceControl/Binaries/Win64/UE4Editor-SubversionSourceControl.dll (API version 3709383).
LogModuleManager: Display: Found up-to-date module file ../../../Engine/Plugins/Developer/UObjectPlugin/Binaries/Win64/UE4Editor-UObjectPlugin.dll (API version 3709383).
LogModuleManager: Display: Found up-to-date module file ../../../Engine/Plugins/Developer/VisualStudioCodeSourceCodeAccess/Binaries/Win64/UE4Editor-VisualStudioCodeSourceCodeAccess.dll (API version 3709383).
LogModuleManager: Display: Found up-to-date module file ../../../Engine/Plugins/Developer/VisualStudioSourceCodeAccess/Binaries/Win64/UE4Editor-VisualStudioSourceCodeAccess.dll (API version 3709383).
LogModuleManager: Display: Found up-to-date module file ../../../Engine/Plugins/Editor/AssetManagerEditor/Binaries/Win64/UE4Editor-AssetManagerEditor.dll (API version 3709383).
LogModuleManager: Display: Found up-to-date module file ../../../Engine/Plugins/Editor/AudioCapture/Binaries/Win64/UE4Editor-AudioCapture.dll (API version 3709383).
LogModuleManager: Display: Found up-to-date module file ../../../Engine/Plugins/Editor/FacialAnimation/Binaries/Win64/UE4Editor-FacialAnimation.dll (API version 3709383).
LogModuleManager: Display: Found up-to-date module file ../../../Engine/Plugins/Editor/FacialAnimation/Binaries/Win64/UE4Editor-FacialAnimationEditor.dll (API version 3709383).
LogModuleManager: Display: Found up-to-date module file ../../../Engine/Plugins/Editor/GameplayTagsEditor/Binaries/Win64/UE4Editor-GameplayTagsEditor.dll (API version 3709383).
LogModuleManager: Display: Found up-to-date module file ../../../Engine/Plugins/Editor/MobileLauncherProfileWizard/Binaries/Win64/UE4Editor-MobileLauncherProfileWizard.dll (API version 3709383).
LogModuleManager: Display: Found up-to-date module file ../../../Engine/Plugins/Editor/PluginBrowser/Binaries/Win64/UE4Editor-PluginBrowser.dll (API version 3709383).
LogModuleManager: Display: Found up-to-date module file ../../../Engine/Plugins/Editor/SpeedTreeImporter/Binaries/Win64/UE4Editor-SpeedTreeImporter.dll (API version 3709383).
LogModuleManager: Display: Found up-to-date module file ../../../Engine/Plugins/Experimental/AlembicImporter/Binaries/Win64/UE4Editor-AlembicImporter.dll (API version 3709383).
LogModuleManager: Display: Found up-to-date module file ../../../Engine/Plugins/Experimental/AlembicImporter/Binaries/Win64/UE4Editor-AlembicLibrary.dll (API version 3709383).
LogModuleManager: Display: Found up-to-date module file ../../../Engine/Plugins/Experimental/CharacterAI/Binaries/Win64/UE4Editor-CharacterAI.dll (API version 3709383).
LogModuleManager: Display: Found up-to-date module file ../../../Engine/Plugins/Experimental/HTML5Networking/Binaries/Win64/UE4Editor-HTML5Networking.dll (API version 3709383).
LogModuleManager: Display: Found up-to-date module file ../../../Engine/Plugins/Media/AndroidMedia/Binaries/Win64/UE4Editor-AndroidMediaEditor.dll (API version 3709383).
LogModuleManager: Display: Found up-to-date module file ../../../Engine/Plugins/Media/AndroidMedia/Binaries/Win64/UE4Editor-AndroidMediaFactory.dll (API version 3709383).
LogModuleManager: Display: Found up-to-date module file ../../../Engine/Plugins/Media/AvfMedia/Binaries/Win64/UE4Editor-AvfMediaEditor.dll (API version 3709383).
LogModuleManager: Display: Found up-to-date module file ../../../Engine/Plugins/Media/AvfMedia/Binaries/Win64/UE4Editor-AvfMediaFactory.dll (API version 3709383).
LogModuleManager: Display: Found up-to-date module file ../../../Engine/Plugins/Media/AvfMedia/Binaries/Win64/UE4Editor-AvfMediaFactory.dll (API version 3709383).
LogModuleManager: Display: Found up-to-date module file ../../../Engine/Plugins/Media/ImgMedia/Binaries/Win64/UE4Editor-ImgMedia.dll (API version 3709383).
LogModuleManager: Display: Found up-to-date module file ../../../Engine/Plugins/Media/ImgMedia/Binaries/Win64/UE4Editor-ImgMediaEditor.dll (API version 3709383).
LogModuleManager: Display: Found up-to-date module file ../../../Engine/Plugins/Media/ImgMedia/Binaries/Win64/UE4Editor-ImgMediaFactory.dll (API version 3709383).
LogModuleManager: Display: Found up-to-date module file ../../../Engine/Plugins/Media/ImgMedia/Binaries/Win64/UE4Editor-ImgMediaFactory.dll (API version 3709383).
LogModuleManager: Display: Found up-to-date module file ../../../Engine/Plugins/Media/ImgMedia/Binaries/Win64/UE4Editor-OpenExrWrapper.dll (API version 3709383).
LogModuleManager: Display: Found up-to-date module file ../../../Engine/Plugins/Media/MediaCompositing/Binaries/Win64/UE4Editor-MediaCompositing.dll (API version 3709383).
LogModuleManager: Display: Found up-to-date module file ../../../Engine/Plugins/Media/MediaCompositing/Binaries/Win64/UE4Editor-MediaCompositingEditor.dll (API version 3709383).
LogModuleManager: Display: Found up-to-date module file ../../../Engine/Plugins/Media/MediaPlayerEditor/Binaries/Win64/UE4Editor-MediaPlayerEditor.dll (API version 3709383).
LogModuleManager: Display: Found up-to-date module file ../../../Engine/Plugins/Media/WmfMedia/Binaries/Win64/UE4Editor-WmfMedia.dll (API version 3709383).
LogModuleManager: Display: Found up-to-date module file ../../../Engine/Plugins/Media/WmfMedia/Binaries/Win64/UE4Editor-WmfMediaEditor.dll (API version 3709383).
LogModuleManager: Display: Found up-to-date module file ../../../Engine/Plugins/Media/WmfMedia/Binaries/Win64/UE4Editor-WmfMediaFactory.dll (API version 3709383).
LogModuleManager: Display: Found up-to-date module file ../../../Engine/Plugins/Media/WmfMedia/Binaries/Win64/UE4Editor-WmfMediaFactory.dll (API version 3709383).
LogModuleManager: Display: Found up-to-date module file ../../../Engine/Plugins/Messaging/TcpMessaging/Binaries/Win64/UE4Editor-TcpMessaging.dll (API version 3709383).
LogModuleManager: Display: Found up-to-date module file ../../../Engine/Plugins/Messaging/UdpMessaging/Binaries/Win64/UE4Editor-UdpMessaging.dll (API version 3709383).
LogModuleManager: Display: Found up-to-date module file ../../../Engine/Plugins/MovieScene/ActorSequence/Binaries/Win64/UE4Editor-ActorSequence.dll (API version 3709383).
LogModuleManager: Display: Found up-to-date module file ../../../Engine/Plugins/MovieScene/LevelSequenceEditor/Binaries/Win64/UE4Editor-LevelSequenceEditor.dll (API version 3709383).
LogModuleManager: Display: Found up-to-date module file ../../../Engine/Plugins/MovieScene/MatineeToLevelSequence/Binaries/Win64/UE4Editor-MatineeToLevelSequence.dll (API version 3709383).
LogModuleManager: Display: Found up-to-date module file ../../../Engine/Plugins/Runtime/AndroidPermission/Binaries/Win64/UE4Editor-AndroidPermission.dll (API version 3709383).
LogModuleManager: Display: Found up-to-date module file ../../../Engine/Plugins/Online/OnlineSubsystemNull/Binaries/Win64/UE4Editor-OnlineSubsystemNull.dll (API version 3709383).
LogModuleManager: Display: Found up-to-date module file ../../../Engine/Plugins/Runtime/AndroidDeviceProfileSelector/Binaries/Win64/UE4Editor-AndroidDeviceProfileSelector.dll (API version 3709383).
LogModuleManager: Display: Found up-to-date module file ../../../Engine/Plugins/Runtime/AppleARKit/Binaries/Win64/UE4Editor-AppleARKit.dll (API version 3709383).
LogModuleManager: Display: Found up-to-date module file ../../../Engine/Plugins/Runtime/ArchVisCharacter/Binaries/Win64/UE4Editor-ArchVisCharacter.dll (API version 3709383).
LogModuleManager: Display: Found up-to-date module file ../../../Engine/Plugins/Runtime/CableComponent/Binaries/Win64/UE4Editor-CableComponent.dll (API version 3709383).
LogModuleManager: Display: Found up-to-date module file ../../../Engine/Plugins/Runtime/CustomMeshComponent/Binaries/Win64/UE4Editor-CustomMeshComponent.dll (API version 3709383).
LogModuleManager: Display: Found up-to-date module file ../../../Engine/Plugins/Runtime/ExampleDeviceProfileSelector/Binaries/Win64/UE4Editor-ExampleDeviceProfileSelector.dll (API version 3709383).
LogModuleManager: Display: Found up-to-date module file ../../../Engine/Plugins/Runtime/ImmediatePhysics/Binaries/Win64/UE4Editor-ImmediatePhysics.dll (API version 3709383).
LogModuleManager: Display: Found up-to-date module file ../../../Engine/Plugins/Runtime/ImmediatePhysics/Binaries/Win64/UE4Editor-ImmediatePhysicsEditor.dll (API version 3709383).
LogModuleManager: Display: Found up-to-date module file ../../../Engine/Plugins/Runtime/LocationServicesBPLibrary/Binaries/Win64/UE4Editor-LocationServicesBPLibrary.dll (API version 3709383).
LogModuleManager: Display: Found up-to-date module file ../../../Engine/Plugins/Runtime/MobilePatchingUtils/Binaries/Win64/UE4Editor-MobilePatchingUtils.dll (API version 3709383).
LogModuleManager: Display: Found up-to-date module file ../../../Engine/Plugins/Runtime/Oculus/OculusVR/Binaries/Win64/UE4Editor-OculusHMD.dll (API version 3709383).
LogModuleManager: Display: Found up-to-date module file ../../../Engine/Plugins/Runtime/Oculus/OculusVR/Binaries/Win64/UE4Editor-OculusInput.dll (API version 3709383).
LogModuleManager: Display: Found up-to-date module file ../../../Engine/Plugins/Runtime/Oculus/OculusVR/Binaries/Win64/UE4Editor-OculusEditor.dll (API version 3709383).
LogModuleManager: Display: Found up-to-date module file ../../../Engine/Plugins/Runtime/PhysXVehicles/Binaries/Win64/UE4Editor-PhysXVehicles.dll (API version 3709383).
LogModuleManager: Display: Found up-to-date module file ../../../Engine/Plugins/Runtime/PhysXVehicles/Binaries/Win64/UE4Editor-PhysXVehiclesEditor.dll (API version 3709383).
LogModuleManager: Display: Found up-to-date module file ../../../Engine/Plugins/Runtime/ProceduralMeshComponent/Binaries/Win64/UE4Editor-ProceduralMeshComponent.dll (API version 3709383).
LogModuleManager: Display: Found up-to-date module file ../../../Engine/Plugins/Runtime/ProceduralMeshComponent/Binaries/Win64/UE4Editor-ProceduralMeshComponentEditor.dll (API version 3709383).
LogModuleManager: Display: Found up-to-date module file ../../../Engine/Plugins/Runtime/RuntimePhysXCooking/Binaries/Win64/UE4Editor-RuntimePhysXCooking.dll (API version 3709383).
LogModuleManager: Display: Found up-to-date module file ../../../Engine/Plugins/Runtime/Steam/SteamVR/Binaries/Win64/UE4Editor-SteamVR.dll (API version 3709383).
LogModuleManager: Display: Found up-to-date module file ../../../Engine/Plugins/Runtime/Steam/SteamVR/Binaries/Win64/UE4Editor-SteamVRController.dll (API version 3709383).
LogModuleManager: Display: Found up-to-date module file ../../../Engine/Plugins/Runtime/WindowsMoviePlayer/Binaries/Win64/UE4Editor-WindowsMoviePlayer.dll (API version 3709383).
LogPluginManager: Mounting plugin Paper2D
LogPluginManager: Mounting plugin LightPropagationVolume
LogPluginManager: Mounting plugin CodeLiteSourceCodeAccess
LogPluginManager: Mounting plugin GitSourceControl
LogPluginManager: Mounting plugin KDevelopSourceCodeAccess
LogPluginManager: Mounting plugin NullSourceCodeAccess
LogPluginManager: Mounting plugin PerforceSourceControl
LogPluginManager: Mounting plugin SubversionSourceControl
LogPluginManager: Mounting plugin UObjectPlugin
LogPluginManager: Mounting plugin VisualStudioCodeSourceCodeAccess
LogPluginManager: Mounting plugin VisualStudioSourceCodeAccess
LogPluginManager: Mounting plugin XCodeSourceCodeAccess
LogPluginManager: Mounting plugin AssetManagerEditor
LogPluginManager: Mounting plugin AudioCapture
LogPluginManager: Mounting plugin FacialAnimation
LogPluginManager: Mounting plugin GameplayTagsEditor
LogPluginManager: Mounting plugin MobileLauncherProfileWizard
LogPluginManager: Mounting plugin PluginBrowser
LogPluginManager: Mounting plugin SpeedTreeImporter
LogPluginManager: Mounting plugin AlembicImporter
LogPluginManager: Mounting plugin CharacterAI
LogPluginManager: Mounting plugin HTML5Networking
LogPluginManager: Mounting plugin GameSparks
LogPluginManager: Mounting plugin LowEntryExtStdLib
LogPluginManager: Mounting plugin Substance
LogPluginManager: Mounting plugin AndroidMedia
LogPluginManager: Mounting plugin AvfMedia
LogPluginManager: Mounting plugin ImgMedia
LogPluginManager: Mounting plugin MediaCompositing
LogPluginManager: Mounting plugin MediaPlayerEditor
LogPluginManager: Mounting plugin WmfMedia
LogPluginManager: Mounting plugin TcpMessaging
LogPluginManager: Mounting plugin UdpMessaging
LogPluginManager: Mounting plugin ActorSequence
LogPluginManager: Mounting plugin LevelSequenceEditor
LogPluginManager: Mounting plugin MatineeToLevelSequence
LogPluginManager: Mounting plugin OnlineSubsystemGooglePlay
LogPluginManager: Mounting plugin OnlineSubsystemIOS
LogPluginManager: Mounting plugin OnlineSubsystem
LogPluginManager: Mounting plugin OnlineSubsystemNull
LogPluginManager: Mounting plugin OnlineSubsystemSteam
LogPluginManager: Mounting plugin OnlineSubsystemUtils
LogPluginManager: Mounting plugin AndroidDeviceProfileSelector
LogPluginManager: Mounting plugin AndroidMoviePlayer
LogPluginManager: Mounting plugin AndroidPermission
LogPluginManager: Mounting plugin AppleARKit
LogPluginManager: Mounting plugin AppleMoviePlayer
LogPluginManager: Mounting plugin ArchVisCharacter
LogPluginManager: Mounting plugin CableComponent
LogPluginManager: Mounting plugin CustomMeshComponent
LogPluginManager: Mounting plugin ExampleDeviceProfileSelector
LogPluginManager: Mounting plugin GoogleCloudMessaging
LogPluginManager: Mounting plugin ImmediatePhysics
LogPluginManager: Mounting plugin IOSDeviceProfileSelector
LogPluginManager: Mounting plugin LinuxDeviceProfileSelector
LogPluginManager: Mounting plugin LocationServicesBPLibrary
LogPluginManager: Mounting plugin MobilePatchingUtils
LogPluginManager: Mounting plugin Ansel
LogPluginManager: Mounting plugin OculusVR
LogPluginManager: Plugin shader directory ../../../Engine/Plugins/Runtime/Oculus/OculusVR/Shaders found
LogPluginManager: Mapping shader source directory ../../../Engine/Plugins/Runtime/Oculus/OculusVR/Shaders to virtual directory /Plugin/OculusVR
LogPluginManager: Mounting plugin PhysXVehicles
LogPluginManager: Mounting plugin ProceduralMeshComponent
LogPluginManager: Mounting plugin RuntimePhysXCooking
LogPluginManager: Mounting plugin SteamController
LogPluginManager: Mounting plugin SteamVR
LogPluginManager: Mounting plugin WindowsMoviePlayer
LogInit: Using libcurl 7.47.1
LogInit:  - built for x86_64-pc-win32
LogInit:  - supports SSL with OpenSSL/1.0.2g
LogInit:  - supports HTTP deflate (compression) using libz 1.2.8
LogInit:  - other features:
LogInit:      CURL_VERSION_SSL
LogInit:      CURL_VERSION_LIBZ
LogInit:      CURL_VERSION_IPV6
LogInit:      CURL_VERSION_ASYNCHDNS
LogInit:      CURL_VERSION_LARGEFILE
LogInit:      CURL_VERSION_IDN
LogInit:  CurlRequestOptions (configurable via config and command line):
LogInit:  - bVerifyPeer = false  - Libcurl will NOT verify peer certificate
LogInit:  - bUseHttpProxy = false  - Libcurl will NOT use HTTP proxy
LogInit:  - bDontReuseConnections = false  - Libcurl will reuse connections
LogInit:  - CertBundlePath = nullptr  - Libcurl will use whatever was configured at build time.
LogInit: WinSock: version 1.1 (2.2), MaxSocks=32767, MaxUdp=65467
LogInit: Build: ++UE4+Release-4.18-CL-3794801
LogInit: Engine Version: 4.18.2-3794801+++UE4+Release-4.18
LogInit: Compatible Engine Version: 4.18.0-3709383+++UE4+Release-4.18
LogInit: Net CL: 3709383
LogDevObjectVersion: Number of dev versions registered: 16
LogDevObjectVersion:   Dev-Blueprints (B0D832E4-1F89-4F0D-ACCF-7EB736FD4AA2): 10
LogDevObjectVersion:   Dev-Build (E1C64328-A22C-4D53-A36C-8E866417BD8C): 0
LogDevObjectVersion:   Dev-Core (375EC13C-06E4-48FB-B500-84F0262A717E): 2
LogDevObjectVersion:   Dev-Editor (E4B068ED-F494-42E9-A231-DA0B2E46BB41): 20
LogDevObjectVersion:   Dev-Framework (CFFC743F-43B0-4480-9391-14DF171D2073): 30
LogDevObjectVersion:   Dev-Mobile (B02B49B5-BB20-44E9-A304-32B752E40360): 0
LogDevObjectVersion:   Dev-Networking (A4E4105C-59A1-49B5-A7C5-40C4547EDFEE): 0
LogDevObjectVersion:   Dev-Online (39C831C9-5AE6-47DC-9A44-9C173E1C8E7C): 0
LogDevObjectVersion:   Dev-Physics (78F01B33-EBEA-4F98-B9B4-84EACCB95AA2): 0
LogDevObjectVersion:   Dev-Platform (6631380F-2D4D-43E0-8009-CF276956A95A): 0
LogDevObjectVersion:   Dev-Rendering (12F88B9F-8875-4AFC-A67C-D90C383ABD29): 20
LogDevObjectVersion:   Dev-Sequencer (7B5AE74C-D270-4C10-A958-57980B212A5A): 4
LogDevObjectVersion:   Dev-VR (D7296918-1DD6-4BDD-9DE2-64A83CC13884): 0
LogDevObjectVersion:   Dev-LoadTimes (C2A15278-BFE7-4AFE-6C17-90FF531DF755): 1
LogDevObjectVersion:   Private-Geometry (6EACA3D4-40EC-4CC1-B786-8BED09428FC5): 1
LogDevObjectVersion:   Dev-AnimPhys (29E575DD-E0A3-4627-9D10-D276232CDCEA): 12
LogInit: Compiled (64-bit): Dec  8 2017 02:04:53
LogInit: Compiled with Visual C++: 19.00.24215.01
LogInit: Build Configuration: Development
LogInit: Branch Name: ++UE4+Release-4.18
LogInit: Command line:  
LogInit: Base directory: C:/Program Files/Epic Games/UE_4.18/Engine/Binaries/Win64/
LogInit: Installed Engine Build: 1
LogInit: Presizing for max 8388607 objects, including 0 objects not considered by GC, pre-allocating 0 bytes for permanent pool.
LogInit: Object subsystem initialized
[2018.01.06-07.42.00:668][  0]LogInit: Selected Device Profile: [Windows]
[2018.01.06-07.42.00:668][  0]LogInit: Applying CVar settings loaded from the selected device profile: [Windows]
[2018.01.06-07.42.00:682][  0]LogInit: Computer: DESKTOP-PMMNAAF
[2018.01.06-07.42.00:682][  0]LogInit: User: Nugget
[2018.01.06-07.42.00:682][  0]LogInit: CPU Page size=4096, Cores=4
[2018.01.06-07.42.00:682][  0]LogInit: High frequency timer resolution =3.330091 MHz
[2018.01.06-07.42.00:682][  0]LogMemory: Memory total: Physical=16.0GB (16GB approx)
[2018.01.06-07.42.00:682][  0]LogMemory: Platform Memory Stats for Windows
[2018.01.06-07.42.00:682][  0]LogMemory: Process Physical Memory: 276.84 MB used, 276.84 MB peak
[2018.01.06-07.42.00:682][  0]LogMemory: Process Virtual Memory: 272.32 MB used, 272.32 MB peak
[2018.01.06-07.42.00:682][  0]LogMemory: Physical Memory: 5510.20 MB used,  10857.04 MB free, 16367.24 MB total
[2018.01.06-07.42.00:682][  0]LogMemory: Virtual Memory: 673.98 MB used,  10857.04 MB free, 134217728.00 MB total
[2018.01.06-07.42.00:891][  0]LogInit: Using OS detected language (en-US).
[2018.01.06-07.42.00:891][  0]LogInit: Using OS detected locale (en-US).
[2018.01.06-07.42.00:895][  0]LogTextLocalizationManager: No specific localization for 'en-US' exists, so the 'en' localization will be used.
[2018.01.06-07.42.01:297][  0]LogInit: Setting process to per monitor DPI aware
[2018.01.06-07.42.01:612][  0]LogD3D11RHI: D3D11 adapters:
[2018.01.06-07.42.01:653][  0]LogD3D11RHI:    0. 'NVIDIA GeForce GTX 1050' (Feature Level 11_0)
[2018.01.06-07.42.01:653][  0]LogD3D11RHI:       1987/0/8183 MB DedicatedVideo/DedicatedSystem/SharedSystem, Outputs:2, VendorId:0x10de
[2018.01.06-07.42.01:656][  0]LogD3D11RHI:    1. 'Microsoft Basic Render Driver' (Feature Level 11_0)
[2018.01.06-07.42.01:656][  0]LogD3D11RHI:       0/0/8183 MB DedicatedVideo/DedicatedSystem/SharedSystem, Outputs:0, VendorId:0x1414
[2018.01.06-07.42.01:656][  0]LogD3D11RHI: Chosen D3D11 Adapter: 0
[2018.01.06-07.42.01:664][  0]LogD3D11RHI: Creating new Direct3DDevice
[2018.01.06-07.42.01:664][  0]LogD3D11RHI:     GPU DeviceId: 0x1c81 (for the marketing name, search the web for "GPU Device Id")
[2018.01.06-07.42.01:664][  0]LogWindows: EnumDisplayDevices:
[2018.01.06-07.42.01:664][  0]LogWindows:    0. 'NVIDIA GeForce GTX 1050' (P:1 D:1)
[2018.01.06-07.42.01:664][  0]LogWindows:    1. 'NVIDIA GeForce GTX 1050' (P:0 D:1)
[2018.01.06-07.42.01:665][  0]LogWindows:    2. 'NVIDIA GeForce GTX 1050' (P:0 D:0)
[2018.01.06-07.42.01:665][  0]LogWindows:    3. 'NVIDIA GeForce GTX 1050' (P:0 D:0)
[2018.01.06-07.42.01:665][  0]LogWindows: DebugString: GetVideoDriverDetailsInvalid PrimaryIsNotTheChoosenAdapter GetVideoDriverDetailsInvalid PrimaryIsNotTheChoosenAdapter GetVideoDriverDetailsInvalid PrimaryIsNotTheChoosenAdapter GetVideoDriverDetailsInvalid PrimaryIsNotTheChoosenAdapter FoundDriverCount:0 
[2018.01.06-07.42.01:665][  0]LogD3D11RHI:     Adapter Name: NVIDIA GeForce GTX 1050
[2018.01.06-07.42.01:665][  0]LogD3D11RHI:   Driver Version: Unknown (internal:Unknown, unified:Unknown)
[2018.01.06-07.42.01:665][  0]LogD3D11RHI:      Driver Date: Unknown
[2018.01.06-07.42.01:665][  0]LogRHI: Texture pool is 1391 MB (70% of 1987 MB)
[2018.01.06-07.42.01:692][  0]LogD3D11RHI: Async texture creation enabled
[2018.01.06-07.42.01:710][  0]LogD3D11RHI: GPU Timing Frequency: 1000.000000 (Debug: 2 1)
[2018.01.06-07.42.01:759][  0]LogShaderCompilers: Guid format shader working directory is -27 characters bigger than the processId version (../../../../../../Users/Nugget/Documents/Unreal Projects/My_Nuggets_Menus/Intermediate/Shaders/WorkingDirectory/30936/).
[2018.01.06-07.42.01:760][  0]LogShaderCompilers: Cleaned the shader compiler working directory 'C:/Users/Nugget/AppData/Local/Temp/UnrealShaderWorkingDir/11B81FBE4D0D191303EF85BC0F5B22A5/'.
[2018.01.06-07.42.01:760][  0]LogShaderCompilers: Display: Using Local Shader Compiler.
[2018.01.06-07.42.02:770][  0]LogTemp: Display: Loaded TP AllDesktopTargetPlatform
[2018.01.06-07.42.02:839][  0]LogTemp: Display: Loaded TP MacClientTargetPlatform
[2018.01.06-07.42.02:909][  0]LogTemp: Display: Loaded TP MacNoEditorTargetPlatform
[2018.01.06-07.42.02:979][  0]LogTemp: Display: Loaded TP MacServerTargetPlatform
[2018.01.06-07.42.03:048][  0]LogTemp: Display: Loaded TP MacTargetPlatform
[2018.01.06-07.42.03:118][  0]LogTemp: Display: Loaded TP WindowsClientTargetPlatform
[2018.01.06-07.42.03:187][  0]LogTemp: Display: Loaded TP WindowsNoEditorTargetPlatform
[2018.01.06-07.42.03:256][  0]LogTemp: Display: Loaded TP WindowsServerTargetPlatform
[2018.01.06-07.42.03:318][  0]LogTemp: Display: Loaded TP WindowsTargetPlatform
[2018.01.06-07.42.03:386][  0]LogTemp: Display: Loaded TP Android_ASTCTargetPlatform
[2018.01.06-07.42.03:454][  0]LogTemp: Display: Loaded TP Android_ATCTargetPlatform
[2018.01.06-07.42.03:521][  0]LogTemp: Display: Loaded TP Android_DXTTargetPlatform
[2018.01.06-07.42.03:589][  0]LogTemp: Display: Loaded TP Android_ETC1TargetPlatform
[2018.01.06-07.42.03:657][  0]LogTemp: Display: Loaded TP Android_ETC2TargetPlatform
[2018.01.06-07.42.03:792][  0]LogTemp: Display: Loaded TP Android_MultiTargetPlatform
[2018.01.06-07.42.03:792][  0]LogTemp: Display: Loaded TP Android_PVRTCTargetPlatform
[2018.01.06-07.42.03:859][  0]LogTemp: Display: Loaded TP AndroidTargetPlatform
[2018.01.06-07.42.03:915][  0]LogTemp: Display: Loaded TP HTML5TargetPlatform
[2018.01.06-07.42.04:030][  0]LogTemp: Display: Loaded TP IOSTargetPlatform
[2018.01.06-07.42.04:063][  0]LogTemp: Display: Loaded TP TVOSTargetPlatform
[2018.01.06-07.42.04:131][  0]LogTemp: Display: Loaded TP LinuxClientTargetPlatform
[2018.01.06-07.42.04:201][  0]LogTemp: Display: Loaded TP LinuxNoEditorTargetPlatform
[2018.01.06-07.42.04:270][  0]LogTemp: Display: Loaded TP LinuxServerTargetPlatform
[2018.01.06-07.42.04:341][  0]LogTemp: Display: Loaded TP LinuxTargetPlatform
[2018.01.06-07.42.04:341][  0]LogTargetPlatformManager: Display: Building Assets For Windows
[2018.01.06-07.42.04:988][  0]LogDerivedDataCache: Display: Max Cache Size: 512 MB
[2018.01.06-07.42.05:067][  0]LogDerivedDataCache: Loaded boot cache 0.08s 78MB C:/Users/Nugget/AppData/Local/UnrealEngine/4.18/DerivedDataCache/Boot.ddc.
[2018.01.06-07.42.05:067][  0]LogDerivedDataCache: Display: Loaded Boot cache: C:/Users/Nugget/AppData/Local/UnrealEngine/4.18/DerivedDataCache/Boot.ddc
[2018.01.06-07.42.05:067][  0]LogDerivedDataCache: FDerivedDataBackendGraph:  Pak pak cache file ../../../../../../Users/Nugget/Documents/Unreal Projects/My_Nuggets_Menus/DerivedDataCache/DDC.ddp not found, will not use a pak cache.
[2018.01.06-07.42.05:067][  0]LogDerivedDataCache: Unable to find inner node Pak for hierarchical cache Hierarchy.
[2018.01.06-07.42.05:067][  0]LogDerivedDataCache: FDerivedDataBackendGraph:  CompressedPak pak cache file ../../../../../../Users/Nugget/Documents/Unreal Projects/My_Nuggets_Menus/DerivedDataCache/Compressed.ddp not found, will not use a pak cache.
[2018.01.06-07.42.05:067][  0]LogDerivedDataCache: Unable to find inner node CompressedPak for hierarchical cache Hierarchy.
[2018.01.06-07.42.05:082][  0]LogDerivedDataCache: Display: Pak cache opened for reading ../../../Engine/DerivedDataCache/Compressed.ddp.
[2018.01.06-07.42.05:096][  0]LogDerivedDataCache: Using Local data cache path C:/Users/Nugget/AppData/Local/UnrealEngine/Common/DerivedDataCache: Writable
[2018.01.06-07.42.05:106][  0]LogMaterial: Verifying Global Shaders for PCD3D_SM5
[2018.01.06-07.42.05:106][  0]LogSlate: Using Freetype 2.6.0
[2018.01.06-07.42.05:107][  0]LogSlate: SlateFontCache - WITH_FREETYPE: 1, WITH_HARFBUZZ: 1
[2018.01.06-07.42.05:107][  0]LogSlate: SlateFontCache - WITH_FREETYPE: 1, WITH_HARFBUZZ: 1
[2018.01.06-07.42.05:553][  0]LogInit: Selected Device Profile: [Windows]
[2018.01.06-07.42.05:992][  0]LogSimplygon: Simplygon DLL not present - disabling.
[2018.01.06-07.42.06:053][  0]LogMeshReduction: Using SimplygonSwarm for distributed automatic mesh merging
[2018.01.06-07.42.06:053][  0]LogMeshReduction: Using QuadricMeshReduction for automatic static mesh reduction
[2018.01.06-07.42.06:053][  0]LogMeshReduction: No automatic skeletal mesh reduction module available
[2018.01.06-07.42.06:053][  0]LogMeshReduction: No automatic mesh merging module available
[2018.01.06-07.42.06:053][  0]LogMeshMerging: No automatic mesh merging module available
[2018.01.06-07.42.06:096][  0]LogNetVersion: My_Nuggets_Menus , NetCL: 3709383, EngineNetVer: 2, GameNetVer: 0 (Checksum: 1586398250)
[2018.01.06-07.42.06:300][  0]LogAssetRegistry: FAssetRegistry took 0.0266 seconds to start up
[2018.01.06-07.42.06:973][  0]LogPackageLocalizationCache: Processed 9 localized package path(s) for 2 prioritized culture(s) in 0.134325 seconds
[2018.01.06-07.42.06:980][  0]LogUObjectArray: 35901 objects as part of root set at end of initial load.
[2018.01.06-07.42.06:980][  0]LogUObjectAllocator: 7372248 out of 0 bytes used by permanent object pool.
[2018.01.06-07.42.06:980][  0]LogUObjectArray: CloseDisregardForGC: 0/0 objects in disregard for GC pool
[2018.01.06-07.42.10:848][  0]UGameSparksModuleLog: Warning: GameSparks::StartupModule
[2018.01.06-07.42.11:424][  0]LogSubstanceCoreModule: Substance [CPU] Engine Loaded, Max Texture Size = 2048
[2018.01.06-07.42.11:472][  0]LogTcpMessaging: Initializing TcpMessaging bridge
[2018.01.06-07.42.11:528][  0]LogUdpMessaging: Initializing bridge on interface 0.0.0.0:0 to multicast group 230.0.0.1:6666.
[2018.01.06-07.42.12:586][  0]LogMaterial: Uniform references updated for custom material expression Custom.
[2018.01.06-07.42.13:173][  0]SourceControl: Source control is disabled
[2018.01.06-07.42.13:173][  0]SourceControl: Source control is disabled
[2018.01.06-07.42.13:252][  0]SourceControl: Source control is disabled
[2018.01.06-07.42.13:329][  0]SourceControl: Source control is disabled
[2018.01.06-07.42.14:649][  0]LogOnline: Display: STEAM: Loading Steam SDK 1.39
[2018.01.06-07.42.14:732][  0]LogAndroidPermission: UAndroidPermissionCallbackProxy::GetInstance
[2018.01.06-07.42.15:132][  0]LogAnsel: Tried to load ../../../Engine/Plugins/Runtime/Nvidia/Ansel/Binaries/ThirdParty/AnselSDK64.dll : success=1
[2018.01.06-07.42.15:234][  0]LogOcInput: OculusInput pre-init called
[2018.01.06-07.42.16:031][  0]LogEngine: Initializing Engine...
[2018.01.06-07.42.16:034][  0]LogHMD: Failed to initialize OpenVR with code 110
[2018.01.06-07.42.16:295][  0]LogStats: UGameplayTagsManager::ConstructGameplayTagTree: Construct from data asset -  0.000 s
[2018.01.06-07.42.16:295][  0]LogStats: UGameplayTagsManager::ConstructGameplayTagTree: GameplayTagTreeChangedEvent.Broadcast -  0.000 s
[2018.01.06-07.42.16:476][  0]LogAIModule: Creating AISystem for world Untitled
[2018.01.06-07.42.16:498][  0]LogInit: XAudio2 using 'Speakers (High Definition Audio Device)' : 2 channels at 44.1 kHz using 16 bits per sample (channel mask 0x3)
[2018.01.06-07.42.16:527][  0]LogInit: FAudioDevice initialized.
[2018.01.06-07.42.16:625][  0]LogDerivedDataCache: Saved boot cache 0.10s 78MB C:/Users/Nugget/AppData/Local/UnrealEngine/4.18/DerivedDataCache/Boot.ddc.
[2018.01.06-07.42.16:648][  0]LogInit: Texture streaming: Enabled
[2018.01.06-07.42.16:783][  0]LogEngineSessionManager: EngineSessionManager initialized
[2018.01.06-07.42.16:966][  0]LogInit: Transaction tracking system initialized
[2018.01.06-07.42.17:408][  0]BlueprintLog: New page: Editor Load
[2018.01.06-07.42.18:679][  0]LocalizationService: Localization service is disabled
[2018.01.06-07.42.19:444][  0]LogLinker: Warning: Can't find file '/Game/ThirdPersonBP/ThirdPersonOverview'
[2018.01.06-07.42.19:444][  0]LogLinker: Warning: Can't find file '/Game/ThirdPersonBP/ThirdPersonOverview'
[2018.01.06-07.42.19:444][  0]LogUObjectGlobals: Warning: Failed to find object 'Class /Game/ThirdPersonBP/ThirdPersonOverview.ThirdPersonOverview_C'
[2018.01.06-07.42.19:748][  0]LogConsoleResponse: Display: 
[2018.01.06-07.42.19:949][  0]LogCook: Display: Max memory allowance for cook 16384mb min free memory 0mb
[2018.01.06-07.42.19:949][  0]LogCook: Display: Mobile HDR setting 1
[2018.01.06-07.42.19:950][  0]LogGameplayTags: Display: UGameplayTagsManager::DoneAddingNativeTags. DelegateIsBound: 0
[2018.01.06-07.42.20:940][  0]LogFileCache: Scanning file cache for directory 'C:/Users/Nugget/Documents/Unreal Projects/My_Nuggets_Menus/Content/' took 0.01s
[2018.01.06-07.42.21:702][  0]SourceControl: Source control is disabled
[2018.01.06-07.42.21:703][  0]Cmd: MAP LOAD FILE="../../../../../../Users/Nugget/Documents/Unreal Projects/My_Nuggets_Menus/Content/Maps/MainMenuMap.umap" TEMPLATE=0 SHOWPROGRESS=1 FEATURELEVEL=3
[2018.01.06-07.42.21:703][  0]LightingResults: New page: Lighting Build
[2018.01.06-07.42.21:764][  0]MapCheck: New page: Map Check
[2018.01.06-07.42.21:764][  0]LightingResults: New page: Lighting Build
[2018.01.06-07.42.22:165][  0]LogAIModule: Creating AISystem for world MainMenuMap
[2018.01.06-07.42.22:166][  0]LogEditorServer: Finished looking for orphan Actors (0.000 secs)
[2018.01.06-07.42.22:177][  0]Cmd: MAP CHECKDEP NOCLEARLOG
[2018.01.06-07.42.22:263][  0]MapCheck: Map check complete: 0 Error(s), 0 Warning(s), took 85.131ms to complete.
[2018.01.06-07.42.22:263][  0]LogFileHelpers: Loading map 'MainMenuMap' took 0.560
[2018.01.06-07.42.22:456][  0]LogCollectionManager: Loaded 0 collections in 0.001982 seconds
[2018.01.06-07.42.22:558][  0]LogFileCache: Scanning file cache for directory 'C:/Users/Nugget/Documents/Unreal Projects/My_Nuggets_Menus/Saved/Collections/' took 0.01s
[2018.01.06-07.42.22:558][  0]LogFileCache: Scanning file cache for directory 'C:/Users/Nugget/Documents/Unreal Projects/My_Nuggets_Menus/Content/Developers/Nugget/Collections/' took 0.01s
[2018.01.06-07.42.22:558][  0]LogFileCache: Scanning file cache for directory 'C:/Users/Nugget/Documents/Unreal Projects/My_Nuggets_Menus/Content/Collections/' took 0.01s
[2018.01.06-07.42.22:558][  0]LogCollectionManager: Rebuilt the GUID cache for 0 collections in 0.000000 seconds
[2018.01.06-07.42.22:568][  0]LogContentBrowser: Native class hierarchy populated in 0.0092 seconds. Added 2503 classes and 541 folders.
[2018.01.06-07.42.22:662][  0]LogContentBrowser: Native class hierarchy updated for 'WidgetCarousel' in 0.0002 seconds. Added 0 classes and 0 folders.
[2018.01.06-07.42.22:722][  0]LogContentBrowser: Native class hierarchy updated for 'AddContentDialog' in 0.0002 seconds. Added 0 classes and 0 folders.
[2018.01.06-07.42.22:785][  0]LogContentBrowser: Native class hierarchy updated for 'SceneOutliner' in 0.0003 seconds. Added 1 classes and 2 folders.
[2018.01.06-07.42.22:851][  0]LogSlate: Took 0.000288 seconds to synchronously load lazily loaded font '../../../Engine/Content/Slate/Fonts/Roboto-Regular.ttf' (155K)
[2018.01.06-07.42.22:853][  0]LogSlate: Took 0.000345 seconds to synchronously load lazily loaded font '../../../Engine/Content/Slate/Fonts/Roboto-Bold.ttf' (160K)
[2018.01.06-07.42.22:860][  0]LogSlate: Took 0.000324 seconds to synchronously load lazily loaded font '../../../Engine/Content/Editor/Slate/Fonts/FontAwesome.ttf' (139K)
[2018.01.06-07.42.22:967][  0]LogRenderer: Reallocating scene render targets to support 1172x644 Format 9 NumSamples 1 (Frame:1).
[2018.01.06-07.42.23:143][  0]LogContentBrowser: Native class hierarchy updated for 'HierarchicalLODOutliner' in 0.0004 seconds. Added 1 classes and 2 folders.
[2018.01.06-07.42.23:143][  0]LogLoad: (Engine Initialization) Total time: 26.16 seconds
[2018.01.06-07.42.23:143][  0]LogLoad: (Engine Initialization) Total Blueprint compile time: 0.00 seconds
[2018.01.06-07.42.23:144][  0]LogExternalProfiler: No external profilers were discovered.  External profiling features will not be available.
[2018.01.06-07.42.23:486][  0]LogSteamController: SteamController is not available
[2018.01.06-07.42.23:503][  0]LogContentStreaming: Texture pool size now 800 MB
[2018.01.06-07.42.23:588][  1]LogSubstanceLiveLink: Warning: Unable to send data along socket, closing connection
[2018.01.06-07.42.24:181][  2]LogSlate: Took 0.000223 seconds to synchronously load lazily loaded font '../../../Engine/Content/Slate/Fonts/Roboto-Light.ttf' (159K)
[2018.01.06-07.42.24:500][  3]LogAssetRegistry: Asset discovery search completed in 18.2222 seconds
[2018.01.06-07.42.24:504][  3]LogCollectionManager: Rebuilt the object cache for 0 collections in 0.000001 seconds (found 0 objects)
[2018.01.06-07.42.24:504][  3]LogCollectionManager: Fixed up redirectors for 0 collections in 0.000120 seconds (updated 0 objects)
[2018.01.06-07.42.53:146][ 89]LogTemp: Repeating last play command: Standalone Game
[2018.01.06-07.54.22:418][ 81]Cmd: QUIT_EDITOR
[2018.01.06-07.54.22:437][ 81]LogWindowsTextInputMethodSystem: Display: IME system now deactivated.
[2018.01.06-07.54.22:454][ 81]LogExit: Preparing to exit.
[2018.01.06-07.54.22:820][ 81]LogDirectoryWatcher: A directory notification for 'C:/Users/Nugget/Documents/Unreal Projects/My_Nuggets_Menus/Content/' was aborted.
[2018.01.06-07.54.22:843][ 81]LogExit: Editor shut down
[2018.01.06-07.54.22:849][ 81]LogExit: Transaction tracking system shut down
[2018.01.06-07.54.22:906][ 81]LogDirectoryWatcher: A directory notification for '../../../Engine/Content/' was aborted.
[2018.01.06-07.54.22:906][ 81]LogDirectoryWatcher: A directory notification for '../../../../../../Users/Nugget/Documents/Unreal Projects/My_Nuggets_Menus/Content/' was aborted.
[2018.01.06-07.54.22:906][ 81]LogDirectoryWatcher: A directory notification for '../../../Engine/Plugins/2D/Paper2D/Content/' was aborted.
[2018.01.06-07.54.22:906][ 81]LogDirectoryWatcher: A directory notification for '../../../Engine/Plugins/Marketplace/GameSparks/Content/' was aborted.
[2018.01.06-07.54.22:906][ 81]LogDirectoryWatcher: A directory notification for '../../../Engine/Plugins/Marketplace/LowEntryExtStdLib/Content/' was aborted.
[2018.01.06-07.54.22:906][ 81]LogDirectoryWatcher: A directory notification for '../../../Engine/Plugins/Media/MediaCompositing/Content/' was aborted.
[2018.01.06-07.54.22:906][ 81]LogDirectoryWatcher: A directory notification for '../../../Engine/Plugins/Runtime/AppleARKit/Content/' was aborted.
[2018.01.06-07.54.22:906][ 81]LogDirectoryWatcher: A directory notification for '../../../Engine/Plugins/Runtime/Oculus/OculusVR/Content/' was aborted.
[2018.01.06-07.54.22:906][ 81]LogDirectoryWatcher: A directory notification for '../../../Engine/Plugins/Runtime/Steam/SteamVR/Content/' was aborted.
[2018.01.06-07.54.22:974][ 81]LogExit: Object subsystem successfully closed.
[2018.01.06-07.54.22:995][ 81]LogD3D11RHI: Shutdown
[2018.01.06-07.54.22:995][ 81]LogD3D11RHI: CleanupD3DDevice
[2018.01.06-07.54.22:996][ 81]LogD3D11RHI: ~FD3D11DynamicRHI
[2018.01.06-07.54.23:031][ 81]LogModuleManager: Shutting down and abandoning module HierarchicalLODOutliner (570)
[2018.01.06-07.54.23:031][ 81]LogModuleManager: Shutting down and abandoning module SceneOutliner (568)
[2018.01.06-07.54.23:031][ 81]LogModuleManager: Shutting down and abandoning module AddContentDialog (566)
[2018.01.06-07.54.23:031][ 81]LogDirectoryWatcher: A directory notification for 'C:/Program Files/Epic Games/UE_4.18/FeaturePacks/' was aborted.
[2018.01.06-07.54.23:032][ 81]LogModuleManager: Shutting down and abandoning module WidgetCarousel (565)
[2018.01.06-07.54.23:032][ 81]LogModuleManager: Shutting down and abandoning module EditorWidgets (562)
[2018.01.06-07.54.23:032][ 81]LogModuleManager: Shutting down and abandoning module CollectionManager (560)
[2018.01.06-07.54.23:032][ 81]LogDirectoryWatcher: A directory notification for 'C:/Users/Nugget/Documents/Unreal Projects/My_Nuggets_Menus/Content/Collections/' was aborted.
[2018.01.06-07.54.23:032][ 81]LogDirectoryWatcher: A directory notification for 'C:/Users/Nugget/Documents/Unreal Projects/My_Nuggets_Menus/Content/Developers/Nugget/Collections/' was aborted.
[2018.01.06-07.54.23:032][ 81]LogDirectoryWatcher: A directory notification for 'C:/Users/Nugget/Documents/Unreal Projects/My_Nuggets_Menus/Saved/Collections/' was aborted.
[2018.01.06-07.54.23:032][ 81]LogModuleManager: Shutting down and abandoning module StatsViewer (558)
[2018.01.06-07.54.23:033][ 81]LogModuleManager: Shutting down and abandoning module FoliageEdit (556)
[2018.01.06-07.54.23:033][ 81]LogModuleManager: Shutting down and abandoning module LandscapeEditor (554)
[2018.01.06-07.54.23:033][ 81]LogModuleManager: Shutting down and abandoning module MeshPaintMode (552)
[2018.01.06-07.54.23:033][ 81]LogModuleManager: Shutting down and abandoning module SceneDepthPickerMode (550)
[2018.01.06-07.54.23:033][ 81]LogModuleManager: Shutting down and abandoning module ActorPickerMode (548)
[2018.01.06-07.54.23:033][ 81]LogModuleManager: Shutting down and abandoning module GeometryMode (546)
[2018.01.06-07.54.23:033][ 81]LogModuleManager: Shutting down and abandoning module TextureAlignMode (544)
[2018.01.06-07.54.23:033][ 81]LogModuleManager: Shutting down and abandoning module BspMode (542)
[2018.01.06-07.54.23:033][ 81]LogModuleManager: Shutting down and abandoning module PIEPreviewDeviceProfileSelector (540)
[2018.01.06-07.54.23:033][ 81]LogModuleManager: Shutting down and abandoning module HardwareSurvey (538)
[2018.01.06-07.54.23:033][ 81]LogModuleManager: Shutting down and abandoning module SequenceRecorderSections (536)
[2018.01.06-07.54.23:033][ 81]LogModuleManager: Shutting down and abandoning module AutomationWorker (534)
[2018.01.06-07.54.23:033][ 81]LogModuleManager: Shutting down and abandoning module MatineeToLevelSequence (532)
[2018.01.06-07.54.23:033][ 81]LogModuleManager: Shutting down and abandoning module LevelSequenceEditor (530)
[2018.01.06-07.54.23:033][ 81]LogModuleManager: Shutting down and abandoning module PlacementMode (529)
[2018.01.06-07.54.23:033][ 81]LogModuleManager: Shutting down and abandoning module WmfMediaFactory (526)
[2018.01.06-07.54.23:033][ 81]LogModuleManager: Shutting down and abandoning module WmfMediaEditor (524)
[2018.01.06-07.54.23:033][ 81]LogModuleManager: Shutting down and abandoning module OpenExrWrapper (522)
[2018.01.06-07.54.23:033][ 81]LogModuleManager: Shutting down and abandoning module ImgMediaFactory (520)
[2018.01.06-07.54.23:033][ 81]LogModuleManager: Shutting down and abandoning module ImgMediaEditor (518)
[2018.01.06-07.54.23:033][ 81]LogModuleManager: Shutting down and abandoning module AvfMediaFactory (516)
[2018.01.06-07.54.23:033][ 81]LogModuleManager: Shutting down and abandoning module AvfMediaEditor (514)
[2018.01.06-07.54.23:033][ 81]LogModuleManager: Shutting down and abandoning module AndroidMediaFactory (512)
[2018.01.06-07.54.23:034][ 81]LogModuleManager: Shutting down and abandoning module AndroidMediaEditor (510)
[2018.01.06-07.54.23:034][ 81]LogModuleManager: Shutting down and abandoning module CharacterAI (508)
[2018.01.06-07.54.23:034][ 81]LogModuleManager: Shutting down and abandoning module AudioCapture (506)
[2018.01.06-07.54.23:034][ 81]LogModuleManager: Shutting down and abandoning module SequenceRecorder (505)
[2018.01.06-07.54.23:034][ 81]LogModuleManager: Shutting down and abandoning module SmartSnapping (502)
[2018.01.06-07.54.23:034][ 81]LogModuleManager: Shutting down and abandoning module SessionServices (500)
[2018.01.06-07.54.23:034][ 81]LogModuleManager: Shutting down and abandoning module ViewportSnapping (498)
[2018.01.06-07.54.23:034][ 81]LogModuleManager: Shutting down and abandoning module ViewportInteraction (496)
[2018.01.06-07.54.23:034][ 81]LogModuleManager: Shutting down and abandoning module ClothPainter (494)
[2018.01.06-07.54.23:034][ 81]LogModuleManager: Shutting down and abandoning module SkeletalMeshEditor (493)
[2018.01.06-07.54.23:034][ 81]LogModuleManager: Shutting down and abandoning module LogVisualizer (490)
[2018.01.06-07.54.23:034][ 81]LogModuleManager: Shutting down and abandoning module IntroTutorials (488)
[2018.01.06-07.54.23:034][ 81]LogModuleManager: Shutting down and abandoning module GameProjectGeneration (487)
[2018.01.06-07.54.23:034][ 81]LogModuleManager: Shutting down and abandoning module IOSPlatformEditor (484)
[2018.01.06-07.54.23:034][ 81]LogModuleManager: Shutting down and abandoning module HTML5PlatformEditor (482)
[2018.01.06-07.54.23:034][ 81]LogModuleManager: Shutting down and abandoning module AndroidPlatformEditor (480)
[2018.01.06-07.54.23:034][ 81]LogModuleManager: Shutting down and abandoning module AndroidDeviceDetection (479)
[2018.01.06-07.54.23:520][ 81]LogModuleManager: Shutting down and abandoning module WindowsPlatformEditor (476)
[2018.01.06-07.54.23:520][ 81]LogModuleManager: Shutting down and abandoning module IOSRuntimeSettings (474)
[2018.01.06-07.54.23:520][ 81]LogModuleManager: Shutting down and abandoning module AndroidRuntimeSettings (472)
[2018.01.06-07.54.23:520][ 81]LogModuleManager: Shutting down and abandoning module InputBindingEditor (470)
[2018.01.06-07.54.23:520][ 81]LogModuleManager: Shutting down and abandoning module MergeActors (468)
[2018.01.06-07.54.23:520][ 81]LogModuleManager: Shutting down and abandoning module SizeMap (466)
[2018.01.06-07.54.23:520][ 81]LogModuleManager: Shutting down and abandoning module TreeMap (464)
[2018.01.06-07.54.23:520][ 81]LogModuleManager: Shutting down and abandoning module ReferenceViewer (462)
[2018.01.06-07.54.23:520][ 81]LogModuleManager: Shutting down and abandoning module LocalizationDashboard (460)
[2018.01.06-07.54.23:520][ 81]LogModuleManager: Shutting down and abandoning module LocalizationService (459)
[2018.01.06-07.54.23:520][ 81]LogModuleManager: Shutting down and abandoning module HardwareTargeting (456)
[2018.01.06-07.54.23:520][ 81]LogModuleManager: Shutting down and abandoning module DeviceProfileEditor (454)
[2018.01.06-07.54.23:520][ 81]LogModuleManager: Shutting down and abandoning module UndoHistory (452)
[2018.01.06-07.54.23:520][ 81]LogModuleManager: Shutting down and abandoning module XmlParser (450)
[2018.01.06-07.54.23:520][ 81]LogModuleManager: Shutting down and abandoning module Blutility (448)
[2018.01.06-07.54.23:520][ 81]LogModuleManager: Shutting down and abandoning module ProjectSettingsViewer (446)
[2018.01.06-07.54.23:520][ 81]LogModuleManager: Shutting down and abandoning module ProjectTargetPlatformEditor (445)
[2018.01.06-07.54.23:520][ 81]LogModuleManager: Shutting down and abandoning module EditorSettingsViewer (442)
[2018.01.06-07.54.23:520][ 81]LogModuleManager: Shutting down and abandoning module SettingsEditor (440)
[2018.01.06-07.54.23:520][ 81]LogModuleManager: Shutting down and abandoning module ProjectLauncher (438)
[2018.01.06-07.54.23:520][ 81]LogModuleManager: Shutting down and abandoning module SessionFrontend (436)
[2018.01.06-07.54.23:520][ 81]LogModuleManager: Shutting down and abandoning module ProfilerClient (434)
[2018.01.06-07.54.23:520][ 81]LogModuleManager: Shutting down and abandoning module DeviceManager (432)
[2018.01.06-07.54.23:520][ 81]LogModuleManager: Shutting down and abandoning module TargetDeviceServices (431)
[2018.01.06-07.54.23:574][ 81]LogModuleManager: Shutting down and abandoning module AutomationController (428)
[2018.01.06-07.54.23:574][ 81]LogModuleManager: Shutting down and abandoning module AutomationWindow (426)
[2018.01.06-07.54.23:574][ 81]LogModuleManager: Shutting down and abandoning module Layers (424)
[2018.01.06-07.54.23:574][ 81]LogModuleManager: Shutting down and abandoning module ComponentVisualizers (422)
[2018.01.06-07.54.23:574][ 81]LogModuleManager: Shutting down and abandoning module DetailCustomizations (420)
[2018.01.06-07.54.23:574][ 81]LogModuleManager: Shutting down and abandoning module PackagesDialog (418)
[2018.01.06-07.54.23:574][ 81]LogModuleManager: Shutting down and abandoning module Persona (416)
[2018.01.06-07.54.23:574][ 81]LogModuleManager: Shutting down and abandoning module AdvancedPreviewScene (415)
[2018.01.06-07.54.23:574][ 81]LogModuleManager: Shutting down and abandoning module AnimGraph (413)
[2018.01.06-07.54.23:574][ 81]LogModuleManager: Shutting down and abandoning module Kismet (410)
[2018.01.06-07.54.23:576][ 81]LogModuleManager: Shutting down and abandoning module ClassViewer (408)
[2018.01.06-07.54.23:576][ 81]LogModuleManager: Shutting down and abandoning module Toolbox (406)
[2018.01.06-07.54.23:576][ 81]LogModuleManager: Shutting down and abandoning module ModuleUI (404)
[2018.01.06-07.54.23:576][ 81]LogModuleManager: Shutting down and abandoning module MovieSceneTools (402)
[2018.01.06-07.54.23:576][ 81]LogModuleManager: Shutting down and abandoning module OutputLog (400)
[2018.01.06-07.54.23:576][ 81]LogModuleManager: Shutting down and abandoning module GammaUI (398)
[2018.01.06-07.54.23:576][ 81]LogModuleManager: Shutting down and abandoning module Documentation (396)
[2018.01.06-07.54.23:576][ 81]LogModuleManager: Shutting down and abandoning module MovieSceneTracks (394)
[2018.01.06-07.54.23:576][ 81]LogModuleManager: Shutting down and abandoning module MovieScene (392)
[2018.01.06-07.54.23:576][ 81]LogModuleManager: Shutting down and abandoning module StreamingPauseRendering (390)
[2018.01.06-07.54.23:576][ 81]LogModuleManager: Shutting down and abandoning module LauncherPlatform (388)
[2018.01.06-07.54.23:576][ 81]LogModuleManager: Shutting down and abandoning module AnalyticsET (386)
[2018.01.06-07.54.23:576][ 81]LogModuleManager: Shutting down and abandoning module PortalServices (384)
[2018.01.06-07.54.23:576][ 81]LogModuleManager: Shutting down and abandoning module PortalRpc (382)
[2018.01.06-07.54.23:576][ 81]LogModuleManager: Shutting down and abandoning module MessagingRpc (380)
[2018.01.06-07.54.23:576][ 81]LogModuleManager: Shutting down and abandoning module AIModule (378)
[2018.01.06-07.54.23:576][ 81]LogModuleManager: Shutting down and abandoning module GameplayDebugger (377)
[2018.01.06-07.54.23:576][ 81]LogModuleManager: Shutting down and abandoning module AITestSuite (375)
[2018.01.06-07.54.23:576][ 81]LogModuleManager: Shutting down and abandoning module DesktopPlatform (372)
[2018.01.06-07.54.23:576][ 81]LogModuleManager: Shutting down and abandoning module ProfilerService (370)
[2018.01.06-07.54.23:737][ 81]LogModuleManager: Shutting down and abandoning module TaskGraph (368)
[2018.01.06-07.54.23:737][ 81]LogModuleManager: Shutting down and abandoning module SubstanceLiveLink (366)
[2018.01.06-07.54.23:737][ 81]LogModuleManager: Shutting down and abandoning module SubstanceSource (364)
[2018.01.06-07.54.23:737][ 81]LogModuleManager: Shutting down and abandoning module SubstanceEditor (362)
[2018.01.06-07.54.23:737][ 81]LogModuleManager: Shutting down and abandoning module SteamVRController (360)
[2018.01.06-07.54.23:737][ 81]LogModuleManager: Shutting down and abandoning module SteamController (358)
[2018.01.06-07.54.23:737][ 81]LogModuleManager: Shutting down and abandoning module ProceduralMeshComponentEditor (356)
[2018.01.06-07.54.23:737][ 81]LogModuleManager: Shutting down and abandoning module ProceduralMeshComponent (354)
[2018.01.06-07.54.23:737][ 81]LogModuleManager: Shutting down and abandoning module OculusInput (352)
[2018.01.06-07.54.23:737][ 81]LogModuleManager: Shutting down and abandoning module Ansel (350)
[2018.01.06-07.54.23:738][ 81]LogModuleManager: Shutting down and abandoning module MobilePatchingUtils (348)
[2018.01.06-07.54.23:738][ 81]LogModuleManager: Shutting down and abandoning module CustomMeshComponent (346)
[2018.01.06-07.54.23:738][ 81]LogModuleManager: Shutting down and abandoning module CableComponent (344)
[2018.01.06-07.54.23:738][ 81]LogModuleManager: Shutting down and abandoning module ArchVisCharacter (342)
[2018.01.06-07.54.23:738][ 81]LogModuleManager: Shutting down and abandoning module AndroidPermission (340)
[2018.01.06-07.54.23:738][ 81]LogModuleManager: Shutting down and abandoning module ActorSequence (336)
[2018.01.06-07.54.23:738][ 81]LogModuleManager: Shutting down and abandoning module MediaPlayerEditor (334)
[2018.01.06-07.54.23:738][ 81]LogModuleManager: Shutting down and abandoning module MediaCompositingEditor (332)
[2018.01.06-07.54.23:738][ 81]LogModuleManager: Shutting down and abandoning module MediaCompositing (330)
[2018.01.06-07.54.23:738][ 81]LogModuleManager: Shutting down and abandoning module LowEntryExtendedStandardLibraryEditor (328)
[2018.01.06-07.54.23:738][ 81]LogModuleManager: Shutting down and abandoning module HTML5Networking (324)
[2018.01.06-07.54.23:738][ 81]LogModuleManager: Shutting down and abandoning module AlembicImporter (322)
[2018.01.06-07.54.23:738][ 81]LogModuleManager: Shutting down and abandoning module AlembicLibrary (321)
[2018.01.06-07.54.23:738][ 81]LogModuleManager: Shutting down and abandoning module GeometryCache (320)
[2018.01.06-07.54.23:738][ 81]LogModuleManager: Shutting down and abandoning module GeometryCacheEd (319)
[2018.01.06-07.54.23:738][ 81]LogModuleManager: Shutting down and abandoning module SpeedTreeImporter (314)
[2018.01.06-07.54.23:738][ 81]LogModuleManager: Shutting down and abandoning module PluginBrowser (312)
[2018.01.06-07.54.23:738][ 81]LogModuleManager: Shutting down and abandoning module MobileLauncherProfileWizard (310)
[2018.01.06-07.54.23:738][ 81]LogModuleManager: Shutting down and abandoning module VisualStudioSourceCodeAccess (308)
[2018.01.06-07.54.23:738][ 81]LogModuleManager: Shutting down and abandoning module VisualStudioCodeSourceCodeAccess (306)
[2018.01.06-07.54.23:738][ 81]LogModuleManager: Shutting down and abandoning module UObjectPlugin (304)
[2018.01.06-07.54.23:738][ 81]LogModuleManager: Shutting down and abandoning module SubversionSourceControl (302)
[2018.01.06-07.54.23:738][ 81]LogModuleManager: Shutting down and abandoning module PerforceSourceControl (300)
[2018.01.06-07.54.23:738][ 81]LogModuleManager: Shutting down and abandoning module GitSourceControl (298)
[2018.01.06-07.54.23:738][ 81]LogModuleManager: Shutting down and abandoning module SourceControl (297)
[2018.01.06-07.54.23:738][ 81]LogModuleManager: Shutting down and abandoning module LightPropagationVolumeEditor (294)
[2018.01.06-07.54.23:738][ 81]LogModuleManager: Shutting down and abandoning module PaperTiledImporter (292)
[2018.01.06-07.54.23:738][ 81]LogModuleManager: Shutting down and abandoning module PaperSpriteSheetImporter (290)
[2018.01.06-07.54.23:738][ 81]LogModuleManager: Shutting down and abandoning module Paper2DEditor (288)
[2018.01.06-07.54.23:738][ 81]LogModuleManager: Shutting down and abandoning module MeshPaint (287)
[2018.01.06-07.54.23:738][ 81]LogModuleManager: Shutting down and abandoning module LevelEditor (285)
[2018.01.06-07.54.23:739][ 81]LogModuleManager: Shutting down and abandoning module PixelInspectorModule (284)
[2018.01.06-07.54.23:739][ 81]LogModuleManager: Shutting down and abandoning module MainFrame (282)
[2018.01.06-07.54.23:739][ 81]LogModuleManager: Shutting down and abandoning module HotReload (281)
[2018.01.06-07.54.23:740][ 81]LogModuleManager: Shutting down and abandoning module RuntimePhysXCooking (276)
[2018.01.06-07.54.23:740][ 81]LogModuleManager: Shutting down and abandoning module PhysXVehiclesEditor (274)
[2018.01.06-07.54.23:740][ 81]LogModuleManager: Shutting down and abandoning module PhysXVehicles (272)
[2018.01.06-07.54.23:740][ 81]LogModuleManager: Shutting down and abandoning module OculusEditor (270)
[2018.01.06-07.54.23:740][ 81]LogModuleManager: Shutting down and abandoning module LocationServicesBPLibrary (268)
[2018.01.06-07.54.23:740][ 81]LogModuleManager: Shutting down and abandoning module ImmediatePhysicsEditor (266)
[2018.01.06-07.54.23:740][ 81]LogModuleManager: Shutting down and abandoning module ImmediatePhysics (264)
[2018.01.06-07.54.23:740][ 81]LogModuleManager: Shutting down and abandoning module UdpMessaging (262)
[2018.01.06-07.54.23:842][ 81]LogModuleManager: Shutting down and abandoning module TcpMessaging (260)
[2018.01.06-07.54.23:942][ 81]LogModuleManager: Shutting down and abandoning module SubstanceCore (258)
[2018.01.06-07.54.23:942][ 81]LogModuleManager: Shutting down and abandoning module LowEntryExtendedStandardLibrary (256)
[2018.01.06-07.54.23:942][ 81]LogModuleManager: Shutting down and abandoning module GameSparks (254)
[2018.01.06-07.54.23:942][ 81]LogModuleManager: Shutting down and abandoning module GameplayTagsEditor (252)
[2018.01.06-07.54.23:942][ 81]LogModuleManager: Shutting down and abandoning module FacialAnimationEditor (250)
[2018.01.06-07.54.23:942][ 81]LogModuleManager: Shutting down and abandoning module FacialAnimation (248)
[2018.01.06-07.54.23:942][ 81]LogModuleManager: Shutting down and abandoning module AssetManagerEditor (246)
[2018.01.06-07.54.23:942][ 81]LogModuleManager: Shutting down and abandoning module GraphEditor (245)
[2018.01.06-07.54.23:942][ 81]LogModuleManager: Shutting down and abandoning module ContentBrowser (243)
[2018.01.06-07.54.23:943][ 81]LogModuleManager: Shutting down and abandoning module LightPropagationVolumeRuntime (240)
[2018.01.06-07.54.23:944][ 81]LogModuleManager: Shutting down and abandoning module Paper2D (238)
[2018.01.06-07.54.23:944][ 81]LogModuleManager: Shutting down and abandoning module WindowsMoviePlayer (236)
[2018.01.06-07.54.23:944][ 81]LogModuleManager: Shutting down and abandoning module WmfMedia (234)
[2018.01.06-07.54.23:945][ 81]LogModuleManager: Shutting down and abandoning module ImgMedia (232)
[2018.01.06-07.54.23:945][ 81]LogModuleManager: Shutting down and abandoning module PacketHandler (230)
[2018.01.06-07.54.23:945][ 81]LogModuleManager: Shutting down and abandoning module ClothingSystemEditor (228)
[2018.01.06-07.54.23:945][ 81]LogModuleManager: Shutting down and abandoning module ClothingSystemRuntime (226)
[2018.01.06-07.54.23:945][ 81]LogModuleManager: Shutting down and abandoning module MediaAssets (224)
[2018.01.06-07.54.23:945][ 81]LogModuleManager: Shutting down and abandoning module Media (223)
[2018.01.06-07.54.23:951][ 81]LogModuleManager: Shutting down and abandoning module Overlay (220)
[2018.01.06-07.54.23:951][ 81]LogModuleManager: Shutting down and abandoning module OverlayEditor (219)
[2018.01.06-07.54.23:951][ 81]LogModuleManager: Shutting down and abandoning module VREditor (216)
[2018.01.06-07.54.23:951][ 81]LogModuleManager: Shutting down and abandoning module StringTableEditor (214)
[2018.01.06-07.54.23:951][ 81]LogModuleManager: Shutting down and abandoning module GameplayTasksEditor (212)
[2018.01.06-07.54.23:951][ 81]LogModuleManager: Shutting down and abandoning module BehaviorTreeEditor (210)
[2018.01.06-07.54.23:952][ 81]LogModuleManager: Shutting down and abandoning module FunctionalTesting (208)
[2018.01.06-07.54.23:952][ 81]LogModuleManager: Shutting down and abandoning module CollisionAnalyzer (206)
[2018.01.06-07.54.23:952][ 81]LogModuleManager: Shutting down and abandoning module WorkspaceMenuStructure (205)
[2018.01.06-07.54.23:952][ 81]LogModuleManager: Shutting down and abandoning module UMG (202)
[2018.01.06-07.54.23:952][ 81]LogModuleManager: Shutting down and abandoning module UMGEditor (201)
[2018.01.06-07.54.23:952][ 81]LogModuleManager: Shutting down and abandoning module Sequencer (200)
[2018.01.06-07.54.23:952][ 81]LogModuleManager: Shutting down and abandoning module MessageLog (197)
[2018.01.06-07.54.23:952][ 81]LogModuleManager: Shutting down and abandoning module SlateReflector (192)
[2018.01.06-07.54.23:952][ 81]LogModuleManager: Shutting down and abandoning module Slate (190)
[2018.01.06-07.54.23:952][ 81]LogModuleManager: Shutting down and abandoning module EditorStyle (188)
[2018.01.06-07.54.23:955][ 81]LogModuleManager: Shutting down and abandoning module MRMesh (186)
[2018.01.06-07.54.23:955][ 81]LogModuleManager: Shutting down and abandoning module SourceCodeAccess (184)
[2018.01.06-07.54.23:955][ 81]LogModuleManager: Shutting down and abandoning module HeadMountedDisplay (182)
[2018.01.06-07.54.23:955][ 81]LogModuleManager: Shutting down and abandoning module XAudio2 (180)
[2018.01.06-07.54.23:956][ 81]LogModuleManager: Shutting down and abandoning module Networking (178)
[2018.01.06-07.54.23:956][ 81]LogModuleManager: Shutting down and abandoning module Core (176)
[2018.01.06-07.54.23:956][ 81]LogModuleManager: Shutting down and abandoning module LevelSequence (172)
[2018.01.06-07.54.23:956][ 81]LogModuleManager: Shutting down and abandoning module DirectoryWatcher (170)
[2018.01.06-07.54.23:957][ 81]LogModuleManager: Shutting down and abandoning module KismetCompiler (168)
[2018.01.06-07.54.23:957][ 81]LogModuleManager: Shutting down and abandoning module MeshUtilities (166)
[2018.01.06-07.54.23:957][ 81]LogModuleManager: Shutting down and abandoning module MeshMergeUtilities (165)
[2018.01.06-07.54.23:957][ 81]LogModuleManager: Shutting down and abandoning module MeshReductionInterface (164)
[2018.01.06-07.54.23:957][ 81]LogModuleManager: Shutting down and abandoning module SimplygonSwarm (163)
[2018.01.06-07.54.23:957][ 81]LogModuleManager: Shutting down and abandoning module SimplygonMeshReduction (161)
[2018.01.06-07.54.23:957][ 81]LogModuleManager: Shutting down and abandoning module QuadricMeshReduction (159)
[2018.01.06-07.54.23:957][ 81]LogModuleManager: Shutting down and abandoning module MaterialBaking (155)
[2018.01.06-07.54.23:957][ 81]LogModuleManager: Shutting down and abandoning module DerivedDataCache (152)
[2018.01.06-07.54.23:961][ 81]LogDerivedDataCache: Shutdown
[2018.01.06-07.54.23:961][ 81]LogModuleManager: Shutting down and abandoning module TargetPlatform (150)
[2018.01.06-07.54.23:961][ 81]LogModuleManager: Shutting down and abandoning module VulkanShaderFormat (149)
[2018.01.06-07.54.23:961][ 81]LogModuleManager: Shutting down and abandoning module ShaderFormatVectorVM (147)
[2018.01.06-07.54.23:961][ 81]LogModuleManager: Shutting down and abandoning module ShaderFormatOpenGL (145)
[2018.01.06-07.54.23:961][ 81]LogModuleManager: Shutting down and abandoning module ShaderFormatD3D (143)
[2018.01.06-07.54.23:961][ 81]LogModuleManager: Shutting down and abandoning module MetalShaderFormat (141)
[2018.01.06-07.54.23:961][ 81]LogModuleManager: Shutting down and abandoning module TextureFormatUncompressed (139)
[2018.01.06-07.54.23:961][ 81]LogModuleManager: Shutting down and abandoning module TextureFormatPVR (137)
[2018.01.06-07.54.23:961][ 81]LogModuleManager: Shutting down and abandoning module TextureFormatDXT (135)
[2018.01.06-07.54.23:961][ 81]LogModuleManager: Shutting down and abandoning module TextureFormatIntelISPCTexComp (133)
[2018.01.06-07.54.23:962][ 81]LogModuleManager: Shutting down and abandoning module TextureFormatASTC (131)
[2018.01.06-07.54.23:962][ 81]LogModuleManager: Shutting down and abandoning module ImageWrapper (130)
[2018.01.06-07.54.23:962][ 81]LogModuleManager: Shutting down and abandoning module TextureFormatAndroid (127)
[2018.01.06-07.54.23:962][ 81]LogModuleManager: Shutting down and abandoning module AudioFormatOpus (125)
[2018.01.06-07.54.23:962][ 81]LogModuleManager: Shutting down and abandoning module AudioFormatOgg (123)
[2018.01.06-07.54.23:962][ 81]LogModuleManager: Shutting down and abandoning module AudioFormatADPCM (121)
[2018.01.06-07.54.23:962][ 81]LogModuleManager: Shutting down and abandoning module LinuxTargetPlatform (119)
[2018.01.06-07.54.23:962][ 81]LogModuleManager: Shutting down and abandoning module LinuxServerTargetPlatform (117)
[2018.01.06-07.54.23:962][ 81]LogModuleManager: Shutting down and abandoning module LinuxNoEditorTargetPlatform (115)
[2018.01.06-07.54.23:962][ 81]LogModuleManager: Shutting down and abandoning module LinuxClientTargetPlatform (113)
[2018.01.06-07.54.23:962][ 81]LogModuleManager: Shutting down and abandoning module TVOSTargetPlatform (111)
[2018.01.06-07.54.23:962][ 81]LogModuleManager: Shutting down and abandoning module Messaging (109)
[2018.01.06-07.54.23:962][ 81]LogModuleManager: Shutting down and abandoning module IOSTargetPlatform (107)
[2018.01.06-07.54.23:962][ 81]LogModuleManager: Shutting down and abandoning module HTML5TargetPlatform (105)
[2018.01.06-07.54.23:962][ 81]LogModuleManager: Shutting down and abandoning module AndroidTargetPlatform (103)
[2018.01.06-07.54.23:962][ 81]LogModuleManager: Shutting down and abandoning module Android_PVRTCTargetPlatform (101)
[2018.01.06-07.54.23:962][ 81]LogModuleManager: Shutting down and abandoning module Android_MultiTargetPlatform (99)
[2018.01.06-07.54.23:962][ 81]LogModuleManager: Shutting down and abandoning module Android_ETC2TargetPlatform (97)
[2018.01.06-07.54.23:962][ 81]LogModuleManager: Shutting down and abandoning module Android_ETC1TargetPlatform (95)
[2018.01.06-07.54.23:962][ 81]LogModuleManager: Shutting down and abandoning module Android_DXTTargetPlatform (93)
[2018.01.06-07.54.23:962][ 81]LogModuleManager: Shutting down and abandoning module Android_ATCTargetPlatform (91)
[2018.01.06-07.54.23:962][ 81]LogModuleManager: Shutting down and abandoning module Android_ASTCTargetPlatform (89)
[2018.01.06-07.54.23:962][ 81]LogModuleManager: Shutting down and abandoning module WindowsTargetPlatform (87)
[2018.01.06-07.54.23:962][ 81]LogModuleManager: Shutting down and abandoning module WindowsServerTargetPlatform (85)
[2018.01.06-07.54.23:962][ 81]LogModuleManager: Shutting down and abandoning module WindowsNoEditorTargetPlatform (83)
[2018.01.06-07.54.23:962][ 81]LogModuleManager: Shutting down and abandoning module WindowsClientTargetPlatform (81)
[2018.01.06-07.54.23:962][ 81]LogModuleManager: Shutting down and abandoning module MacTargetPlatform (79)
[2018.01.06-07.54.23:962][ 81]LogModuleManager: Shutting down and abandoning module MacServerTargetPlatform (77)
[2018.01.06-07.54.23:962][ 81]LogModuleManager: Shutting down and abandoning module MacNoEditorTargetPlatform (75)
[2018.01.06-07.54.23:962][ 81]LogModuleManager: Shutting down and abandoning module MacClientTargetPlatform (73)
[2018.01.06-07.54.23:962][ 81]LogModuleManager: Shutting down and abandoning module AllDesktopTargetPlatform (71)
[2018.01.06-07.54.23:962][ 81]LogModuleManager: Shutting down and abandoning module InputCore (68)
[2018.01.06-07.54.23:962][ 81]LogModuleManager: Shutting down and abandoning module Settings (66)
[2018.01.06-07.54.23:962][ 81]LogModuleManager: Shutting down and abandoning module PhysXCooking (64)
[2018.01.06-07.54.23:962][ 81]LogModuleManager: Shutting down and abandoning module SteamVR (62)
[2018.01.06-07.54.23:962][ 81]LogModuleManager: Shutting down and abandoning module OculusHMD (60)
[2018.01.06-07.54.23:962][ 81]LogModuleManager: Shutting down and abandoning module ExampleDeviceProfileSelector (58)
[2018.01.06-07.54.23:962][ 81]LogModuleManager: Shutting down and abandoning module AppleARKit (56)
[2018.01.06-07.54.23:962][ 81]LogModuleManager: Shutting down and abandoning module AugmentedReality (55)
[2018.01.06-07.54.23:962][ 81]LogModuleManager: Shutting down and abandoning module OnlineBlueprintSupport (52)
[2018.01.06-07.54.23:962][ 81]LogModuleManager: Shutting down and abandoning module OnlineSubsystem (48)
[2018.01.06-07.54.23:962][ 81]LogOnline: Display: OSS: FOnlineSubsystemNull::Shutdown()
[2018.01.06-07.54.23:962][ 81]LogOnline: Display: OSS: FOnlineAsyncTaskManager::Stop() ActiveTask:0000000000000000 Tasks[0/0]
[2018.01.06-07.54.23:963][ 81]LogOnline: Display: OSS: FOnlineAsyncTaskManager::Exit() started
[2018.01.06-07.54.23:963][ 81]LogOnline: Display: OSS: FOnlineAsyncTaskManager::Exit() finished
[2018.01.06-07.54.23:963][ 81]LogModuleManager: Shutting down and abandoning module XMPP (43)
[2018.01.06-07.54.23:963][ 81]LogModuleManager: Shutting down and abandoning module HTTP (41)
[2018.01.06-07.54.23:963][ 81]LogHttp: Display: Http module shutting down, but needs to wait on 1 outstanding Http requests:
[2018.01.06-07.54.23:963][ 81]LogHttp: Display: 	verb=[POST] url=[https://datarouter.ol.epicgames.com/datarouter/api/v1/public/data?SessionID=%7B73BC46D7-4A14-79DE-1686-A8AC0CCE84A2%7D&AppID=UEEditor.Rocket.Release&AppVersion=4.18.2-3794801%2B%2B%2BUE4%2BRelease-4.18&UserID=544125ff4397c233b57a6785c9b04155%7C8850fb4665d74c6f8caa7a529e3fa04c%7C98d52bb3-5652-4b78-9fad-1499c0877007&AppEnvironment=datacollector-binary&UploadType=eteventstream] status=Processing
[2018.01.06-07.54.23:986][ 81]LogModuleManager: Shutting down and abandoning module SSL (40)
[2018.01.06-07.54.23:988][ 81]LogModuleManager: Shutting down and abandoning module AnimationModifiers (36)
[2018.01.06-07.54.23:988][ 81]LogModuleManager: Shutting down and abandoning module PropertyEditor (35)
[2018.01.06-07.54.23:988][ 81]LogModuleManager: Shutting down and abandoning module AudioEditor (32)
[2018.01.06-07.54.23:988][ 81]LogModuleManager: Shutting down and abandoning module TextureCompressor (30)
[2018.01.06-07.54.23:989][ 81]LogModuleManager: Shutting down and abandoning module ShaderCore (28)
[2018.01.06-07.54.23:989][ 81]LogModuleManager: Shutting down and abandoning module Landscape (26)
[2018.01.06-07.54.23:989][ 81]LogModuleManager: Shutting down and abandoning module SlateRHIRenderer (24)
[2018.01.06-07.54.23:989][ 81]LogModuleManager: Shutting down and abandoning module OpenGLDrv (22)
[2018.01.06-07.54.23:990][ 81]LogModuleManager: Shutting down and abandoning module D3D11RHI (20)
[2018.01.06-07.54.23:990][ 81]LogModuleManager: Shutting down and abandoning module AnimGraphRuntime (18)
[2018.01.06-07.54.23:990][ 81]LogModuleManager: Shutting down and abandoning module Renderer (16)
[2018.01.06-07.54.23:990][ 81]LogModuleManager: Shutting down and abandoning module Engine (14)
[2018.01.06-07.54.23:990][ 81]LogModuleManager: Shutting down and abandoning module CoreUObject (12)
[2018.01.06-07.54.23:990][ 81]LogModuleManager: Shutting down and abandoning module NetworkFile (10)
[2018.01.06-07.54.23:990][ 81]LogModuleManager: Shutting down and abandoning module CookedIterativeFile (8)
[2018.01.06-07.54.23:990][ 81]LogModuleManager: Shutting down and abandoning module StreamingFile (6)
[2018.01.06-07.54.23:990][ 81]LogModuleManager: Shutting down and abandoning module SandboxFile (4)
[2018.01.06-07.54.23:990][ 81]LogModuleManager: Shutting down and abandoning module PakFile (2)
[2018.01.06-07.54.23:993][ 81]LogExit: Exiting.
[2018.01.06-07.54.24:004][ 81]Log file closed, 01/06/18 18:54:24
