Log file open, 01/06/18 18:29:10
LogWindows: Failed to load 'aqProf.dll' (GetLastError=126)
LogWindows: File 'aqProf.dll' does not exist
LogWindows: Failed to load 'VSPerf140.dll' (GetLastError=126)
LogWindows: File 'VSPerf140.dll' does not exist
LogWindows: Failed to load 'VtuneApi.dll' (GetLastError=126)
LogWindows: File 'VtuneApi.dll' does not exist
LogWindows: Failed to load 'VtuneApi32e.dll' (GetLastError=126)
LogWindows: File 'VtuneApi32e.dll' does not exist
LogInit: Display: Running engine for game: My_Nuggets_Menus
LogPlatformFile: Not using cached read wrapper
LogInit: Display: RandInit(38888202) SRandInit(38888202).
LogInit: Read version file with build ID '3709383'
LogInit: Overriding engine version to CL 3794801, compatible CL 3709383
LogInit: Registered custom module enumerator with build ID '3709383'
LogInit: Warning: Passing commandline switches using / instead of - has been deprecated and will be removed in future versions of Unreal Engine.
LogTaskGraph: Started task graph with 5 named threads and 14 total threads with 3 sets of task threads.
LogStats: Stats thread started at 0.203506
LogD3D11RHI: Aftermath initialized
LogInit: Warning: Passing commandline switches using / instead of - has been deprecated and will be removed in future versions of Unreal Engine.
LogModuleManager: Display: Found up-to-date module file ../../../Engine/Plugins/Marketplace/Substance/Binaries/Win64/UE4Editor-SubstanceCore.dll (API version 3709383).
LogModuleManager: Display: Found up-to-date module file ../../../Engine/Plugins/Marketplace/Substance/Binaries/Win64/UE4Editor-SubstanceEditor.dll (API version 3709383).
LogModuleManager: Display: Found up-to-date module file ../../../Engine/Plugins/Marketplace/Substance/Binaries/Win64/UE4Editor-SubstanceSource.dll (API version 3709383).
LogModuleManager: Display: Found up-to-date module file ../../../Engine/Plugins/Marketplace/Substance/Binaries/Win64/UE4Editor-SubstanceLiveLink.dll (API version 3709383).
LogModuleManager: Display: Found up-to-date module file ../../../Engine/Plugins/Marketplace/LowEntryExtStdLib/Binaries/Win64/UE4Editor-LowEntryExtendedStandardLibrary.dll (API version 3709383).
LogModuleManager: Display: Found up-to-date module file ../../../Engine/Plugins/Marketplace/LowEntryExtStdLib/Binaries/Win64/UE4Editor-LowEntryExtendedStandardLibraryEditor.dll (API version 3709383).
LogModuleManager: Display: Found up-to-date module file ../../../Engine/Plugins/Marketplace/GameSparks/Binaries/Win64/UE4Editor-GameSparks.dll (API version 3709383).
LogModuleManager: Display: Found up-to-date module file ../../../Engine/Plugins/Marketplace/GameSparks/Binaries/Win64/UE4Editor-OnlineSubsystemGameSparks.dll (API version 3709383).
LogModuleManager: Display: Found up-to-date module file ../../../Engine/Plugins/Online/OnlineSubsystem/Binaries/Win64/UE4Editor-OnlineSubsystem.dll (API version 3709383).
LogModuleManager: Display: Found up-to-date module file ../../../Engine/Plugins/Online/OnlineSubsystemUtils/Binaries/Win64/UE4Editor-OnlineSubsystemUtils.dll (API version 3709383).
LogModuleManager: Display: Found up-to-date module file ../../../Engine/Plugins/Online/OnlineSubsystemUtils/Binaries/Win64/UE4Editor-OnlineBlueprintSupport.dll (API version 3709383).
LogModuleManager: Display: Found up-to-date module file ../../../Engine/Plugins/Runtime/Nvidia/Ansel/Binaries/Win64/UE4Editor-Ansel.dll (API version 3709383).
LogModuleManager: Display: Found up-to-date module file ../../../Engine/Plugins/Online/OnlineSubsystemSteam/Binaries/Win64/UE4Editor-OnlineSubsystemSteam.dll (API version 3709383).
LogModuleManager: Display: Found up-to-date module file ../../../Engine/Plugins/Runtime/Steam/SteamController/Binaries/Win64/UE4Editor-SteamController.dll (API version 3709383).
LogModuleManager: Display: Found up-to-date module file ../../../Engine/Plugins/2D/Paper2D/Binaries/Win64/UE4Editor-Paper2D.dll (API version 3709383).
LogModuleManager: Display: Found up-to-date module file ../../../Engine/Plugins/2D/Paper2D/Binaries/Win64/UE4Editor-Paper2DEditor.dll (API version 3709383).
LogModuleManager: Display: Found up-to-date module file ../../../Engine/Plugins/2D/Paper2D/Binaries/Win64/UE4Editor-PaperSpriteSheetImporter.dll (API version 3709383).
LogModuleManager: Display: Found up-to-date module file ../../../Engine/Plugins/2D/Paper2D/Binaries/Win64/UE4Editor-PaperTiledImporter.dll (API version 3709383).
LogModuleManager: Display: Found up-to-date module file ../../../Engine/Plugins/2D/Paper2D/Binaries/Win64/UE4Editor-SmartSnapping.dll (API version 3709383).
LogModuleManager: Display: Found up-to-date module file ../../../Engine/Plugins/Blendables/LightPropagationVolume/Binaries/Win64/UE4Editor-LightPropagationVolumeRuntime.dll (API version 3709383).
LogModuleManager: Display: Found up-to-date module file ../../../Engine/Plugins/Blendables/LightPropagationVolume/Binaries/Win64/UE4Editor-LightPropagationVolumeEditor.dll (API version 3709383).
LogModuleManager: Display: Found up-to-date module file ../../../Engine/Plugins/Developer/GitSourceControl/Binaries/Win64/UE4Editor-GitSourceControl.dll (API version 3709383).
LogModuleManager: Display: Found up-to-date module file ../../../Engine/Plugins/Developer/PerforceSourceControl/Binaries/Win64/UE4Editor-PerforceSourceControl.dll (API version 3709383).
LogModuleManager: Display: Found up-to-date module file ../../../Engine/Plugins/Developer/SubversionSourceControl/Binaries/Win64/UE4Editor-SubversionSourceControl.dll (API version 3709383).
LogModuleManager: Display: Found up-to-date module file ../../../Engine/Plugins/Developer/UObjectPlugin/Binaries/Win64/UE4Editor-UObjectPlugin.dll (API version 3709383).
LogModuleManager: Display: Found up-to-date module file ../../../Engine/Plugins/Developer/VisualStudioCodeSourceCodeAccess/Binaries/Win64/UE4Editor-VisualStudioCodeSourceCodeAccess.dll (API version 3709383).
LogModuleManager: Display: Found up-to-date module file ../../../Engine/Plugins/Developer/VisualStudioSourceCodeAccess/Binaries/Win64/UE4Editor-VisualStudioSourceCodeAccess.dll (API version 3709383).
LogModuleManager: Display: Found up-to-date module file ../../../Engine/Plugins/Editor/AssetManagerEditor/Binaries/Win64/UE4Editor-AssetManagerEditor.dll (API version 3709383).
LogModuleManager: Display: Found up-to-date module file ../../../Engine/Plugins/Editor/AudioCapture/Binaries/Win64/UE4Editor-AudioCapture.dll (API version 3709383).
LogModuleManager: Display: Found up-to-date module file ../../../Engine/Plugins/Editor/FacialAnimation/Binaries/Win64/UE4Editor-FacialAnimation.dll (API version 3709383).
LogModuleManager: Display: Found up-to-date module file ../../../Engine/Plugins/Editor/FacialAnimation/Binaries/Win64/UE4Editor-FacialAnimationEditor.dll (API version 3709383).
LogModuleManager: Display: Found up-to-date module file ../../../Engine/Plugins/Editor/GameplayTagsEditor/Binaries/Win64/UE4Editor-GameplayTagsEditor.dll (API version 3709383).
LogModuleManager: Display: Found up-to-date module file ../../../Engine/Plugins/Editor/MobileLauncherProfileWizard/Binaries/Win64/UE4Editor-MobileLauncherProfileWizard.dll (API version 3709383).
LogModuleManager: Display: Found up-to-date module file ../../../Engine/Plugins/Editor/PluginBrowser/Binaries/Win64/UE4Editor-PluginBrowser.dll (API version 3709383).
LogModuleManager: Display: Found up-to-date module file ../../../Engine/Plugins/Editor/SpeedTreeImporter/Binaries/Win64/UE4Editor-SpeedTreeImporter.dll (API version 3709383).
LogModuleManager: Display: Found up-to-date module file ../../../Engine/Plugins/Experimental/AlembicImporter/Binaries/Win64/UE4Editor-AlembicImporter.dll (API version 3709383).
LogModuleManager: Display: Found up-to-date module file ../../../Engine/Plugins/Experimental/AlembicImporter/Binaries/Win64/UE4Editor-AlembicLibrary.dll (API version 3709383).
LogModuleManager: Display: Found up-to-date module file ../../../Engine/Plugins/Experimental/CharacterAI/Binaries/Win64/UE4Editor-CharacterAI.dll (API version 3709383).
LogModuleManager: Display: Found up-to-date module file ../../../Engine/Plugins/Experimental/HTML5Networking/Binaries/Win64/UE4Editor-HTML5Networking.dll (API version 3709383).
LogModuleManager: Display: Found up-to-date module file ../../../Engine/Plugins/Media/AndroidMedia/Binaries/Win64/UE4Editor-AndroidMediaEditor.dll (API version 3709383).
LogModuleManager: Display: Found up-to-date module file ../../../Engine/Plugins/Media/AndroidMedia/Binaries/Win64/UE4Editor-AndroidMediaFactory.dll (API version 3709383).
LogModuleManager: Display: Found up-to-date module file ../../../Engine/Plugins/Media/AvfMedia/Binaries/Win64/UE4Editor-AvfMediaEditor.dll (API version 3709383).
LogModuleManager: Display: Found up-to-date module file ../../../Engine/Plugins/Media/AvfMedia/Binaries/Win64/UE4Editor-AvfMediaFactory.dll (API version 3709383).
LogModuleManager: Display: Found up-to-date module file ../../../Engine/Plugins/Media/AvfMedia/Binaries/Win64/UE4Editor-AvfMediaFactory.dll (API version 3709383).
LogModuleManager: Display: Found up-to-date module file ../../../Engine/Plugins/Media/ImgMedia/Binaries/Win64/UE4Editor-ImgMedia.dll (API version 3709383).
LogModuleManager: Display: Found up-to-date module file ../../../Engine/Plugins/Media/ImgMedia/Binaries/Win64/UE4Editor-ImgMediaEditor.dll (API version 3709383).
LogModuleManager: Display: Found up-to-date module file ../../../Engine/Plugins/Media/ImgMedia/Binaries/Win64/UE4Editor-ImgMediaFactory.dll (API version 3709383).
LogModuleManager: Display: Found up-to-date module file ../../../Engine/Plugins/Media/ImgMedia/Binaries/Win64/UE4Editor-ImgMediaFactory.dll (API version 3709383).
LogModuleManager: Display: Found up-to-date module file ../../../Engine/Plugins/Media/ImgMedia/Binaries/Win64/UE4Editor-OpenExrWrapper.dll (API version 3709383).
LogModuleManager: Display: Found up-to-date module file ../../../Engine/Plugins/Media/MediaCompositing/Binaries/Win64/UE4Editor-MediaCompositing.dll (API version 3709383).
LogModuleManager: Display: Found up-to-date module file ../../../Engine/Plugins/Media/MediaCompositing/Binaries/Win64/UE4Editor-MediaCompositingEditor.dll (API version 3709383).
LogModuleManager: Display: Found up-to-date module file ../../../Engine/Plugins/Media/MediaPlayerEditor/Binaries/Win64/UE4Editor-MediaPlayerEditor.dll (API version 3709383).
LogModuleManager: Display: Found up-to-date module file ../../../Engine/Plugins/Media/WmfMedia/Binaries/Win64/UE4Editor-WmfMedia.dll (API version 3709383).
LogModuleManager: Display: Found up-to-date module file ../../../Engine/Plugins/Media/WmfMedia/Binaries/Win64/UE4Editor-WmfMediaEditor.dll (API version 3709383).
LogModuleManager: Display: Found up-to-date module file ../../../Engine/Plugins/Media/WmfMedia/Binaries/Win64/UE4Editor-WmfMediaFactory.dll (API version 3709383).
LogModuleManager: Display: Found up-to-date module file ../../../Engine/Plugins/Media/WmfMedia/Binaries/Win64/UE4Editor-WmfMediaFactory.dll (API version 3709383).
LogModuleManager: Display: Found up-to-date module file ../../../Engine/Plugins/Messaging/TcpMessaging/Binaries/Win64/UE4Editor-TcpMessaging.dll (API version 3709383).
LogModuleManager: Display: Found up-to-date module file ../../../Engine/Plugins/Messaging/UdpMessaging/Binaries/Win64/UE4Editor-UdpMessaging.dll (API version 3709383).
LogModuleManager: Display: Found up-to-date module file ../../../Engine/Plugins/MovieScene/ActorSequence/Binaries/Win64/UE4Editor-ActorSequence.dll (API version 3709383).
LogModuleManager: Display: Found up-to-date module file ../../../Engine/Plugins/MovieScene/LevelSequenceEditor/Binaries/Win64/UE4Editor-LevelSequenceEditor.dll (API version 3709383).
LogModuleManager: Display: Found up-to-date module file ../../../Engine/Plugins/MovieScene/MatineeToLevelSequence/Binaries/Win64/UE4Editor-MatineeToLevelSequence.dll (API version 3709383).
LogModuleManager: Display: Found up-to-date module file ../../../Engine/Plugins/Runtime/AndroidPermission/Binaries/Win64/UE4Editor-AndroidPermission.dll (API version 3709383).
LogModuleManager: Display: Found up-to-date module file ../../../Engine/Plugins/Online/OnlineSubsystemNull/Binaries/Win64/UE4Editor-OnlineSubsystemNull.dll (API version 3709383).
LogModuleManager: Display: Found up-to-date module file ../../../Engine/Plugins/Runtime/AndroidDeviceProfileSelector/Binaries/Win64/UE4Editor-AndroidDeviceProfileSelector.dll (API version 3709383).
LogModuleManager: Display: Found up-to-date module file ../../../Engine/Plugins/Runtime/AppleARKit/Binaries/Win64/UE4Editor-AppleARKit.dll (API version 3709383).
LogModuleManager: Display: Found up-to-date module file ../../../Engine/Plugins/Runtime/ArchVisCharacter/Binaries/Win64/UE4Editor-ArchVisCharacter.dll (API version 3709383).
LogModuleManager: Display: Found up-to-date module file ../../../Engine/Plugins/Runtime/CableComponent/Binaries/Win64/UE4Editor-CableComponent.dll (API version 3709383).
LogModuleManager: Display: Found up-to-date module file ../../../Engine/Plugins/Runtime/CustomMeshComponent/Binaries/Win64/UE4Editor-CustomMeshComponent.dll (API version 3709383).
LogModuleManager: Display: Found up-to-date module file ../../../Engine/Plugins/Runtime/ExampleDeviceProfileSelector/Binaries/Win64/UE4Editor-ExampleDeviceProfileSelector.dll (API version 3709383).
LogModuleManager: Display: Found up-to-date module file ../../../Engine/Plugins/Runtime/ImmediatePhysics/Binaries/Win64/UE4Editor-ImmediatePhysics.dll (API version 3709383).
LogModuleManager: Display: Found up-to-date module file ../../../Engine/Plugins/Runtime/ImmediatePhysics/Binaries/Win64/UE4Editor-ImmediatePhysicsEditor.dll (API version 3709383).
LogModuleManager: Display: Found up-to-date module file ../../../Engine/Plugins/Runtime/LocationServicesBPLibrary/Binaries/Win64/UE4Editor-LocationServicesBPLibrary.dll (API version 3709383).
LogModuleManager: Display: Found up-to-date module file ../../../Engine/Plugins/Runtime/MobilePatchingUtils/Binaries/Win64/UE4Editor-MobilePatchingUtils.dll (API version 3709383).
LogModuleManager: Display: Found up-to-date module file ../../../Engine/Plugins/Runtime/Oculus/OculusVR/Binaries/Win64/UE4Editor-OculusHMD.dll (API version 3709383).
LogModuleManager: Display: Found up-to-date module file ../../../Engine/Plugins/Runtime/Oculus/OculusVR/Binaries/Win64/UE4Editor-OculusInput.dll (API version 3709383).
LogModuleManager: Display: Found up-to-date module file ../../../Engine/Plugins/Runtime/Oculus/OculusVR/Binaries/Win64/UE4Editor-OculusEditor.dll (API version 3709383).
LogModuleManager: Display: Found up-to-date module file ../../../Engine/Plugins/Runtime/PhysXVehicles/Binaries/Win64/UE4Editor-PhysXVehicles.dll (API version 3709383).
LogModuleManager: Display: Found up-to-date module file ../../../Engine/Plugins/Runtime/PhysXVehicles/Binaries/Win64/UE4Editor-PhysXVehiclesEditor.dll (API version 3709383).
LogModuleManager: Display: Found up-to-date module file ../../../Engine/Plugins/Runtime/ProceduralMeshComponent/Binaries/Win64/UE4Editor-ProceduralMeshComponent.dll (API version 3709383).
LogModuleManager: Display: Found up-to-date module file ../../../Engine/Plugins/Runtime/ProceduralMeshComponent/Binaries/Win64/UE4Editor-ProceduralMeshComponentEditor.dll (API version 3709383).
LogModuleManager: Display: Found up-to-date module file ../../../Engine/Plugins/Runtime/RuntimePhysXCooking/Binaries/Win64/UE4Editor-RuntimePhysXCooking.dll (API version 3709383).
LogModuleManager: Display: Found up-to-date module file ../../../Engine/Plugins/Runtime/Steam/SteamVR/Binaries/Win64/UE4Editor-SteamVR.dll (API version 3709383).
LogModuleManager: Display: Found up-to-date module file ../../../Engine/Plugins/Runtime/Steam/SteamVR/Binaries/Win64/UE4Editor-SteamVRController.dll (API version 3709383).
LogModuleManager: Display: Found up-to-date module file ../../../Engine/Plugins/Runtime/WindowsMoviePlayer/Binaries/Win64/UE4Editor-WindowsMoviePlayer.dll (API version 3709383).
LogPluginManager: Mounting plugin Paper2D
LogPluginManager: Mounting plugin LightPropagationVolume
LogPluginManager: Mounting plugin CodeLiteSourceCodeAccess
LogPluginManager: Mounting plugin GitSourceControl
LogPluginManager: Mounting plugin KDevelopSourceCodeAccess
LogPluginManager: Mounting plugin NullSourceCodeAccess
LogPluginManager: Mounting plugin PerforceSourceControl
LogPluginManager: Mounting plugin SubversionSourceControl
LogPluginManager: Mounting plugin UObjectPlugin
LogPluginManager: Mounting plugin VisualStudioCodeSourceCodeAccess
LogPluginManager: Mounting plugin VisualStudioSourceCodeAccess
LogPluginManager: Mounting plugin XCodeSourceCodeAccess
LogPluginManager: Mounting plugin AssetManagerEditor
LogPluginManager: Mounting plugin AudioCapture
LogPluginManager: Mounting plugin FacialAnimation
LogPluginManager: Mounting plugin GameplayTagsEditor
LogPluginManager: Mounting plugin MobileLauncherProfileWizard
LogPluginManager: Mounting plugin PluginBrowser
LogPluginManager: Mounting plugin SpeedTreeImporter
LogPluginManager: Mounting plugin AlembicImporter
LogPluginManager: Mounting plugin CharacterAI
LogPluginManager: Mounting plugin HTML5Networking
LogPluginManager: Mounting plugin GameSparks
LogPluginManager: Mounting plugin LowEntryExtStdLib
LogPluginManager: Mounting plugin Substance
LogPluginManager: Mounting plugin AndroidMedia
LogPluginManager: Mounting plugin AvfMedia
LogPluginManager: Mounting plugin ImgMedia
LogPluginManager: Mounting plugin MediaCompositing
LogPluginManager: Mounting plugin MediaPlayerEditor
LogPluginManager: Mounting plugin WmfMedia
LogPluginManager: Mounting plugin TcpMessaging
LogPluginManager: Mounting plugin UdpMessaging
LogPluginManager: Mounting plugin ActorSequence
LogPluginManager: Mounting plugin LevelSequenceEditor
LogPluginManager: Mounting plugin MatineeToLevelSequence
LogPluginManager: Mounting plugin OnlineSubsystemGooglePlay
LogPluginManager: Mounting plugin OnlineSubsystemIOS
LogPluginManager: Mounting plugin OnlineSubsystem
LogPluginManager: Mounting plugin OnlineSubsystemNull
LogPluginManager: Mounting plugin OnlineSubsystemSteam
LogPluginManager: Mounting plugin OnlineSubsystemUtils
LogPluginManager: Mounting plugin AndroidDeviceProfileSelector
LogPluginManager: Mounting plugin AndroidMoviePlayer
LogPluginManager: Mounting plugin AndroidPermission
LogPluginManager: Mounting plugin AppleARKit
LogPluginManager: Mounting plugin AppleMoviePlayer
LogPluginManager: Mounting plugin ArchVisCharacter
LogPluginManager: Mounting plugin CableComponent
LogPluginManager: Mounting plugin CustomMeshComponent
LogPluginManager: Mounting plugin ExampleDeviceProfileSelector
LogPluginManager: Mounting plugin GoogleCloudMessaging
LogPluginManager: Mounting plugin ImmediatePhysics
LogPluginManager: Mounting plugin IOSDeviceProfileSelector
LogPluginManager: Mounting plugin LinuxDeviceProfileSelector
LogPluginManager: Mounting plugin LocationServicesBPLibrary
LogPluginManager: Mounting plugin MobilePatchingUtils
LogPluginManager: Mounting plugin Ansel
LogPluginManager: Mounting plugin OculusVR
LogPluginManager: Plugin shader directory ../../../Engine/Plugins/Runtime/Oculus/OculusVR/Shaders found
LogPluginManager: Mapping shader source directory ../../../Engine/Plugins/Runtime/Oculus/OculusVR/Shaders to virtual directory /Plugin/OculusVR
LogPluginManager: Mounting plugin PhysXVehicles
LogPluginManager: Mounting plugin ProceduralMeshComponent
LogPluginManager: Mounting plugin RuntimePhysXCooking
LogPluginManager: Mounting plugin SteamController
LogPluginManager: Mounting plugin SteamVR
LogPluginManager: Mounting plugin WindowsMoviePlayer
LogInit: Using libcurl 7.47.1
LogInit:  - built for x86_64-pc-win32
LogInit:  - supports SSL with OpenSSL/1.0.2g
LogInit:  - supports HTTP deflate (compression) using libz 1.2.8
LogInit:  - other features:
LogInit:      CURL_VERSION_SSL
LogInit:      CURL_VERSION_LIBZ
LogInit:      CURL_VERSION_IPV6
LogInit:      CURL_VERSION_ASYNCHDNS
LogInit:      CURL_VERSION_LARGEFILE
LogInit:      CURL_VERSION_IDN
LogInit:  CurlRequestOptions (configurable via config and command line):
LogInit:  - bVerifyPeer = false  - Libcurl will NOT verify peer certificate
LogInit:  - bUseHttpProxy = false  - Libcurl will NOT use HTTP proxy
LogInit:  - bDontReuseConnections = false  - Libcurl will reuse connections
LogInit:  - CertBundlePath = nullptr  - Libcurl will use whatever was configured at build time.
LogInit: WinSock: version 1.1 (2.2), MaxSocks=32767, MaxUdp=65467
LogInit: Build: ++UE4+Release-4.18-CL-3794801
LogInit: Engine Version: 4.18.2-3794801+++UE4+Release-4.18
LogInit: Compatible Engine Version: 4.18.0-3709383+++UE4+Release-4.18
LogInit: Net CL: 3709383
LogDevObjectVersion: Number of dev versions registered: 16
LogDevObjectVersion:   Dev-Blueprints (B0D832E4-1F89-4F0D-ACCF-7EB736FD4AA2): 10
LogDevObjectVersion:   Dev-Build (E1C64328-A22C-4D53-A36C-8E866417BD8C): 0
LogDevObjectVersion:   Dev-Core (375EC13C-06E4-48FB-B500-84F0262A717E): 2
LogDevObjectVersion:   Dev-Editor (E4B068ED-F494-42E9-A231-DA0B2E46BB41): 20
LogDevObjectVersion:   Dev-Framework (CFFC743F-43B0-4480-9391-14DF171D2073): 30
LogDevObjectVersion:   Dev-Mobile (B02B49B5-BB20-44E9-A304-32B752E40360): 0
LogDevObjectVersion:   Dev-Networking (A4E4105C-59A1-49B5-A7C5-40C4547EDFEE): 0
LogDevObjectVersion:   Dev-Online (39C831C9-5AE6-47DC-9A44-9C173E1C8E7C): 0
LogDevObjectVersion:   Dev-Physics (78F01B33-EBEA-4F98-B9B4-84EACCB95AA2): 0
LogDevObjectVersion:   Dev-Platform (6631380F-2D4D-43E0-8009-CF276956A95A): 0
LogDevObjectVersion:   Dev-Rendering (12F88B9F-8875-4AFC-A67C-D90C383ABD29): 20
LogDevObjectVersion:   Dev-Sequencer (7B5AE74C-D270-4C10-A958-57980B212A5A): 4
LogDevObjectVersion:   Dev-VR (D7296918-1DD6-4BDD-9DE2-64A83CC13884): 0
LogDevObjectVersion:   Dev-LoadTimes (C2A15278-BFE7-4AFE-6C17-90FF531DF755): 1
LogDevObjectVersion:   Private-Geometry (6EACA3D4-40EC-4CC1-B786-8BED09428FC5): 1
LogDevObjectVersion:   Dev-AnimPhys (29E575DD-E0A3-4627-9D10-D276232CDCEA): 12
LogInit: Compiled (64-bit): Dec  8 2017 02:04:53
LogInit: Compiled with Visual C++: 19.00.24215.01
LogInit: Build Configuration: Development
LogInit: Branch Name: ++UE4+Release-4.18
LogInit: Command line:  /Game/Maps/MainMenuMap -game -PIEVIACONSOLE -ResX=1280 -ResY=720  -Multiprocess -messaging -SessionName="Play in Standalone Game" -windowed 
LogInit: Base directory: C:/Program Files/Epic Games/UE_4.18/Engine/Binaries/Win64/
LogInit: Installed Engine Build: 1
LogInit: Presizing for max 8388607 objects, including 0 objects not considered by GC, pre-allocating 0 bytes for permanent pool.
LogInit: Object subsystem initialized
[2018.01.06-07.29.13:003][  0]LogInit: Selected Device Profile: [Windows]
[2018.01.06-07.29.13:003][  0]LogInit: Applying CVar settings loaded from the selected device profile: [Windows]
[2018.01.06-07.29.13:008][  0]LogInit: Computer: DESKTOP-PMMNAAF
[2018.01.06-07.29.13:008][  0]LogInit: User: Nugget
[2018.01.06-07.29.13:008][  0]LogInit: CPU Page size=4096, Cores=4
[2018.01.06-07.29.13:008][  0]LogInit: High frequency timer resolution =3.330091 MHz
[2018.01.06-07.29.13:009][  0]LogMemory: Memory total: Physical=16.0GB (16GB approx)
[2018.01.06-07.29.13:009][  0]LogMemory: Platform Memory Stats for Windows
[2018.01.06-07.29.13:009][  0]LogMemory: Process Physical Memory: 276.28 MB used, 276.28 MB peak
[2018.01.06-07.29.13:009][  0]LogMemory: Process Virtual Memory: 270.33 MB used, 270.33 MB peak
[2018.01.06-07.29.13:009][  0]LogMemory: Physical Memory: 5797.29 MB used,  10569.95 MB free, 16367.24 MB total
[2018.01.06-07.29.13:009][  0]LogMemory: Virtual Memory: 671.91 MB used,  10569.95 MB free, 134217728.00 MB total
[2018.01.06-07.29.13:231][  0]LogInit: Using OS detected language (en-US).
[2018.01.06-07.29.13:231][  0]LogInit: Using OS detected locale (en-US).
[2018.01.06-07.29.13:235][  0]LogTextLocalizationManager: No specific localization for 'en-US' exists, so the 'en' localization will be used.
[2018.01.06-07.29.13:748][  0]LogD3D11RHI: D3D11 adapters:
[2018.01.06-07.29.13:788][  0]LogD3D11RHI:    0. 'NVIDIA GeForce GTX 1050' (Feature Level 11_0)
[2018.01.06-07.29.13:788][  0]LogD3D11RHI:       1987/0/8183 MB DedicatedVideo/DedicatedSystem/SharedSystem, Outputs:2, VendorId:0x10de
[2018.01.06-07.29.13:791][  0]LogD3D11RHI:    1. 'Microsoft Basic Render Driver' (Feature Level 11_0)
[2018.01.06-07.29.13:791][  0]LogD3D11RHI:       0/0/8183 MB DedicatedVideo/DedicatedSystem/SharedSystem, Outputs:0, VendorId:0x1414
[2018.01.06-07.29.13:791][  0]LogD3D11RHI: Chosen D3D11 Adapter: 0
[2018.01.06-07.29.13:799][  0]LogD3D11RHI: Creating new Direct3DDevice
[2018.01.06-07.29.13:799][  0]LogD3D11RHI:     GPU DeviceId: 0x1c81 (for the marketing name, search the web for "GPU Device Id")
[2018.01.06-07.29.13:799][  0]LogWindows: EnumDisplayDevices:
[2018.01.06-07.29.13:799][  0]LogWindows:    0. 'NVIDIA GeForce GTX 1050' (P:1 D:1)
[2018.01.06-07.29.13:800][  0]LogWindows:    1. 'NVIDIA GeForce GTX 1050' (P:0 D:1)
[2018.01.06-07.29.13:800][  0]LogWindows:    2. 'NVIDIA GeForce GTX 1050' (P:0 D:0)
[2018.01.06-07.29.13:800][  0]LogWindows:    3. 'NVIDIA GeForce GTX 1050' (P:0 D:0)
[2018.01.06-07.29.13:800][  0]LogWindows: DebugString: GetVideoDriverDetailsInvalid PrimaryIsNotTheChoosenAdapter GetVideoDriverDetailsInvalid PrimaryIsNotTheChoosenAdapter GetVideoDriverDetailsInvalid PrimaryIsNotTheChoosenAdapter GetVideoDriverDetailsInvalid PrimaryIsNotTheChoosenAdapter FoundDriverCount:0 
[2018.01.06-07.29.13:800][  0]LogD3D11RHI:     Adapter Name: NVIDIA GeForce GTX 1050
[2018.01.06-07.29.13:800][  0]LogD3D11RHI:   Driver Version: Unknown (internal:Unknown, unified:Unknown)
[2018.01.06-07.29.13:800][  0]LogD3D11RHI:      Driver Date: Unknown
[2018.01.06-07.29.13:800][  0]LogRHI: Texture pool is 1391 MB (70% of 1987 MB)
[2018.01.06-07.29.13:827][  0]LogD3D11RHI: Async texture creation enabled
[2018.01.06-07.29.13:849][  0]LogD3D11RHI: GPU Timing Frequency: 1000.000000 (Debug: 2 1)
[2018.01.06-07.29.13:900][  0]LogShaderCompilers: Guid format shader working directory is -27 characters bigger than the processId version (../../../../../../Users/Nugget/Documents/Unreal Projects/My_Nuggets_Menus/Intermediate/Shaders/WorkingDirectory/30320/).
[2018.01.06-07.29.13:901][  0]LogShaderCompilers: Cleaned the shader compiler working directory 'C:/Users/Nugget/AppData/Local/Temp/UnrealShaderWorkingDir/04DBCB4041FEDBCD1C0E7FB9A5E877CF/'.
[2018.01.06-07.29.13:901][  0]LogShaderCompilers: Display: Using Local Shader Compiler.
[2018.01.06-07.29.14:958][  0]LogTemp: Display: Loaded TP WindowsClientTargetPlatform
[2018.01.06-07.29.15:033][  0]LogTemp: Display: Loaded TP WindowsNoEditorTargetPlatform
[2018.01.06-07.29.15:104][  0]LogTemp: Display: Loaded TP WindowsServerTargetPlatform
[2018.01.06-07.29.15:178][  0]LogTemp: Display: Loaded TP WindowsTargetPlatform
[2018.01.06-07.29.15:178][  0]LogTargetPlatformManager: Display: Building Assets For Windows
[2018.01.06-07.29.15:835][  0]LogDerivedDataCache: Display: Max Cache Size: 512 MB
[2018.01.06-07.29.15:914][  0]LogDerivedDataCache: Loaded boot cache 0.08s 78MB C:/Users/Nugget/AppData/Local/UnrealEngine/4.18/DerivedDataCache/Boot.ddc.
[2018.01.06-07.29.15:914][  0]LogDerivedDataCache: Display: Loaded Boot cache: C:/Users/Nugget/AppData/Local/UnrealEngine/4.18/DerivedDataCache/Boot.ddc
[2018.01.06-07.29.15:914][  0]LogDerivedDataCache: FDerivedDataBackendGraph:  Pak pak cache file ../../../../../../Users/Nugget/Documents/Unreal Projects/My_Nuggets_Menus/DerivedDataCache/DDC.ddp not found, will not use a pak cache.
[2018.01.06-07.29.15:914][  0]LogDerivedDataCache: Unable to find inner node Pak for hierarchical cache Hierarchy.
[2018.01.06-07.29.15:914][  0]LogDerivedDataCache: FDerivedDataBackendGraph:  CompressedPak pak cache file ../../../../../../Users/Nugget/Documents/Unreal Projects/My_Nuggets_Menus/DerivedDataCache/Compressed.ddp not found, will not use a pak cache.
[2018.01.06-07.29.15:914][  0]LogDerivedDataCache: Unable to find inner node CompressedPak for hierarchical cache Hierarchy.
[2018.01.06-07.29.15:931][  0]LogDerivedDataCache: Display: Pak cache opened for reading ../../../Engine/DerivedDataCache/Compressed.ddp.
[2018.01.06-07.29.15:944][  0]LogDerivedDataCache: Using Local data cache path C:/Users/Nugget/AppData/Local/UnrealEngine/Common/DerivedDataCache: Writable
[2018.01.06-07.29.15:955][  0]LogMaterial: Verifying Global Shaders for PCD3D_SM5
[2018.01.06-07.29.15:955][  0]LogSlate: Using Freetype 2.6.0
[2018.01.06-07.29.15:956][  0]LogSlate: SlateFontCache - WITH_FREETYPE: 1, WITH_HARFBUZZ: 1
[2018.01.06-07.29.15:956][  0]LogSlate: SlateFontCache - WITH_FREETYPE: 1, WITH_HARFBUZZ: 1
[2018.01.06-07.29.16:326][  0]LogAssetRegistry: FAssetRegistry took 0.0047 seconds to start up
[2018.01.06-07.29.16:350][  0]LogPackageLocalizationCache: Processed 9 localized package path(s) for 2 prioritized culture(s) in 0.024404 seconds
[2018.01.06-07.29.16:461][  0]LogInit: Selected Device Profile: [Windows]
[2018.01.06-07.29.16:908][  0]LogSimplygon: Simplygon DLL not present - disabling.
[2018.01.06-07.29.16:970][  0]LogMeshReduction: Using SimplygonSwarm for distributed automatic mesh merging
[2018.01.06-07.29.16:970][  0]LogMeshReduction: Using QuadricMeshReduction for automatic static mesh reduction
[2018.01.06-07.29.16:970][  0]LogMeshReduction: No automatic skeletal mesh reduction module available
[2018.01.06-07.29.16:970][  0]LogMeshReduction: No automatic mesh merging module available
[2018.01.06-07.29.16:970][  0]LogMeshMerging: No automatic mesh merging module available
[2018.01.06-07.29.17:010][  0]LogNetVersion: My_Nuggets_Menus , NetCL: 3709383, EngineNetVer: 2, GameNetVer: 0 (Checksum: 1586398250)
[2018.01.06-07.29.17:249][  0]LogInit: Warning: Passing commandline switches using / instead of - has been deprecated and will be removed in future versions of Unreal Engine.
[2018.01.06-07.29.17:249][  0]LogInit: Warning: Passing commandline switches using / instead of - has been deprecated and will be removed in future versions of Unreal Engine.
[2018.01.06-07.29.17:249][  0]LogInit: Warning: Passing commandline switches using / instead of - has been deprecated and will be removed in future versions of Unreal Engine.
[2018.01.06-07.29.19:393][  0]LogMoviePlayer: Initializing movie player
[2018.01.06-07.29.19:825][  0]LogCollectionManager: Loaded 0 collections in 0.001961 seconds
[2018.01.06-07.29.19:887][  0]LogFileCache: Scanning file cache for directory 'C:/Users/Nugget/Documents/Unreal Projects/My_Nuggets_Menus/Saved/Collections/' took 0.01s
[2018.01.06-07.29.19:887][  0]LogFileCache: Scanning file cache for directory 'C:/Users/Nugget/Documents/Unreal Projects/My_Nuggets_Menus/Content/Developers/Nugget/Collections/' took 0.01s
[2018.01.06-07.29.19:887][  0]LogFileCache: Scanning file cache for directory 'C:/Users/Nugget/Documents/Unreal Projects/My_Nuggets_Menus/Content/Collections/' took 0.01s
[2018.01.06-07.29.19:887][  0]LogCollectionManager: Rebuilt the object cache for 0 collections in 0.000001 seconds (found 0 objects)
[2018.01.06-07.29.19:887][  0]LogCollectionManager: Fixed up redirectors for 0 collections in 0.000181 seconds (updated 0 objects)
[2018.01.06-07.29.20:266][  0]UGameSparksModuleLog: Warning: GameSparks::StartupModule
[2018.01.06-07.29.20:846][  0]LogSubstanceCoreModule: Substance [CPU] Engine Loaded, Max Texture Size = 2048
[2018.01.06-07.29.20:898][  0]LogTcpMessaging: Initializing TcpMessaging bridge
[2018.01.06-07.29.20:958][  0]LogUdpMessaging: Initializing bridge on interface 0.0.0.0:0 to multicast group 230.0.0.1:6666.
[2018.01.06-07.29.21:671][  0]LogInit: Warning: Passing commandline switches using / instead of - has been deprecated and will be removed in future versions of Unreal Engine.
[2018.01.06-07.29.21:671][  0]SourceControl: Source control is disabled
[2018.01.06-07.29.21:671][  0]SourceControl: Source control is disabled
[2018.01.06-07.29.21:751][  0]SourceControl: Source control is disabled
[2018.01.06-07.29.22:457][  0]LogOnline: Display: STEAM: Loading Steam SDK 1.39
[2018.01.06-07.29.22:538][  0]LogAndroidPermission: UAndroidPermissionCallbackProxy::GetInstance
[2018.01.06-07.29.22:931][  0]LogAnsel: Tried to load ../../../Engine/Plugins/Runtime/Nvidia/Ansel/Binaries/ThirdParty/AnselSDK64.dll : success=1
[2018.01.06-07.29.23:016][  0]LogOcInput: OculusInput pre-init called
[2018.01.06-07.29.23:276][  0]LogUObjectArray: 46424 objects as part of root set at end of initial load.
[2018.01.06-07.29.23:276][  0]LogUObjectAllocator: 9773528 out of 0 bytes used by permanent object pool.
[2018.01.06-07.29.23:276][  0]LogUObjectArray: CloseDisregardForGC: 0/0 objects in disregard for GC pool
[2018.01.06-07.29.23:411][  0]LogEngine: Initializing Engine...
[2018.01.06-07.29.23:414][  0]LogHMD: Failed to initialize OpenVR with code 110
[2018.01.06-07.29.23:620][  0]LogStats: UGameplayTagsManager::ConstructGameplayTagTree: Construct from data asset -  0.000 s
[2018.01.06-07.29.23:620][  0]LogStats: UGameplayTagsManager::ConstructGameplayTagTree: GameplayTagTreeChangedEvent.Broadcast -  0.000 s
[2018.01.06-07.29.23:647][  0]LogInit: XAudio2 using 'Speakers (High Definition Audio Device)' : 2 channels at 44.1 kHz using 16 bits per sample (channel mask 0x3)
[2018.01.06-07.29.23:659][  0]LogInit: FAudioDevice initialized.
[2018.01.06-07.29.23:685][  0]LogInit: Texture streaming: Enabled
[2018.01.06-07.29.23:703][  0]LogMaterial: Uniform references updated for custom material expression Custom.
[2018.01.06-07.29.24:378][  0]LogInit: Warning: Passing commandline switches using / instead of - has been deprecated and will be removed in future versions of Unreal Engine.
[2018.01.06-07.29.24:443][  0]LogInit: Display: Game Engine Initialized.
[2018.01.06-07.29.24:443][  0]LogGameplayTags: Display: UGameplayTagsManager::DoneAddingNativeTags. DelegateIsBound: 0
[2018.01.06-07.29.24:705][  0]LogInit: Display: Starting Game.
[2018.01.06-07.29.24:705][  0]LogNet: Browse: /Game/Maps/MainMenuMap?Name=Player
[2018.01.06-07.29.24:705][  0]LogLoad: LoadMap: /Game/Maps/MainMenuMap?Name=Player
[2018.01.06-07.29.24:912][  0]LogAIModule: Creating AISystem for world MainMenuMap
[2018.01.06-07.29.25:043][  0]LogLoad: Game class is 'GamePlayGM_C'
[2018.01.06-07.29.25:044][  0]LogWorld: Bringing World /Game/Maps/MainMenuMap.MainMenuMap up for play (max tick rate 0) at 2018.01.06-18.29.25
[2018.01.06-07.29.25:044][  0]LogWorld: Bringing up level for play took: 0.000624
[2018.01.06-07.29.25:045][  0]LogGameMode: FindPlayerStart: PATHS NOT DEFINED or NO PLAYERSTART with positive rating
[2018.01.06-07.29.25:070][  0]LogGameMode: Display: Match State Changed from EnteringMap to WaitingToStart
[2018.01.06-07.29.25:070][  0]LogGameState: Match State Changed from EnteringMap to WaitingToStart
[2018.01.06-07.29.25:070][  0]LogGameMode: Display: Match State Changed from WaitingToStart to InProgress
[2018.01.06-07.29.25:079][  0]r.SetRes = "1280x760"
[2018.01.06-07.29.25:080][  0]r.SetRes = "1280x760w"
[2018.01.06-07.29.25:080][  0]sg.TextureQuality = "2"
[2018.01.06-07.29.25:080][  0]foliage.DensityScale = "0.75"
[2018.01.06-07.29.25:080][  0]grass.densityScale = "0.75"
[2018.01.06-07.29.25:081][  0]sg.ShadowQuality = "1"
[2018.01.06-07.29.25:081][  0]r.PostProcessAAQuality = "0"
[2018.01.06-07.29.25:081][  0]sg.EffectsQuality = "2"
[2018.01.06-07.29.25:082][  0]LogGameState: Match State Changed from WaitingToStart to InProgress
[2018.01.06-07.29.25:082][  0]LogLoad: Took 0.376524 seconds to LoadMap(/Game/Maps/MainMenuMap)
[2018.01.06-07.29.25:193][  0]LogRenderer: Reallocating scene render targets to support 1280x760 Format 9 NumSamples 1 (Frame:1).
[2018.01.06-07.29.25:436][  0]LogLoad: (Engine Initialization) Total time: 16.07 seconds
[2018.01.06-07.29.25:436][  0]LogLoad: (Engine Initialization) Total Blueprint compile time: 0.00 seconds
[2018.01.06-07.29.25:437][  0]LogExternalProfiler: No external profilers were discovered.  External profiling features will not be available.
[2018.01.06-07.29.25:453][  0]LogWindowsTextInputMethodSystem: Display: IME system now deactivated.
[2018.01.06-07.29.25:457][  0]LogSteamController: SteamController is not available
[2018.01.06-07.29.25:459][  0]LogAnsel: We reckon 0.010000 meters to 1 world unit
[2018.01.06-07.29.25:459][  0]LogContentStreaming: Texture pool size now 800 MB
[2018.01.06-07.29.34:519][554]LogRenderer: Reallocating scene render targets to support 1920x1020 Format 9 NumSamples 1 (Frame:557).
[2018.01.06-07.29.38:105][777]r.AmbientOcclusionLevels = "0"
[2018.01.06-07.29.38:508][802]r.AmbientOcclusionLevels = "3"
[2018.01.06-07.29.38:750][817]r.ViewDistanceScale = "0.533568"
[2018.01.06-07.29.38:815][821]r.ViewDistanceScale = "0.548018"
[2018.01.06-07.29.38:831][822]r.ViewDistanceScale = "0.569693"
[2018.01.06-07.29.38:847][823]r.ViewDistanceScale = "0.605818"
[2018.01.06-07.29.38:863][824]r.ViewDistanceScale = "0.750318"
[2018.01.06-07.29.38:879][825]r.ViewDistanceScale = "0.909269"
[2018.01.06-07.29.38:895][826]r.ViewDistanceScale = "1"
[2018.01.06-07.29.38:912][827]r.ViewDistanceScale = "1"
[2018.01.06-07.29.39:025][834]r.ViewDistanceScale = "1"
[2018.01.06-07.29.39:040][835]r.ViewDistanceScale = "1"
[2018.01.06-07.29.39:057][836]r.ViewDistanceScale = "1"
[2018.01.06-07.29.39:073][837]r.ViewDistanceScale = "0.930944"
[2018.01.06-07.29.39:089][838]r.ViewDistanceScale = "0.844244"
[2018.01.06-07.29.39:105][839]r.ViewDistanceScale = "0.771994"
[2018.01.06-07.29.39:121][840]r.ViewDistanceScale = "0.750318"
[2018.01.06-07.29.39:137][841]r.ViewDistanceScale = "0.678069"
[2018.01.06-07.29.39:153][842]r.ViewDistanceScale = "0.641943"
[2018.01.06-07.29.39:186][844]r.ViewDistanceScale = "0.555243"
[2018.01.06-07.29.39:234][847]r.ViewDistanceScale = "0.533568"
[2018.01.06-07.29.40:379][918]sg.TextureQuality = "1"
[2018.01.06-07.29.40:478][924]LogContentStreaming: Texture pool size now 600 MB
[2018.01.06-07.29.42:766][ 66]sg.EffectsQuality = "0"
[2018.01.06-07.29.42:990][ 67]LogRenderer: Reallocating scene render targets to support 1920x1020 Format 9 NumSamples 1 (Frame:1069).
[2018.01.06-07.29.45:490][222]sg.ShadowQuality = "0"
[2018.01.06-07.29.45:493][223]LogRenderer: Reallocating scene render targets to support 1920x1020 Format 9 NumSamples 1 (Frame:1225).
[2018.01.06-07.29.46:926][311]r.BloomQuality = "5"
[2018.01.06-07.29.47:474][345]r.MotionBlurQuality = "3"
[2018.01.06-07.29.48:684][420]foliage.DensityScale = "0.5"
[2018.01.06-07.29.48:684][420]grass.densityScale = "0.5"
[2018.01.06-07.29.52:861][679]r.SetRes = "1366x768w"
[2018.01.06-07.29.52:893][679]LogRenderer: Reallocating scene render targets to support 1368x768 Format 9 NumSamples 1 (Frame:1682).
[2018.01.06-07.29.56:079][876]r.SetRes = "1366x768wf"
[2018.01.06-07.29.56:129][877]LogRenderer: Reallocating scene render targets to support 1920x1080 Format 9 NumSamples 1 (Frame:1880).
[2018.01.06-07.29.58:145][  2]r.SetRes = "1366x768w"
[2018.01.06-07.29.58:198][  3]LogRenderer: Reallocating scene render targets to support 1368x768 Format 9 NumSamples 1 (Frame:2007).
[2018.01.06-07.30.10:556][769]LogBlueprintUserMessages: [VideoMenu] Game Saved
[2018.01.06-07.30.35:547][318]LogInit: WinSock: I am DESKTOP-PMMNAAF (192.168.1.35:0)
[2018.01.06-07.30.40:530][628]LogNetVersion: My_Nuggets_Menus 1.0.0.0, NetCL: 3709383, EngineNetVer: 2, GameNetVer: 0 (Checksum: 230027049)
[2018.01.06-07.30.40:654][628]LogPackageName: SearchForPackageOnDisk took   0.122s to resolve LobbyMap.umap.
[2018.01.06-07.30.40:655][628]LogGameMode: Display: Match State Changed from InProgress to LeavingMap
[2018.01.06-07.30.40:655][628]LogGameState: Match State Changed from InProgress to LeavingMap
[2018.01.06-07.30.40:763][628]LogPackageName: SearchForPackageOnDisk took   0.108s to resolve LobbyMap.umap.
[2018.01.06-07.30.40:763][628]LogNet: Browse: /Game/Maps/LobbyMap?listen
[2018.01.06-07.30.40:763][628]LogLoad: LoadMap: /Game/Maps/LobbyMap?listen
[2018.01.06-07.30.40:960][628]LogMaterial: Incomplete cached shader map for material WorldGridMaterial, compiling. Is special engine material.
[2018.01.06-07.30.48:662][628]LogAIModule: Creating AISystem for world LobbyMap
[2018.01.06-07.30.48:662][628]LogLoad: Game class is 'LobbyGM_C'
[2018.01.06-07.30.48:662][628]LogTemp: Display: ParseSettings for GameNetDriver
[2018.01.06-07.30.48:662][628]LogTemp: Display: ParseSettings for IpNetDriver_0
[2018.01.06-07.30.48:662][628]LogTemp: Display: ParseSettings for GameNetDriver
[2018.01.06-07.30.48:663][628]LogInit: WinSock: Socket queue 131072 / 131072
[2018.01.06-07.30.48:663][628]PacketHandlerLog: Loaded PacketHandler component: Engine.EngineHandlerComponentFactory (StatelessConnectHandlerComponent)
[2018.01.06-07.30.48:663][628]LogNet: GameNetDriver IpNetDriver_0 IpNetDriver listening on port 7777
[2018.01.06-07.30.48:668][628]LogWorld: Bringing World /Game/Maps/LobbyMap.LobbyMap up for play (max tick rate 0) at 2018.01.06-18.30.48
[2018.01.06-07.30.48:668][628]LogWorld: Bringing up level for play took: 0.004368
[2018.01.06-07.30.48:669][628]LogGameMode: Display: Match State Changed from EnteringMap to WaitingToStart
[2018.01.06-07.30.48:669][628]LogGameState: Match State Changed from EnteringMap to WaitingToStart
[2018.01.06-07.30.48:669][628]LogGameMode: Display: Match State Changed from WaitingToStart to InProgress
[2018.01.06-07.30.48:671][628]LogGameState: Match State Changed from WaitingToStart to InProgress
[2018.01.06-07.30.48:672][628]LogLoad: Took 7.908481 seconds to LoadMap(/Game/Maps/LobbyMap)
[2018.01.06-07.30.48:711][629]LogNet: UNetDriver::TickDispatch: Very long time between ticks. DeltaTime: 8.06, Realtime: 0.04. IpNetDriver_0
[2018.01.06-07.30.53:724][938]LogWindowsTextInputMethodSystem: Display: IME system now deactivated.
[2018.01.06-07.30.53:726][938]LogWindowsTextInputMethodSystem: Display: IME system now deactivated.
[2018.01.06-07.30.53:727][938]LogEngine: All Windows Closed
[2018.01.06-07.30.53:727][938]LogWindows: FPlatformMisc::RequestExit(0)
[2018.01.06-07.30.53:733][939]LogNet: World NetDriver shutdown IpNetDriver_0 [GameNetDriver]
[2018.01.06-07.30.53:733][939]LogNet: DestroyNamedNetDriver IpNetDriver_0 [GameNetDriver]
[2018.01.06-07.30.53:733][939]LogExit: GameNetDriver IpNetDriver_0 shut down
[2018.01.06-07.30.54:455][939]LogExit: Preparing to exit.
[2018.01.06-07.30.54:455][939]LogMoviePlayer: Shutting down movie player
[2018.01.06-07.30.55:052][939]LogExit: Game engine shut down
[2018.01.06-07.30.55:115][939]LogExit: Object subsystem successfully closed.
[2018.01.06-07.30.55:132][939]LogD3D11RHI: Shutdown
[2018.01.06-07.30.55:132][939]LogD3D11RHI: CleanupD3DDevice
[2018.01.06-07.30.55:135][939]LogD3D11RHI: ~FD3D11DynamicRHI
[2018.01.06-07.30.55:154][939]LogModuleManager: Shutting down and abandoning module SequenceRecorderSections (330)
[2018.01.06-07.30.55:154][939]LogModuleManager: Shutting down and abandoning module SequenceRecorder (328)
[2018.01.06-07.30.55:154][939]LogModuleManager: Shutting down and abandoning module AutomationController (326)
[2018.01.06-07.30.55:154][939]LogModuleManager: Shutting down and abandoning module AutomationWorker (324)
[2018.01.06-07.30.55:154][939]LogModuleManager: Shutting down and abandoning module Voice (322)
[2018.01.06-07.30.55:154][939]LogModuleManager: Shutting down and abandoning module AIModule (320)
[2018.01.06-07.30.55:154][939]LogModuleManager: Shutting down and abandoning module GameplayDebugger (319)
[2018.01.06-07.30.55:154][939]LogModuleManager: Shutting down and abandoning module AITestSuite (317)
[2018.01.06-07.30.55:154][939]LogModuleManager: Shutting down and abandoning module WmfMediaFactory (314)
[2018.01.06-07.30.55:154][939]LogModuleManager: Shutting down and abandoning module OpenExrWrapper (312)
[2018.01.06-07.30.55:154][939]LogModuleManager: Shutting down and abandoning module ImgMediaFactory (310)
[2018.01.06-07.30.55:154][939]LogModuleManager: Shutting down and abandoning module AvfMediaFactory (308)
[2018.01.06-07.30.55:154][939]LogModuleManager: Shutting down and abandoning module CharacterAI (306)
[2018.01.06-07.30.55:154][939]LogModuleManager: Shutting down and abandoning module SessionServices (304)
[2018.01.06-07.30.55:154][939]LogModuleManager: Shutting down and abandoning module MovieSceneCapture (302)
[2018.01.06-07.30.55:154][939]LogModuleManager: Shutting down and abandoning module MovieSceneTracks (300)
[2018.01.06-07.30.55:154][939]LogModuleManager: Shutting down and abandoning module MovieScene (298)
[2018.01.06-07.30.55:154][939]LogModuleManager: Shutting down and abandoning module GeometryCache (296)
[2018.01.06-07.30.55:154][939]LogModuleManager: Shutting down and abandoning module GeometryCacheEd (295)
[2018.01.06-07.30.55:154][939]LogModuleManager: Shutting down and abandoning module StreamingPauseRendering (292)
[2018.01.06-07.30.55:154][939]LogModuleManager: Shutting down and abandoning module PortalServices (290)
[2018.01.06-07.30.55:154][939]LogModuleManager: Shutting down and abandoning module PortalRpc (288)
[2018.01.06-07.30.55:154][939]LogModuleManager: Shutting down and abandoning module MessagingRpc (286)
[2018.01.06-07.30.55:154][939]LogModuleManager: Shutting down and abandoning module ProfilerService (284)
[2018.01.06-07.30.55:256][939]LogModuleManager: Shutting down and abandoning module TaskGraph (282)
[2018.01.06-07.30.55:256][939]LogModuleManager: Shutting down and abandoning module SteamVRController (280)
[2018.01.06-07.30.55:256][939]LogModuleManager: Shutting down and abandoning module SteamController (278)
[2018.01.06-07.30.55:256][939]LogModuleManager: Shutting down and abandoning module ProceduralMeshComponent (276)
[2018.01.06-07.30.55:256][939]LogModuleManager: Shutting down and abandoning module OculusInput (274)
[2018.01.06-07.30.55:256][939]LogModuleManager: Shutting down and abandoning module Ansel (272)
[2018.01.06-07.30.55:256][939]LogModuleManager: Shutting down and abandoning module MobilePatchingUtils (270)
[2018.01.06-07.30.55:256][939]LogModuleManager: Shutting down and abandoning module CustomMeshComponent (268)
[2018.01.06-07.30.55:256][939]LogModuleManager: Shutting down and abandoning module CableComponent (266)
[2018.01.06-07.30.55:256][939]LogModuleManager: Shutting down and abandoning module ArchVisCharacter (264)
[2018.01.06-07.30.55:256][939]LogModuleManager: Shutting down and abandoning module AndroidPermission (262)
[2018.01.06-07.30.55:256][939]LogModuleManager: Shutting down and abandoning module ActorSequence (258)
[2018.01.06-07.30.55:256][939]LogModuleManager: Shutting down and abandoning module MediaCompositing (256)
[2018.01.06-07.30.55:256][939]LogModuleManager: Shutting down and abandoning module LowEntryExtendedStandardLibraryEditor (254)
[2018.01.06-07.30.55:256][939]LogModuleManager: Shutting down and abandoning module HTML5Networking (250)
[2018.01.06-07.30.55:256][939]LogModuleManager: Shutting down and abandoning module VisualStudioSourceCodeAccess (248)
[2018.01.06-07.30.55:256][939]LogModuleManager: Shutting down and abandoning module HotReload (247)
[2018.01.06-07.30.55:256][939]LogModuleManager: Shutting down and abandoning module VisualStudioCodeSourceCodeAccess (244)
[2018.01.06-07.30.55:256][939]LogModuleManager: Shutting down and abandoning module UObjectPlugin (242)
[2018.01.06-07.30.55:257][939]LogModuleManager: Shutting down and abandoning module SubversionSourceControl (240)
[2018.01.06-07.30.55:257][939]LogModuleManager: Shutting down and abandoning module PerforceSourceControl (238)
[2018.01.06-07.30.55:257][939]LogModuleManager: Shutting down and abandoning module SourceControl (237)
[2018.01.06-07.30.55:257][939]LogModuleManager: Shutting down and abandoning module RuntimePhysXCooking (234)
[2018.01.06-07.30.55:257][939]LogModuleManager: Shutting down and abandoning module PhysXVehiclesEditor (232)
[2018.01.06-07.30.55:257][939]LogModuleManager: Shutting down and abandoning module PhysXVehicles (230)
[2018.01.06-07.30.55:257][939]LogModuleManager: Shutting down and abandoning module LocationServicesBPLibrary (228)
[2018.01.06-07.30.55:257][939]LogModuleManager: Shutting down and abandoning module ImmediatePhysicsEditor (226)
[2018.01.06-07.30.55:257][939]LogModuleManager: Shutting down and abandoning module ImmediatePhysics (224)
[2018.01.06-07.30.55:257][939]LogModuleManager: Shutting down and abandoning module UdpMessaging (222)
[2018.01.06-07.30.55:358][939]LogModuleManager: Shutting down and abandoning module TcpMessaging (220)
[2018.01.06-07.30.55:937][939]LogModuleManager: Shutting down and abandoning module SubstanceCore (218)
[2018.01.06-07.30.55:937][939]LogModuleManager: Shutting down and abandoning module LowEntryExtendedStandardLibrary (216)
[2018.01.06-07.30.55:937][939]LogModuleManager: Shutting down and abandoning module GameSparks (214)
[2018.01.06-07.30.55:937][939]LogModuleManager: Shutting down and abandoning module GameplayTagsEditor (212)
[2018.01.06-07.30.55:937][939]LogModuleManager: Shutting down and abandoning module FacialAnimation (210)
[2018.01.06-07.30.55:937][939]LogModuleManager: Shutting down and abandoning module AssetManagerEditor (208)
[2018.01.06-07.30.55:937][939]LogModuleManager: Shutting down and abandoning module GraphEditor (207)
[2018.01.06-07.30.55:937][939]LogModuleManager: Shutting down and abandoning module ContentBrowser (205)
[2018.01.06-07.30.55:937][939]LogModuleManager: Shutting down and abandoning module CollectionManager (204)
[2018.01.06-07.30.55:938][939]LogDirectoryWatcher: A directory notification for 'C:/Users/Nugget/Documents/Unreal Projects/My_Nuggets_Menus/Content/Collections/' was aborted.
[2018.01.06-07.30.55:938][939]LogDirectoryWatcher: A directory notification for 'C:/Users/Nugget/Documents/Unreal Projects/My_Nuggets_Menus/Content/Developers/Nugget/Collections/' was aborted.
[2018.01.06-07.30.55:938][939]LogDirectoryWatcher: A directory notification for 'C:/Users/Nugget/Documents/Unreal Projects/My_Nuggets_Menus/Saved/Collections/' was aborted.
[2018.01.06-07.30.55:938][939]LogModuleManager: Shutting down and abandoning module DirectoryWatcher (203)
[2018.01.06-07.30.55:938][939]LogModuleManager: Shutting down and abandoning module LightPropagationVolumeRuntime (198)
[2018.01.06-07.30.55:938][939]LogModuleManager: Shutting down and abandoning module Paper2D (196)
[2018.01.06-07.30.55:938][939]LogModuleManager: Shutting down and abandoning module WindowsMoviePlayer (194)
[2018.01.06-07.30.55:938][939]LogModuleManager: Shutting down and abandoning module WmfMedia (192)
[2018.01.06-07.30.55:940][939]LogModuleManager: Shutting down and abandoning module ImgMedia (190)
[2018.01.06-07.30.55:940][939]LogModuleManager: Shutting down and abandoning module PacketHandler (188)
[2018.01.06-07.30.55:940][939]LogModuleManager: Shutting down and abandoning module ClothingSystemEditor (186)
[2018.01.06-07.30.55:940][939]LogModuleManager: Shutting down and abandoning module ClothingSystemRuntime (184)
[2018.01.06-07.30.55:940][939]LogModuleManager: Shutting down and abandoning module MediaAssets (182)
[2018.01.06-07.30.55:940][939]LogModuleManager: Shutting down and abandoning module Media (181)
[2018.01.06-07.30.55:946][939]LogModuleManager: Shutting down and abandoning module Overlay (178)
[2018.01.06-07.30.55:946][939]LogModuleManager: Shutting down and abandoning module OverlayEditor (177)
[2018.01.06-07.30.55:946][939]LogModuleManager: Shutting down and abandoning module VREditor (174)
[2018.01.06-07.30.55:946][939]LogModuleManager: Shutting down and abandoning module StringTableEditor (172)
[2018.01.06-07.30.55:946][939]LogModuleManager: Shutting down and abandoning module GameplayTasksEditor (170)
[2018.01.06-07.30.55:946][939]LogModuleManager: Shutting down and abandoning module BehaviorTreeEditor (168)
[2018.01.06-07.30.55:946][939]LogModuleManager: Shutting down and abandoning module FunctionalTesting (166)
[2018.01.06-07.30.55:946][939]LogModuleManager: Shutting down and abandoning module CollisionAnalyzer (164)
[2018.01.06-07.30.55:946][939]LogModuleManager: Shutting down and abandoning module WorkspaceMenuStructure (163)
[2018.01.06-07.30.55:946][939]LogModuleManager: Shutting down and abandoning module UMG (160)
[2018.01.06-07.30.55:946][939]LogModuleManager: Shutting down and abandoning module UMGEditor (159)
[2018.01.06-07.30.55:947][939]LogModuleManager: Shutting down and abandoning module Sequencer (158)
[2018.01.06-07.30.55:947][939]LogModuleManager: Shutting down and abandoning module MessageLog (155)
[2018.01.06-07.30.55:947][939]LogModuleManager: Shutting down and abandoning module SlateReflector (150)
[2018.01.06-07.30.55:947][939]LogModuleManager: Shutting down and abandoning module Slate (148)
[2018.01.06-07.30.55:947][939]LogModuleManager: Shutting down and abandoning module EditorStyle (146)
[2018.01.06-07.30.55:953][939]LogModuleManager: Shutting down and abandoning module MRMesh (144)
[2018.01.06-07.30.55:953][939]LogModuleManager: Shutting down and abandoning module Messaging (142)
[2018.01.06-07.30.55:953][939]LogModuleManager: Shutting down and abandoning module SourceCodeAccess (140)
[2018.01.06-07.30.55:953][939]LogModuleManager: Shutting down and abandoning module HeadMountedDisplay (138)
[2018.01.06-07.30.55:953][939]LogModuleManager: Shutting down and abandoning module XAudio2 (136)
[2018.01.06-07.30.55:953][939]LogModuleManager: Shutting down and abandoning module Networking (134)
[2018.01.06-07.30.55:953][939]LogModuleManager: Shutting down and abandoning module Core (132)
[2018.01.06-07.30.55:953][939]LogModuleManager: Shutting down and abandoning module LevelSequence (130)
[2018.01.06-07.30.55:953][939]LogModuleManager: Shutting down and abandoning module KismetCompiler (128)
[2018.01.06-07.30.55:953][939]LogModuleManager: Shutting down and abandoning module MeshUtilities (126)
[2018.01.06-07.30.55:953][939]LogModuleManager: Shutting down and abandoning module MeshMergeUtilities (125)
[2018.01.06-07.30.55:953][939]LogModuleManager: Shutting down and abandoning module MeshReductionInterface (124)
[2018.01.06-07.30.55:953][939]LogModuleManager: Shutting down and abandoning module SimplygonSwarm (123)
[2018.01.06-07.30.55:953][939]LogModuleManager: Shutting down and abandoning module SimplygonMeshReduction (121)
[2018.01.06-07.30.55:953][939]LogModuleManager: Shutting down and abandoning module QuadricMeshReduction (119)
[2018.01.06-07.30.55:953][939]LogModuleManager: Shutting down and abandoning module MaterialBaking (115)
[2018.01.06-07.30.55:953][939]LogModuleManager: Shutting down and abandoning module DerivedDataCache (110)
[2018.01.06-07.30.56:021][939]LogDerivedDataCache: Shutdown
[2018.01.06-07.30.56:021][939]LogModuleManager: Shutting down and abandoning module TargetPlatform (108)
[2018.01.06-07.30.56:021][939]LogModuleManager: Shutting down and abandoning module VulkanShaderFormat (107)
[2018.01.06-07.30.56:021][939]LogModuleManager: Shutting down and abandoning module ShaderFormatVectorVM (105)
[2018.01.06-07.30.56:021][939]LogModuleManager: Shutting down and abandoning module ShaderFormatOpenGL (103)
[2018.01.06-07.30.56:021][939]LogModuleManager: Shutting down and abandoning module ShaderFormatD3D (101)
[2018.01.06-07.30.56:021][939]LogModuleManager: Shutting down and abandoning module MetalShaderFormat (99)
[2018.01.06-07.30.56:021][939]LogModuleManager: Shutting down and abandoning module TextureFormatUncompressed (97)
[2018.01.06-07.30.56:021][939]LogModuleManager: Shutting down and abandoning module TextureFormatPVR (95)
[2018.01.06-07.30.56:021][939]LogModuleManager: Shutting down and abandoning module TextureFormatDXT (93)
[2018.01.06-07.30.56:021][939]LogModuleManager: Shutting down and abandoning module TextureFormatIntelISPCTexComp (91)
[2018.01.06-07.30.56:021][939]LogModuleManager: Shutting down and abandoning module TextureFormatASTC (89)
[2018.01.06-07.30.56:021][939]LogModuleManager: Shutting down and abandoning module ImageWrapper (88)
[2018.01.06-07.30.56:021][939]LogModuleManager: Shutting down and abandoning module TextureFormatAndroid (85)
[2018.01.06-07.30.56:021][939]LogModuleManager: Shutting down and abandoning module AudioFormatOpus (83)
[2018.01.06-07.30.56:021][939]LogModuleManager: Shutting down and abandoning module AudioFormatOgg (81)
[2018.01.06-07.30.56:021][939]LogModuleManager: Shutting down and abandoning module AudioFormatADPCM (79)
[2018.01.06-07.30.56:021][939]LogModuleManager: Shutting down and abandoning module WindowsTargetPlatform (77)
[2018.01.06-07.30.56:021][939]LogModuleManager: Shutting down and abandoning module WindowsServerTargetPlatform (75)
[2018.01.06-07.30.56:021][939]LogModuleManager: Shutting down and abandoning module WindowsNoEditorTargetPlatform (73)
[2018.01.06-07.30.56:021][939]LogModuleManager: Shutting down and abandoning module WindowsClientTargetPlatform (71)
[2018.01.06-07.30.56:021][939]LogModuleManager: Shutting down and abandoning module InputCore (68)
[2018.01.06-07.30.56:022][939]LogModuleManager: Shutting down and abandoning module Settings (66)
[2018.01.06-07.30.56:022][939]LogModuleManager: Shutting down and abandoning module PhysXCooking (64)
[2018.01.06-07.30.56:022][939]LogModuleManager: Shutting down and abandoning module SteamVR (62)
[2018.01.06-07.30.56:022][939]LogModuleManager: Shutting down and abandoning module OculusHMD (60)
[2018.01.06-07.30.56:022][939]LogModuleManager: Shutting down and abandoning module ExampleDeviceProfileSelector (58)
[2018.01.06-07.30.56:022][939]LogModuleManager: Shutting down and abandoning module AppleARKit (56)
[2018.01.06-07.30.56:022][939]LogModuleManager: Shutting down and abandoning module AugmentedReality (55)
[2018.01.06-07.30.56:022][939]LogModuleManager: Shutting down and abandoning module OnlineBlueprintSupport (52)
[2018.01.06-07.30.56:022][939]LogModuleManager: Shutting down and abandoning module OnlineSubsystem (48)
[2018.01.06-07.30.56:022][939]LogOnline: Display: OSS: FOnlineSubsystemNull::Shutdown()
[2018.01.06-07.30.56:022][939]LogOnline: Display: OSS: FOnlineAsyncTaskManager::Stop() ActiveTask:0000000000000000 Tasks[0/0]
[2018.01.06-07.30.56:023][939]LogOnline: Display: OSS: FOnlineAsyncTaskManager::Exit() started
[2018.01.06-07.30.56:023][939]LogOnline: Display: OSS: FOnlineAsyncTaskManager::Exit() finished
[2018.01.06-07.30.56:023][939]LogModuleManager: Shutting down and abandoning module XMPP (43)
[2018.01.06-07.30.56:023][939]LogModuleManager: Shutting down and abandoning module HTTP (41)
[2018.01.06-07.30.56:027][939]LogModuleManager: Shutting down and abandoning module SSL (40)
[2018.01.06-07.30.56:029][939]LogModuleManager: Shutting down and abandoning module AnimationModifiers (36)
[2018.01.06-07.30.56:029][939]LogModuleManager: Shutting down and abandoning module PropertyEditor (35)
[2018.01.06-07.30.56:029][939]LogModuleManager: Shutting down and abandoning module AudioEditor (32)
[2018.01.06-07.30.56:029][939]LogModuleManager: Shutting down and abandoning module TextureCompressor (30)
[2018.01.06-07.30.56:029][939]LogModuleManager: Shutting down and abandoning module ShaderCore (28)
[2018.01.06-07.30.56:029][939]LogModuleManager: Shutting down and abandoning module Landscape (26)
[2018.01.06-07.30.56:029][939]LogModuleManager: Shutting down and abandoning module SlateRHIRenderer (24)
[2018.01.06-07.30.56:029][939]LogModuleManager: Shutting down and abandoning module OpenGLDrv (22)
[2018.01.06-07.30.56:029][939]LogModuleManager: Shutting down and abandoning module D3D11RHI (20)
[2018.01.06-07.30.56:029][939]LogModuleManager: Shutting down and abandoning module AnimGraphRuntime (18)
[2018.01.06-07.30.56:029][939]LogModuleManager: Shutting down and abandoning module Renderer (16)
[2018.01.06-07.30.56:029][939]LogModuleManager: Shutting down and abandoning module Engine (14)
[2018.01.06-07.30.56:029][939]LogModuleManager: Shutting down and abandoning module CoreUObject (12)
[2018.01.06-07.30.56:029][939]LogModuleManager: Shutting down and abandoning module NetworkFile (10)
[2018.01.06-07.30.56:029][939]LogModuleManager: Shutting down and abandoning module CookedIterativeFile (8)
[2018.01.06-07.30.56:029][939]LogModuleManager: Shutting down and abandoning module StreamingFile (6)
[2018.01.06-07.30.56:029][939]LogModuleManager: Shutting down and abandoning module SandboxFile (4)
[2018.01.06-07.30.56:029][939]LogModuleManager: Shutting down and abandoning module PakFile (2)
[2018.01.06-07.30.56:032][939]LogExit: Exiting.
[2018.01.06-07.30.56:033][939]Log file closed, 01/06/18 18:30:56
