Log file open, 01/06/18 18:17:48
LogWindows: Failed to load 'aqProf.dll' (GetLastError=126)
LogWindows: File 'aqProf.dll' does not exist
LogWindows: Failed to load 'VSPerf140.dll' (GetLastError=126)
LogWindows: File 'VSPerf140.dll' does not exist
LogWindows: Failed to load 'VtuneApi.dll' (GetLastError=126)
LogWindows: File 'VtuneApi.dll' does not exist
LogWindows: Failed to load 'VtuneApi32e.dll' (GetLastError=126)
LogWindows: File 'VtuneApi32e.dll' does not exist
LogInit: Display: Running engine for game: My_Nuggets_Menus
LogPlatformFile: Not using cached read wrapper
LogInit: Display: RandInit(2060451692) SRandInit(2060451692).
LogInit: Read version file with build ID '3709383'
LogInit: Overriding engine version to CL 3794801, compatible CL 3709383
LogInit: Registered custom module enumerator with build ID '3709383'
LogTaskGraph: Started task graph with 5 named threads and 14 total threads with 3 sets of task threads.
LogStats: Stats thread started at 0.177245
LogD3D11RHI: Aftermath initialized
LogModuleManager: Display: Found up-to-date module file ../../../Engine/Plugins/Marketplace/Substance/Binaries/Win64/UE4Editor-SubstanceCore.dll (API version 3709383).
LogModuleManager: Display: Found up-to-date module file ../../../Engine/Plugins/Marketplace/Substance/Binaries/Win64/UE4Editor-SubstanceEditor.dll (API version 3709383).
LogModuleManager: Display: Found up-to-date module file ../../../Engine/Plugins/Marketplace/Substance/Binaries/Win64/UE4Editor-SubstanceSource.dll (API version 3709383).
LogModuleManager: Display: Found up-to-date module file ../../../Engine/Plugins/Marketplace/Substance/Binaries/Win64/UE4Editor-SubstanceLiveLink.dll (API version 3709383).
LogModuleManager: Display: Found up-to-date module file ../../../Engine/Plugins/Marketplace/LowEntryExtStdLib/Binaries/Win64/UE4Editor-LowEntryExtendedStandardLibrary.dll (API version 3709383).
LogModuleManager: Display: Found up-to-date module file ../../../Engine/Plugins/Marketplace/LowEntryExtStdLib/Binaries/Win64/UE4Editor-LowEntryExtendedStandardLibraryEditor.dll (API version 3709383).
LogModuleManager: Display: Found up-to-date module file ../../../Engine/Plugins/Marketplace/GameSparks/Binaries/Win64/UE4Editor-GameSparks.dll (API version 3709383).
LogModuleManager: Display: Found up-to-date module file ../../../Engine/Plugins/Marketplace/GameSparks/Binaries/Win64/UE4Editor-OnlineSubsystemGameSparks.dll (API version 3709383).
LogModuleManager: Display: Found up-to-date module file ../../../Engine/Plugins/Online/OnlineSubsystem/Binaries/Win64/UE4Editor-OnlineSubsystem.dll (API version 3709383).
LogModuleManager: Display: Found up-to-date module file ../../../Engine/Plugins/Online/OnlineSubsystemUtils/Binaries/Win64/UE4Editor-OnlineSubsystemUtils.dll (API version 3709383).
LogModuleManager: Display: Found up-to-date module file ../../../Engine/Plugins/Online/OnlineSubsystemUtils/Binaries/Win64/UE4Editor-OnlineBlueprintSupport.dll (API version 3709383).
LogModuleManager: Display: Found up-to-date module file ../../../Engine/Plugins/Runtime/Nvidia/Ansel/Binaries/Win64/UE4Editor-Ansel.dll (API version 3709383).
LogModuleManager: Display: Found up-to-date module file ../../../Engine/Plugins/Online/OnlineSubsystemSteam/Binaries/Win64/UE4Editor-OnlineSubsystemSteam.dll (API version 3709383).
LogModuleManager: Display: Found up-to-date module file ../../../Engine/Plugins/Runtime/Steam/SteamController/Binaries/Win64/UE4Editor-SteamController.dll (API version 3709383).
LogModuleManager: Display: Found up-to-date module file ../../../Engine/Plugins/2D/Paper2D/Binaries/Win64/UE4Editor-Paper2D.dll (API version 3709383).
LogModuleManager: Display: Found up-to-date module file ../../../Engine/Plugins/2D/Paper2D/Binaries/Win64/UE4Editor-Paper2DEditor.dll (API version 3709383).
LogModuleManager: Display: Found up-to-date module file ../../../Engine/Plugins/2D/Paper2D/Binaries/Win64/UE4Editor-PaperSpriteSheetImporter.dll (API version 3709383).
LogModuleManager: Display: Found up-to-date module file ../../../Engine/Plugins/2D/Paper2D/Binaries/Win64/UE4Editor-PaperTiledImporter.dll (API version 3709383).
LogModuleManager: Display: Found up-to-date module file ../../../Engine/Plugins/2D/Paper2D/Binaries/Win64/UE4Editor-SmartSnapping.dll (API version 3709383).
LogModuleManager: Display: Found up-to-date module file ../../../Engine/Plugins/Blendables/LightPropagationVolume/Binaries/Win64/UE4Editor-LightPropagationVolumeRuntime.dll (API version 3709383).
LogModuleManager: Display: Found up-to-date module file ../../../Engine/Plugins/Blendables/LightPropagationVolume/Binaries/Win64/UE4Editor-LightPropagationVolumeEditor.dll (API version 3709383).
LogModuleManager: Display: Found up-to-date module file ../../../Engine/Plugins/Developer/GitSourceControl/Binaries/Win64/UE4Editor-GitSourceControl.dll (API version 3709383).
LogModuleManager: Display: Found up-to-date module file ../../../Engine/Plugins/Developer/PerforceSourceControl/Binaries/Win64/UE4Editor-PerforceSourceControl.dll (API version 3709383).
LogModuleManager: Display: Found up-to-date module file ../../../Engine/Plugins/Developer/SubversionSourceControl/Binaries/Win64/UE4Editor-SubversionSourceControl.dll (API version 3709383).
LogModuleManager: Display: Found up-to-date module file ../../../Engine/Plugins/Developer/UObjectPlugin/Binaries/Win64/UE4Editor-UObjectPlugin.dll (API version 3709383).
LogModuleManager: Display: Found up-to-date module file ../../../Engine/Plugins/Developer/VisualStudioCodeSourceCodeAccess/Binaries/Win64/UE4Editor-VisualStudioCodeSourceCodeAccess.dll (API version 3709383).
LogModuleManager: Display: Found up-to-date module file ../../../Engine/Plugins/Developer/VisualStudioSourceCodeAccess/Binaries/Win64/UE4Editor-VisualStudioSourceCodeAccess.dll (API version 3709383).
LogModuleManager: Display: Found up-to-date module file ../../../Engine/Plugins/Editor/AssetManagerEditor/Binaries/Win64/UE4Editor-AssetManagerEditor.dll (API version 3709383).
LogModuleManager: Display: Found up-to-date module file ../../../Engine/Plugins/Editor/AudioCapture/Binaries/Win64/UE4Editor-AudioCapture.dll (API version 3709383).
LogModuleManager: Display: Found up-to-date module file ../../../Engine/Plugins/Editor/FacialAnimation/Binaries/Win64/UE4Editor-FacialAnimation.dll (API version 3709383).
LogModuleManager: Display: Found up-to-date module file ../../../Engine/Plugins/Editor/FacialAnimation/Binaries/Win64/UE4Editor-FacialAnimationEditor.dll (API version 3709383).
LogModuleManager: Display: Found up-to-date module file ../../../Engine/Plugins/Editor/GameplayTagsEditor/Binaries/Win64/UE4Editor-GameplayTagsEditor.dll (API version 3709383).
LogModuleManager: Display: Found up-to-date module file ../../../Engine/Plugins/Editor/MobileLauncherProfileWizard/Binaries/Win64/UE4Editor-MobileLauncherProfileWizard.dll (API version 3709383).
LogModuleManager: Display: Found up-to-date module file ../../../Engine/Plugins/Editor/PluginBrowser/Binaries/Win64/UE4Editor-PluginBrowser.dll (API version 3709383).
LogModuleManager: Display: Found up-to-date module file ../../../Engine/Plugins/Editor/SpeedTreeImporter/Binaries/Win64/UE4Editor-SpeedTreeImporter.dll (API version 3709383).
LogModuleManager: Display: Found up-to-date module file ../../../Engine/Plugins/Experimental/AlembicImporter/Binaries/Win64/UE4Editor-AlembicImporter.dll (API version 3709383).
LogModuleManager: Display: Found up-to-date module file ../../../Engine/Plugins/Experimental/AlembicImporter/Binaries/Win64/UE4Editor-AlembicLibrary.dll (API version 3709383).
LogModuleManager: Display: Found up-to-date module file ../../../Engine/Plugins/Experimental/CharacterAI/Binaries/Win64/UE4Editor-CharacterAI.dll (API version 3709383).
LogModuleManager: Display: Found up-to-date module file ../../../Engine/Plugins/Experimental/HTML5Networking/Binaries/Win64/UE4Editor-HTML5Networking.dll (API version 3709383).
LogModuleManager: Display: Found up-to-date module file ../../../Engine/Plugins/Media/AndroidMedia/Binaries/Win64/UE4Editor-AndroidMediaEditor.dll (API version 3709383).
LogModuleManager: Display: Found up-to-date module file ../../../Engine/Plugins/Media/AndroidMedia/Binaries/Win64/UE4Editor-AndroidMediaFactory.dll (API version 3709383).
LogModuleManager: Display: Found up-to-date module file ../../../Engine/Plugins/Media/AvfMedia/Binaries/Win64/UE4Editor-AvfMediaEditor.dll (API version 3709383).
LogModuleManager: Display: Found up-to-date module file ../../../Engine/Plugins/Media/AvfMedia/Binaries/Win64/UE4Editor-AvfMediaFactory.dll (API version 3709383).
LogModuleManager: Display: Found up-to-date module file ../../../Engine/Plugins/Media/AvfMedia/Binaries/Win64/UE4Editor-AvfMediaFactory.dll (API version 3709383).
LogModuleManager: Display: Found up-to-date module file ../../../Engine/Plugins/Media/ImgMedia/Binaries/Win64/UE4Editor-ImgMedia.dll (API version 3709383).
LogModuleManager: Display: Found up-to-date module file ../../../Engine/Plugins/Media/ImgMedia/Binaries/Win64/UE4Editor-ImgMediaEditor.dll (API version 3709383).
LogModuleManager: Display: Found up-to-date module file ../../../Engine/Plugins/Media/ImgMedia/Binaries/Win64/UE4Editor-ImgMediaFactory.dll (API version 3709383).
LogModuleManager: Display: Found up-to-date module file ../../../Engine/Plugins/Media/ImgMedia/Binaries/Win64/UE4Editor-ImgMediaFactory.dll (API version 3709383).
LogModuleManager: Display: Found up-to-date module file ../../../Engine/Plugins/Media/ImgMedia/Binaries/Win64/UE4Editor-OpenExrWrapper.dll (API version 3709383).
LogModuleManager: Display: Found up-to-date module file ../../../Engine/Plugins/Media/MediaCompositing/Binaries/Win64/UE4Editor-MediaCompositing.dll (API version 3709383).
LogModuleManager: Display: Found up-to-date module file ../../../Engine/Plugins/Media/MediaCompositing/Binaries/Win64/UE4Editor-MediaCompositingEditor.dll (API version 3709383).
LogModuleManager: Display: Found up-to-date module file ../../../Engine/Plugins/Media/MediaPlayerEditor/Binaries/Win64/UE4Editor-MediaPlayerEditor.dll (API version 3709383).
LogModuleManager: Display: Found up-to-date module file ../../../Engine/Plugins/Media/WmfMedia/Binaries/Win64/UE4Editor-WmfMedia.dll (API version 3709383).
LogModuleManager: Display: Found up-to-date module file ../../../Engine/Plugins/Media/WmfMedia/Binaries/Win64/UE4Editor-WmfMediaEditor.dll (API version 3709383).
LogModuleManager: Display: Found up-to-date module file ../../../Engine/Plugins/Media/WmfMedia/Binaries/Win64/UE4Editor-WmfMediaFactory.dll (API version 3709383).
LogModuleManager: Display: Found up-to-date module file ../../../Engine/Plugins/Media/WmfMedia/Binaries/Win64/UE4Editor-WmfMediaFactory.dll (API version 3709383).
LogModuleManager: Display: Found up-to-date module file ../../../Engine/Plugins/Messaging/TcpMessaging/Binaries/Win64/UE4Editor-TcpMessaging.dll (API version 3709383).
LogModuleManager: Display: Found up-to-date module file ../../../Engine/Plugins/Messaging/UdpMessaging/Binaries/Win64/UE4Editor-UdpMessaging.dll (API version 3709383).
LogModuleManager: Display: Found up-to-date module file ../../../Engine/Plugins/MovieScene/ActorSequence/Binaries/Win64/UE4Editor-ActorSequence.dll (API version 3709383).
LogModuleManager: Display: Found up-to-date module file ../../../Engine/Plugins/MovieScene/LevelSequenceEditor/Binaries/Win64/UE4Editor-LevelSequenceEditor.dll (API version 3709383).
LogModuleManager: Display: Found up-to-date module file ../../../Engine/Plugins/MovieScene/MatineeToLevelSequence/Binaries/Win64/UE4Editor-MatineeToLevelSequence.dll (API version 3709383).
LogModuleManager: Display: Found up-to-date module file ../../../Engine/Plugins/Runtime/AndroidPermission/Binaries/Win64/UE4Editor-AndroidPermission.dll (API version 3709383).
LogModuleManager: Display: Found up-to-date module file ../../../Engine/Plugins/Online/OnlineSubsystemNull/Binaries/Win64/UE4Editor-OnlineSubsystemNull.dll (API version 3709383).
LogModuleManager: Display: Found up-to-date module file ../../../Engine/Plugins/Runtime/AndroidDeviceProfileSelector/Binaries/Win64/UE4Editor-AndroidDeviceProfileSelector.dll (API version 3709383).
LogModuleManager: Display: Found up-to-date module file ../../../Engine/Plugins/Runtime/AppleARKit/Binaries/Win64/UE4Editor-AppleARKit.dll (API version 3709383).
LogModuleManager: Display: Found up-to-date module file ../../../Engine/Plugins/Runtime/ArchVisCharacter/Binaries/Win64/UE4Editor-ArchVisCharacter.dll (API version 3709383).
LogModuleManager: Display: Found up-to-date module file ../../../Engine/Plugins/Runtime/CableComponent/Binaries/Win64/UE4Editor-CableComponent.dll (API version 3709383).
LogModuleManager: Display: Found up-to-date module file ../../../Engine/Plugins/Runtime/CustomMeshComponent/Binaries/Win64/UE4Editor-CustomMeshComponent.dll (API version 3709383).
LogModuleManager: Display: Found up-to-date module file ../../../Engine/Plugins/Runtime/ExampleDeviceProfileSelector/Binaries/Win64/UE4Editor-ExampleDeviceProfileSelector.dll (API version 3709383).
LogModuleManager: Display: Found up-to-date module file ../../../Engine/Plugins/Runtime/ImmediatePhysics/Binaries/Win64/UE4Editor-ImmediatePhysics.dll (API version 3709383).
LogModuleManager: Display: Found up-to-date module file ../../../Engine/Plugins/Runtime/ImmediatePhysics/Binaries/Win64/UE4Editor-ImmediatePhysicsEditor.dll (API version 3709383).
LogModuleManager: Display: Found up-to-date module file ../../../Engine/Plugins/Runtime/LocationServicesBPLibrary/Binaries/Win64/UE4Editor-LocationServicesBPLibrary.dll (API version 3709383).
LogModuleManager: Display: Found up-to-date module file ../../../Engine/Plugins/Runtime/MobilePatchingUtils/Binaries/Win64/UE4Editor-MobilePatchingUtils.dll (API version 3709383).
LogModuleManager: Display: Found up-to-date module file ../../../Engine/Plugins/Runtime/Oculus/OculusVR/Binaries/Win64/UE4Editor-OculusHMD.dll (API version 3709383).
LogModuleManager: Display: Found up-to-date module file ../../../Engine/Plugins/Runtime/Oculus/OculusVR/Binaries/Win64/UE4Editor-OculusInput.dll (API version 3709383).
LogModuleManager: Display: Found up-to-date module file ../../../Engine/Plugins/Runtime/Oculus/OculusVR/Binaries/Win64/UE4Editor-OculusEditor.dll (API version 3709383).
LogModuleManager: Display: Found up-to-date module file ../../../Engine/Plugins/Runtime/PhysXVehicles/Binaries/Win64/UE4Editor-PhysXVehicles.dll (API version 3709383).
LogModuleManager: Display: Found up-to-date module file ../../../Engine/Plugins/Runtime/PhysXVehicles/Binaries/Win64/UE4Editor-PhysXVehiclesEditor.dll (API version 3709383).
LogModuleManager: Display: Found up-to-date module file ../../../Engine/Plugins/Runtime/ProceduralMeshComponent/Binaries/Win64/UE4Editor-ProceduralMeshComponent.dll (API version 3709383).
LogModuleManager: Display: Found up-to-date module file ../../../Engine/Plugins/Runtime/ProceduralMeshComponent/Binaries/Win64/UE4Editor-ProceduralMeshComponentEditor.dll (API version 3709383).
LogModuleManager: Display: Found up-to-date module file ../../../Engine/Plugins/Runtime/RuntimePhysXCooking/Binaries/Win64/UE4Editor-RuntimePhysXCooking.dll (API version 3709383).
LogModuleManager: Display: Found up-to-date module file ../../../Engine/Plugins/Runtime/Steam/SteamVR/Binaries/Win64/UE4Editor-SteamVR.dll (API version 3709383).
LogModuleManager: Display: Found up-to-date module file ../../../Engine/Plugins/Runtime/Steam/SteamVR/Binaries/Win64/UE4Editor-SteamVRController.dll (API version 3709383).
LogModuleManager: Display: Found up-to-date module file ../../../Engine/Plugins/Runtime/WindowsMoviePlayer/Binaries/Win64/UE4Editor-WindowsMoviePlayer.dll (API version 3709383).
LogPluginManager: Mounting plugin Paper2D
LogPluginManager: Mounting plugin LightPropagationVolume
LogPluginManager: Mounting plugin CodeLiteSourceCodeAccess
LogPluginManager: Mounting plugin GitSourceControl
LogPluginManager: Mounting plugin KDevelopSourceCodeAccess
LogPluginManager: Mounting plugin NullSourceCodeAccess
LogPluginManager: Mounting plugin PerforceSourceControl
LogPluginManager: Mounting plugin SubversionSourceControl
LogPluginManager: Mounting plugin UObjectPlugin
LogPluginManager: Mounting plugin VisualStudioCodeSourceCodeAccess
LogPluginManager: Mounting plugin VisualStudioSourceCodeAccess
LogPluginManager: Mounting plugin XCodeSourceCodeAccess
LogPluginManager: Mounting plugin AssetManagerEditor
LogPluginManager: Mounting plugin AudioCapture
LogPluginManager: Mounting plugin FacialAnimation
LogPluginManager: Mounting plugin GameplayTagsEditor
LogPluginManager: Mounting plugin MobileLauncherProfileWizard
LogPluginManager: Mounting plugin PluginBrowser
LogPluginManager: Mounting plugin SpeedTreeImporter
LogPluginManager: Mounting plugin AlembicImporter
LogPluginManager: Mounting plugin CharacterAI
LogPluginManager: Mounting plugin HTML5Networking
LogPluginManager: Mounting plugin GameSparks
LogPluginManager: Mounting plugin LowEntryExtStdLib
LogPluginManager: Mounting plugin Substance
LogPluginManager: Mounting plugin AndroidMedia
LogPluginManager: Mounting plugin AvfMedia
LogPluginManager: Mounting plugin ImgMedia
LogPluginManager: Mounting plugin MediaCompositing
LogPluginManager: Mounting plugin MediaPlayerEditor
LogPluginManager: Mounting plugin WmfMedia
LogPluginManager: Mounting plugin TcpMessaging
LogPluginManager: Mounting plugin UdpMessaging
LogPluginManager: Mounting plugin ActorSequence
LogPluginManager: Mounting plugin LevelSequenceEditor
LogPluginManager: Mounting plugin MatineeToLevelSequence
LogPluginManager: Mounting plugin OnlineSubsystemGooglePlay
LogPluginManager: Mounting plugin OnlineSubsystemIOS
LogPluginManager: Mounting plugin OnlineSubsystem
LogPluginManager: Mounting plugin OnlineSubsystemNull
LogPluginManager: Mounting plugin OnlineSubsystemSteam
LogPluginManager: Mounting plugin OnlineSubsystemUtils
LogPluginManager: Mounting plugin AndroidDeviceProfileSelector
LogPluginManager: Mounting plugin AndroidMoviePlayer
LogPluginManager: Mounting plugin AndroidPermission
LogPluginManager: Mounting plugin AppleARKit
LogPluginManager: Mounting plugin AppleMoviePlayer
LogPluginManager: Mounting plugin ArchVisCharacter
LogPluginManager: Mounting plugin CableComponent
LogPluginManager: Mounting plugin CustomMeshComponent
LogPluginManager: Mounting plugin ExampleDeviceProfileSelector
LogPluginManager: Mounting plugin GoogleCloudMessaging
LogPluginManager: Mounting plugin ImmediatePhysics
LogPluginManager: Mounting plugin IOSDeviceProfileSelector
LogPluginManager: Mounting plugin LinuxDeviceProfileSelector
LogPluginManager: Mounting plugin LocationServicesBPLibrary
LogPluginManager: Mounting plugin MobilePatchingUtils
LogPluginManager: Mounting plugin Ansel
LogPluginManager: Mounting plugin OculusVR
LogPluginManager: Plugin shader directory ../../../Engine/Plugins/Runtime/Oculus/OculusVR/Shaders found
LogPluginManager: Mapping shader source directory ../../../Engine/Plugins/Runtime/Oculus/OculusVR/Shaders to virtual directory /Plugin/OculusVR
LogPluginManager: Mounting plugin PhysXVehicles
LogPluginManager: Mounting plugin ProceduralMeshComponent
LogPluginManager: Mounting plugin RuntimePhysXCooking
LogPluginManager: Mounting plugin SteamController
LogPluginManager: Mounting plugin SteamVR
LogPluginManager: Mounting plugin WindowsMoviePlayer
LogInit: Using libcurl 7.47.1
LogInit:  - built for x86_64-pc-win32
LogInit:  - supports SSL with OpenSSL/1.0.2g
LogInit:  - supports HTTP deflate (compression) using libz 1.2.8
LogInit:  - other features:
LogInit:      CURL_VERSION_SSL
LogInit:      CURL_VERSION_LIBZ
LogInit:      CURL_VERSION_IPV6
LogInit:      CURL_VERSION_ASYNCHDNS
LogInit:      CURL_VERSION_LARGEFILE
LogInit:      CURL_VERSION_IDN
LogInit:  CurlRequestOptions (configurable via config and command line):
LogInit:  - bVerifyPeer = false  - Libcurl will NOT verify peer certificate
LogInit:  - bUseHttpProxy = false  - Libcurl will NOT use HTTP proxy
LogInit:  - bDontReuseConnections = false  - Libcurl will reuse connections
LogInit:  - CertBundlePath = nullptr  - Libcurl will use whatever was configured at build time.
LogInit: WinSock: version 1.1 (2.2), MaxSocks=32767, MaxUdp=65467
LogInit: Build: ++UE4+Release-4.18-CL-3794801
LogInit: Engine Version: 4.18.2-3794801+++UE4+Release-4.18
LogInit: Compatible Engine Version: 4.18.0-3709383+++UE4+Release-4.18
LogInit: Net CL: 3709383
LogDevObjectVersion: Number of dev versions registered: 16
LogDevObjectVersion:   Dev-Blueprints (B0D832E4-1F89-4F0D-ACCF-7EB736FD4AA2): 10
LogDevObjectVersion:   Dev-Build (E1C64328-A22C-4D53-A36C-8E866417BD8C): 0
LogDevObjectVersion:   Dev-Core (375EC13C-06E4-48FB-B500-84F0262A717E): 2
LogDevObjectVersion:   Dev-Editor (E4B068ED-F494-42E9-A231-DA0B2E46BB41): 20
LogDevObjectVersion:   Dev-Framework (CFFC743F-43B0-4480-9391-14DF171D2073): 30
LogDevObjectVersion:   Dev-Mobile (B02B49B5-BB20-44E9-A304-32B752E40360): 0
LogDevObjectVersion:   Dev-Networking (A4E4105C-59A1-49B5-A7C5-40C4547EDFEE): 0
LogDevObjectVersion:   Dev-Online (39C831C9-5AE6-47DC-9A44-9C173E1C8E7C): 0
LogDevObjectVersion:   Dev-Physics (78F01B33-EBEA-4F98-B9B4-84EACCB95AA2): 0
LogDevObjectVersion:   Dev-Platform (6631380F-2D4D-43E0-8009-CF276956A95A): 0
LogDevObjectVersion:   Dev-Rendering (12F88B9F-8875-4AFC-A67C-D90C383ABD29): 20
LogDevObjectVersion:   Dev-Sequencer (7B5AE74C-D270-4C10-A958-57980B212A5A): 4
LogDevObjectVersion:   Dev-VR (D7296918-1DD6-4BDD-9DE2-64A83CC13884): 0
LogDevObjectVersion:   Dev-LoadTimes (C2A15278-BFE7-4AFE-6C17-90FF531DF755): 1
LogDevObjectVersion:   Private-Geometry (6EACA3D4-40EC-4CC1-B786-8BED09428FC5): 1
LogDevObjectVersion:   Dev-AnimPhys (29E575DD-E0A3-4627-9D10-D276232CDCEA): 12
LogInit: Compiled (64-bit): Dec  8 2017 02:04:53
LogInit: Compiled with Visual C++: 19.00.24215.01
LogInit: Build Configuration: Development
LogInit: Branch Name: ++UE4+Release-4.18
LogInit: Command line:  
LogInit: Base directory: C:/Program Files/Epic Games/UE_4.18/Engine/Binaries/Win64/
LogInit: Installed Engine Build: 1
LogInit: Presizing for max 8388607 objects, including 0 objects not considered by GC, pre-allocating 0 bytes for permanent pool.
LogInit: Object subsystem initialized
[2018.01.06-07.17.50:199][  0]LogInit: Selected Device Profile: [Windows]
[2018.01.06-07.17.50:199][  0]LogInit: Applying CVar settings loaded from the selected device profile: [Windows]
[2018.01.06-07.17.50:216][  0]LogInit: Computer: DESKTOP-PMMNAAF
[2018.01.06-07.17.50:216][  0]LogInit: User: Nugget
[2018.01.06-07.17.50:216][  0]LogInit: CPU Page size=4096, Cores=4
[2018.01.06-07.17.50:216][  0]LogInit: High frequency timer resolution =3.330091 MHz
[2018.01.06-07.17.50:217][  0]LogMemory: Memory total: Physical=16.0GB (16GB approx)
[2018.01.06-07.17.50:217][  0]LogMemory: Platform Memory Stats for Windows
[2018.01.06-07.17.50:217][  0]LogMemory: Process Physical Memory: 276.78 MB used, 276.78 MB peak
[2018.01.06-07.17.50:217][  0]LogMemory: Process Virtual Memory: 272.34 MB used, 272.34 MB peak
[2018.01.06-07.17.50:217][  0]LogMemory: Physical Memory: 4785.94 MB used,  11581.30 MB free, 16367.24 MB total
[2018.01.06-07.17.50:217][  0]LogMemory: Virtual Memory: 673.98 MB used,  11581.30 MB free, 134217728.00 MB total
[2018.01.06-07.17.50:435][  0]LogInit: Using OS detected language (en-US).
[2018.01.06-07.17.50:435][  0]LogInit: Using OS detected locale (en-US).
[2018.01.06-07.17.50:439][  0]LogTextLocalizationManager: No specific localization for 'en-US' exists, so the 'en' localization will be used.
[2018.01.06-07.17.50:828][  0]LogInit: Setting process to per monitor DPI aware
[2018.01.06-07.17.51:146][  0]LogD3D11RHI: D3D11 adapters:
[2018.01.06-07.17.51:187][  0]LogD3D11RHI:    0. 'NVIDIA GeForce GTX 1050' (Feature Level 11_0)
[2018.01.06-07.17.51:187][  0]LogD3D11RHI:       1987/0/8183 MB DedicatedVideo/DedicatedSystem/SharedSystem, Outputs:2, VendorId:0x10de
[2018.01.06-07.17.51:189][  0]LogD3D11RHI:    1. 'Microsoft Basic Render Driver' (Feature Level 11_0)
[2018.01.06-07.17.51:190][  0]LogD3D11RHI:       0/0/8183 MB DedicatedVideo/DedicatedSystem/SharedSystem, Outputs:0, VendorId:0x1414
[2018.01.06-07.17.51:190][  0]LogD3D11RHI: Chosen D3D11 Adapter: 0
[2018.01.06-07.17.51:198][  0]LogD3D11RHI: Creating new Direct3DDevice
[2018.01.06-07.17.51:198][  0]LogD3D11RHI:     GPU DeviceId: 0x1c81 (for the marketing name, search the web for "GPU Device Id")
[2018.01.06-07.17.51:198][  0]LogWindows: EnumDisplayDevices:
[2018.01.06-07.17.51:198][  0]LogWindows:    0. 'NVIDIA GeForce GTX 1050' (P:1 D:1)
[2018.01.06-07.17.51:198][  0]LogWindows:    1. 'NVIDIA GeForce GTX 1050' (P:0 D:1)
[2018.01.06-07.17.51:198][  0]LogWindows:    2. 'NVIDIA GeForce GTX 1050' (P:0 D:0)
[2018.01.06-07.17.51:198][  0]LogWindows:    3. 'NVIDIA GeForce GTX 1050' (P:0 D:0)
[2018.01.06-07.17.51:199][  0]LogWindows: DebugString: GetVideoDriverDetailsInvalid PrimaryIsNotTheChoosenAdapter GetVideoDriverDetailsInvalid PrimaryIsNotTheChoosenAdapter GetVideoDriverDetailsInvalid PrimaryIsNotTheChoosenAdapter GetVideoDriverDetailsInvalid PrimaryIsNotTheChoosenAdapter FoundDriverCount:0 
[2018.01.06-07.17.51:199][  0]LogD3D11RHI:     Adapter Name: NVIDIA GeForce GTX 1050
[2018.01.06-07.17.51:199][  0]LogD3D11RHI:   Driver Version: Unknown (internal:Unknown, unified:Unknown)
[2018.01.06-07.17.51:199][  0]LogD3D11RHI:      Driver Date: Unknown
[2018.01.06-07.17.51:199][  0]LogRHI: Texture pool is 1391 MB (70% of 1987 MB)
[2018.01.06-07.17.51:224][  0]LogD3D11RHI: Async texture creation enabled
[2018.01.06-07.17.51:246][  0]LogD3D11RHI: GPU Timing Frequency: 1000.000000 (Debug: 2 1)
[2018.01.06-07.17.51:299][  0]LogShaderCompilers: Guid format shader working directory is -27 characters bigger than the processId version (../../../../../../Users/Nugget/Documents/Unreal Projects/My_Nuggets_Menus/Intermediate/Shaders/WorkingDirectory/32500/).
[2018.01.06-07.17.51:299][  0]LogShaderCompilers: Cleaned the shader compiler working directory 'C:/Users/Nugget/AppData/Local/Temp/UnrealShaderWorkingDir/F608B93048ABE831C277E7BF444B10A5/'.
[2018.01.06-07.17.51:299][  0]LogShaderCompilers: Display: Using Local Shader Compiler.
[2018.01.06-07.17.52:365][  0]LogTemp: Display: Loaded TP AllDesktopTargetPlatform
[2018.01.06-07.17.52:437][  0]LogTemp: Display: Loaded TP MacClientTargetPlatform
[2018.01.06-07.17.52:510][  0]LogTemp: Display: Loaded TP MacNoEditorTargetPlatform
[2018.01.06-07.17.52:581][  0]LogTemp: Display: Loaded TP MacServerTargetPlatform
[2018.01.06-07.17.52:654][  0]LogTemp: Display: Loaded TP MacTargetPlatform
[2018.01.06-07.17.52:725][  0]LogTemp: Display: Loaded TP WindowsClientTargetPlatform
[2018.01.06-07.17.52:797][  0]LogTemp: Display: Loaded TP WindowsNoEditorTargetPlatform
[2018.01.06-07.17.52:870][  0]LogTemp: Display: Loaded TP WindowsServerTargetPlatform
[2018.01.06-07.17.52:939][  0]LogTemp: Display: Loaded TP WindowsTargetPlatform
[2018.01.06-07.17.53:011][  0]LogTemp: Display: Loaded TP Android_ASTCTargetPlatform
[2018.01.06-07.17.53:085][  0]LogTemp: Display: Loaded TP Android_ATCTargetPlatform
[2018.01.06-07.17.53:157][  0]LogTemp: Display: Loaded TP Android_DXTTargetPlatform
[2018.01.06-07.17.53:229][  0]LogTemp: Display: Loaded TP Android_ETC1TargetPlatform
[2018.01.06-07.17.53:301][  0]LogTemp: Display: Loaded TP Android_ETC2TargetPlatform
[2018.01.06-07.17.53:446][  0]LogTemp: Display: Loaded TP Android_MultiTargetPlatform
[2018.01.06-07.17.53:446][  0]LogTemp: Display: Loaded TP Android_PVRTCTargetPlatform
[2018.01.06-07.17.53:516][  0]LogTemp: Display: Loaded TP AndroidTargetPlatform
[2018.01.06-07.17.53:576][  0]LogTemp: Display: Loaded TP HTML5TargetPlatform
[2018.01.06-07.17.53:694][  0]LogTemp: Display: Loaded TP IOSTargetPlatform
[2018.01.06-07.17.53:728][  0]LogTemp: Display: Loaded TP TVOSTargetPlatform
[2018.01.06-07.17.53:799][  0]LogTemp: Display: Loaded TP LinuxClientTargetPlatform
[2018.01.06-07.17.53:870][  0]LogTemp: Display: Loaded TP LinuxNoEditorTargetPlatform
[2018.01.06-07.17.53:939][  0]LogTemp: Display: Loaded TP LinuxServerTargetPlatform
[2018.01.06-07.17.54:010][  0]LogTemp: Display: Loaded TP LinuxTargetPlatform
[2018.01.06-07.17.54:010][  0]LogTargetPlatformManager: Display: Building Assets For Windows
[2018.01.06-07.17.54:663][  0]LogDerivedDataCache: Display: Max Cache Size: 512 MB
[2018.01.06-07.17.54:743][  0]LogDerivedDataCache: Loaded boot cache 0.08s 78MB C:/Users/Nugget/AppData/Local/UnrealEngine/4.18/DerivedDataCache/Boot.ddc.
[2018.01.06-07.17.54:743][  0]LogDerivedDataCache: Display: Loaded Boot cache: C:/Users/Nugget/AppData/Local/UnrealEngine/4.18/DerivedDataCache/Boot.ddc
[2018.01.06-07.17.54:743][  0]LogDerivedDataCache: FDerivedDataBackendGraph:  Pak pak cache file ../../../../../../Users/Nugget/Documents/Unreal Projects/My_Nuggets_Menus/DerivedDataCache/DDC.ddp not found, will not use a pak cache.
[2018.01.06-07.17.54:743][  0]LogDerivedDataCache: Unable to find inner node Pak for hierarchical cache Hierarchy.
[2018.01.06-07.17.54:743][  0]LogDerivedDataCache: FDerivedDataBackendGraph:  CompressedPak pak cache file ../../../../../../Users/Nugget/Documents/Unreal Projects/My_Nuggets_Menus/DerivedDataCache/Compressed.ddp not found, will not use a pak cache.
[2018.01.06-07.17.54:743][  0]LogDerivedDataCache: Unable to find inner node CompressedPak for hierarchical cache Hierarchy.
[2018.01.06-07.17.54:760][  0]LogDerivedDataCache: Display: Pak cache opened for reading ../../../Engine/DerivedDataCache/Compressed.ddp.
[2018.01.06-07.17.54:773][  0]LogDerivedDataCache: Using Local data cache path C:/Users/Nugget/AppData/Local/UnrealEngine/Common/DerivedDataCache: Writable
[2018.01.06-07.17.54:783][  0]LogMaterial: Verifying Global Shaders for PCD3D_SM5
[2018.01.06-07.17.54:783][  0]LogSlate: Using Freetype 2.6.0
[2018.01.06-07.17.54:784][  0]LogSlate: SlateFontCache - WITH_FREETYPE: 1, WITH_HARFBUZZ: 1
[2018.01.06-07.17.54:784][  0]LogSlate: SlateFontCache - WITH_FREETYPE: 1, WITH_HARFBUZZ: 1
[2018.01.06-07.17.55:263][  0]LogInit: Selected Device Profile: [Windows]
[2018.01.06-07.17.55:703][  0]LogSimplygon: Simplygon DLL not present - disabling.
[2018.01.06-07.17.55:762][  0]LogMeshReduction: Using SimplygonSwarm for distributed automatic mesh merging
[2018.01.06-07.17.55:762][  0]LogMeshReduction: Using QuadricMeshReduction for automatic static mesh reduction
[2018.01.06-07.17.55:762][  0]LogMeshReduction: No automatic skeletal mesh reduction module available
[2018.01.06-07.17.55:762][  0]LogMeshReduction: No automatic mesh merging module available
[2018.01.06-07.17.55:762][  0]LogMeshMerging: No automatic mesh merging module available
[2018.01.06-07.17.55:801][  0]LogNetVersion: My_Nuggets_Menus , NetCL: 3709383, EngineNetVer: 2, GameNetVer: 0 (Checksum: 1586398250)
[2018.01.06-07.17.56:001][  0]LogAssetRegistry: FAssetRegistry took 0.0268 seconds to start up
[2018.01.06-07.17.56:660][  0]LogPackageLocalizationCache: Processed 9 localized package path(s) for 2 prioritized culture(s) in 0.116573 seconds
[2018.01.06-07.17.56:665][  0]LogUObjectArray: 35901 objects as part of root set at end of initial load.
[2018.01.06-07.17.56:665][  0]LogUObjectAllocator: 7372240 out of 0 bytes used by permanent object pool.
[2018.01.06-07.17.56:666][  0]LogUObjectArray: CloseDisregardForGC: 0/0 objects in disregard for GC pool
[2018.01.06-07.18.00:305][  0]UGameSparksModuleLog: Warning: GameSparks::StartupModule
[2018.01.06-07.18.00:882][  0]LogSubstanceCoreModule: Substance [CPU] Engine Loaded, Max Texture Size = 2048
[2018.01.06-07.18.00:930][  0]LogTcpMessaging: Initializing TcpMessaging bridge
[2018.01.06-07.18.00:987][  0]LogUdpMessaging: Initializing bridge on interface 0.0.0.0:0 to multicast group 230.0.0.1:6666.
[2018.01.06-07.18.01:970][  0]LogMaterial: Uniform references updated for custom material expression Custom.
[2018.01.06-07.18.02:580][  0]SourceControl: Source control is disabled
[2018.01.06-07.18.02:580][  0]SourceControl: Source control is disabled
[2018.01.06-07.18.02:659][  0]SourceControl: Source control is disabled
[2018.01.06-07.18.02:743][  0]SourceControl: Source control is disabled
[2018.01.06-07.18.04:055][  0]LogOnline: Display: STEAM: Loading Steam SDK 1.39
[2018.01.06-07.18.04:141][  0]LogAndroidPermission: UAndroidPermissionCallbackProxy::GetInstance
[2018.01.06-07.18.04:537][  0]LogAnsel: Tried to load ../../../Engine/Plugins/Runtime/Nvidia/Ansel/Binaries/ThirdParty/AnselSDK64.dll : success=1
[2018.01.06-07.18.04:618][  0]LogOcInput: OculusInput pre-init called
[2018.01.06-07.18.05:439][  0]LogEngine: Initializing Engine...
[2018.01.06-07.18.05:442][  0]LogHMD: Failed to initialize OpenVR with code 110
[2018.01.06-07.18.05:681][  0]LogStats: UGameplayTagsManager::ConstructGameplayTagTree: Construct from data asset -  0.000 s
[2018.01.06-07.18.05:681][  0]LogStats: UGameplayTagsManager::ConstructGameplayTagTree: GameplayTagTreeChangedEvent.Broadcast -  0.000 s
[2018.01.06-07.18.05:867][  0]LogAIModule: Creating AISystem for world Untitled
[2018.01.06-07.18.05:889][  0]LogInit: XAudio2 using 'Speakers (High Definition Audio Device)' : 2 channels at 44.1 kHz using 16 bits per sample (channel mask 0x3)
[2018.01.06-07.18.05:914][  0]LogInit: FAudioDevice initialized.
[2018.01.06-07.18.06:008][  0]LogDerivedDataCache: Saved boot cache 0.09s 78MB C:/Users/Nugget/AppData/Local/UnrealEngine/4.18/DerivedDataCache/Boot.ddc.
[2018.01.06-07.18.06:022][  0]LogInit: Texture streaming: Enabled
[2018.01.06-07.18.06:157][  0]LogEngineSessionManager: EngineSessionManager initialized
[2018.01.06-07.18.06:342][  0]LogInit: Transaction tracking system initialized
[2018.01.06-07.18.06:800][  0]BlueprintLog: New page: Editor Load
[2018.01.06-07.18.08:090][  0]LocalizationService: Localization service is disabled
[2018.01.06-07.18.08:837][  0]LogLinker: Warning: Can't find file '/Game/ThirdPersonBP/ThirdPersonOverview'
[2018.01.06-07.18.08:838][  0]LogLinker: Warning: Can't find file '/Game/ThirdPersonBP/ThirdPersonOverview'
[2018.01.06-07.18.08:838][  0]LogUObjectGlobals: Warning: Failed to find object 'Class /Game/ThirdPersonBP/ThirdPersonOverview.ThirdPersonOverview_C'
[2018.01.06-07.18.09:152][  0]LogConsoleResponse: Display: 
[2018.01.06-07.18.09:363][  0]LogCook: Display: Max memory allowance for cook 16384mb min free memory 0mb
[2018.01.06-07.18.09:363][  0]LogCook: Display: Mobile HDR setting 1
[2018.01.06-07.18.09:364][  0]LogGameplayTags: Display: UGameplayTagsManager::DoneAddingNativeTags. DelegateIsBound: 0
[2018.01.06-07.18.09:851][  0]LogFileCache: Scanning file cache for directory 'C:/Users/Nugget/Documents/Unreal Projects/My_Nuggets_Menus/Content/' took 0.01s
[2018.01.06-07.18.11:126][  0]SourceControl: Source control is disabled
[2018.01.06-07.18.11:127][  0]Cmd: MAP LOAD FILE="../../../../../../Users/Nugget/Documents/Unreal Projects/My_Nuggets_Menus/Content/Maps/MainMenuMap.umap" TEMPLATE=0 SHOWPROGRESS=1 FEATURELEVEL=3
[2018.01.06-07.18.11:127][  0]LightingResults: New page: Lighting Build
[2018.01.06-07.18.11:187][  0]MapCheck: New page: Map Check
[2018.01.06-07.18.11:187][  0]LightingResults: New page: Lighting Build
[2018.01.06-07.18.11:587][  0]LogAIModule: Creating AISystem for world MainMenuMap
[2018.01.06-07.18.11:588][  0]LogEditorServer: Finished looking for orphan Actors (0.000 secs)
[2018.01.06-07.18.11:599][  0]Cmd: MAP CHECKDEP NOCLEARLOG
[2018.01.06-07.18.11:687][  0]MapCheck: Map check complete: 0 Error(s), 0 Warning(s), took 88.368ms to complete.
[2018.01.06-07.18.11:688][  0]LogFileHelpers: Loading map 'MainMenuMap' took 0.561
[2018.01.06-07.18.11:848][  0]LogCollectionManager: Loaded 0 collections in 0.002040 seconds
[2018.01.06-07.18.11:992][  0]LogFileCache: Scanning file cache for directory 'C:/Users/Nugget/Documents/Unreal Projects/My_Nuggets_Menus/Saved/Collections/' took 0.01s
[2018.01.06-07.18.11:992][  0]LogFileCache: Scanning file cache for directory 'C:/Users/Nugget/Documents/Unreal Projects/My_Nuggets_Menus/Content/Developers/Nugget/Collections/' took 0.01s
[2018.01.06-07.18.11:992][  0]LogFileCache: Scanning file cache for directory 'C:/Users/Nugget/Documents/Unreal Projects/My_Nuggets_Menus/Content/Collections/' took 0.01s
[2018.01.06-07.18.11:992][  0]LogCollectionManager: Rebuilt the GUID cache for 0 collections in 0.000001 seconds
[2018.01.06-07.18.12:002][  0]LogContentBrowser: Native class hierarchy populated in 0.0095 seconds. Added 2503 classes and 541 folders.
[2018.01.06-07.18.12:098][  0]LogContentBrowser: Native class hierarchy updated for 'WidgetCarousel' in 0.0002 seconds. Added 0 classes and 0 folders.
[2018.01.06-07.18.12:158][  0]LogContentBrowser: Native class hierarchy updated for 'AddContentDialog' in 0.0004 seconds. Added 0 classes and 0 folders.
[2018.01.06-07.18.12:224][  0]LogContentBrowser: Native class hierarchy updated for 'SceneOutliner' in 0.0003 seconds. Added 1 classes and 2 folders.
[2018.01.06-07.18.12:291][  0]LogSlate: Took 0.000442 seconds to synchronously load lazily loaded font '../../../Engine/Content/Slate/Fonts/Roboto-Regular.ttf' (155K)
[2018.01.06-07.18.12:294][  0]LogSlate: Took 0.000340 seconds to synchronously load lazily loaded font '../../../Engine/Content/Slate/Fonts/Roboto-Bold.ttf' (160K)
[2018.01.06-07.18.12:302][  0]LogSlate: Took 0.000271 seconds to synchronously load lazily loaded font '../../../Engine/Content/Editor/Slate/Fonts/FontAwesome.ttf' (139K)
[2018.01.06-07.18.12:409][  0]LogRenderer: Reallocating scene render targets to support 1172x644 Format 9 NumSamples 1 (Frame:1).
[2018.01.06-07.18.12:581][  0]LogContentBrowser: Native class hierarchy updated for 'HierarchicalLODOutliner' in 0.0003 seconds. Added 1 classes and 2 folders.
[2018.01.06-07.18.12:581][  0]LogLoad: (Engine Initialization) Total time: 25.87 seconds
[2018.01.06-07.18.12:581][  0]LogLoad: (Engine Initialization) Total Blueprint compile time: 0.00 seconds
[2018.01.06-07.18.12:581][  0]LogExternalProfiler: No external profilers were discovered.  External profiling features will not be available.
[2018.01.06-07.18.12:590][  0]LogWindowsTextInputMethodSystem: Display: IME system now deactivated.
[2018.01.06-07.18.12:595][  0]LogSteamController: SteamController is not available
[2018.01.06-07.18.12:612][  0]LogContentStreaming: Texture pool size now 800 MB
[2018.01.06-07.18.12:698][  1]LogSubstanceLiveLink: Warning: Unable to send data along socket, closing connection
[2018.01.06-07.18.12:751][  1]LogSlate: Took 0.000313 seconds to synchronously load lazily loaded font '../../../Engine/Content/Slate/Fonts/Roboto-Light.ttf' (159K)
[2018.01.06-07.18.12:766][  2]LogAssetRegistry: Asset discovery search completed in 16.7877 seconds
[2018.01.06-07.18.12:768][  2]LogCollectionManager: Rebuilt the object cache for 0 collections in 0.000000 seconds (found 0 objects)
[2018.01.06-07.18.12:768][  2]LogCollectionManager: Fixed up redirectors for 0 collections in 0.000070 seconds (updated 0 objects)
[2018.01.06-07.18.24:510][398]LogSlate: Took 0.000221 seconds to synchronously load lazily loaded font '../../../Engine/Content/Slate/Fonts/Roboto-Light.ttf' (159K)
[2018.01.06-07.18.24:806][398]LogLinker: Warning: Asset '../../../Engine/Plugins/Marketplace/LowEntryExtStdLib/Content/Blueprints/LowEntryExtendedStandardLibraryMacros.uasset' has been saved with empty engine version. The asset will be loaded but may be incompatible.
[2018.01.06-07.18.24:921][398]LogContentBrowser: Native class hierarchy updated for 'BlueprintGraph' in 0.0007 seconds. Added 116 classes and 0 folders.
[2018.01.06-07.18.25:860][398]LogSlate: Took 0.000223 seconds to synchronously load lazily loaded font '../../../Engine/Content/Slate/Fonts/Roboto-Light.ttf' (159K)
[2018.01.06-07.18.25:860][398]LogSlate: Took 0.000171 seconds to synchronously load lazily loaded font '../../../Engine/Content/Editor/Slate/Fonts/Roboto-BoldCondensed.ttf' (158K)
[2018.01.06-07.18.30:404][680]LogTemp: Repeating last play command: Selected Viewport
[2018.01.06-07.18.30:444][680]LogBlueprintUserMessages: Early PlayInEditor Detection: Level '/Game/Maps/MainMenuMap.MainMenuMap:PersistentLevel' has LevelScriptBlueprint '/Game/Maps/MainMenuMap.MainMenuMap:PersistentLevel.MainMenuMap' with GeneratedClass '/Game/Maps/MainMenuMap.MainMenuMap_C' with ClassGeneratedBy '/Game/Maps/MainMenuMap.MainMenuMap:PersistentLevel.MainMenuMap'
[2018.01.06-07.18.30:444][680]LogPlayLevel: PlayLevel: No blueprints needed recompiling
[2018.01.06-07.18.30:445][680]LogOnline: Display: OSS: FOnlineSubsystemNull::Shutdown()
[2018.01.06-07.18.30:445][680]LogOnline: Display: OSS: FOnlineAsyncTaskManager::Stop() ActiveTask:0000000000000000 Tasks[0/0]
[2018.01.06-07.18.30:457][680]LogOnline: Display: OSS: FOnlineAsyncTaskManager::Exit() started
[2018.01.06-07.18.30:457][680]LogOnline: Display: OSS: FOnlineAsyncTaskManager::Exit() finished
[2018.01.06-07.18.30:457][680]PIE: New page: PIE session: MainMenuMap (Jan 7, 2018, 5:18:30 AM)
[2018.01.06-07.18.30:457][680]LogPlayLevel: Creating play world package: /Game/Maps/UEDPIE_0_MainMenuMap
[2018.01.06-07.18.30:458][680]LogPlayLevel: PIE: StaticDuplicateObject took: (0.001001s)
[2018.01.06-07.18.30:459][680]LogAIModule: Creating AISystem for world MainMenuMap
[2018.01.06-07.18.30:459][680]LogPlayLevel: PIE: World Init took: (0.000855s)
[2018.01.06-07.18.30:459][680]LogPlayLevel: PIE: Created PIE world by copying editor world from /Game/Maps/MainMenuMap.MainMenuMap to /Game/Maps/UEDPIE_0_MainMenuMap.MainMenuMap (0.002139s)
[2018.01.06-07.18.30:500][680]LogInit: XAudio2 using 'Speakers (High Definition Audio Device)' : 2 channels at 44.1 kHz using 16 bits per sample (channel mask 0x3)
[2018.01.06-07.18.30:507][680]LogInit: FAudioDevice initialized.
[2018.01.06-07.18.30:753][680]LogLoad: Game class is 'GamePlayGM_C'
[2018.01.06-07.18.30:754][680]LogWorld: Bringing World /Game/Maps/UEDPIE_0_MainMenuMap.MainMenuMap up for play (max tick rate 0) at 2018.01.06-18.18.30
[2018.01.06-07.18.30:755][680]LogWorld: Bringing up level for play took: 0.000515
[2018.01.06-07.18.30:853][680]LogContentBrowser: Native class hierarchy updated for 'MovieSceneCapture' in 0.0003 seconds. Added 11 classes and 0 folders.
[2018.01.06-07.18.30:853][680]LogGameMode: Display: Match State Changed from EnteringMap to WaitingToStart
[2018.01.06-07.18.30:853][680]LogGameState: Match State Changed from EnteringMap to WaitingToStart
[2018.01.06-07.18.30:853][680]LogGameMode: Display: Match State Changed from WaitingToStart to InProgress
[2018.01.06-07.18.30:863][680]Cmd: sg.texturequality 2
[2018.01.06-07.18.30:863][680]sg.TextureQuality = "2"
[2018.01.06-07.18.30:863][680]Cmd: foliage.DensityScale 0.75
[2018.01.06-07.18.30:863][680]foliage.DensityScale = "0.75"
[2018.01.06-07.18.30:863][680]Cmd: grass.DensityScale 0.75
[2018.01.06-07.18.30:863][680]grass.densityScale = "0.75"
[2018.01.06-07.18.30:864][680]Cmd: sg.ShadowQuality 1
[2018.01.06-07.18.30:864][680]sg.ShadowQuality = "1"
[2018.01.06-07.18.30:864][680]Cmd: r.postprocessAAQuality 0
[2018.01.06-07.18.30:864][680]r.PostProcessAAQuality = "0"
[2018.01.06-07.18.30:864][680]Cmd: sg.EffectsQuality 2
[2018.01.06-07.18.30:864][680]sg.EffectsQuality = "2"
[2018.01.06-07.18.30:865][680]LogGameState: Match State Changed from WaitingToStart to InProgress
[2018.01.06-07.18.30:865][680]PIE: Play in editor start time for /Game/Maps/UEDPIE_0_MainMenuMap 0.385
[2018.01.06-07.18.30:865][680]LogBlueprintUserMessages: Late PlayInEditor Detection: Level '/Game/Maps/MainMenuMap.MainMenuMap:PersistentLevel' has LevelScriptBlueprint '/Game/Maps/MainMenuMap.MainMenuMap:PersistentLevel.MainMenuMap' with GeneratedClass '/Game/Maps/MainMenuMap.MainMenuMap_C' with ClassGeneratedBy '/Game/Maps/MainMenuMap.MainMenuMap:PersistentLevel.MainMenuMap'
[2018.01.06-07.18.30:868][680]LogAnsel: We reckon 0.010000 meters to 1 world unit
[2018.01.06-07.18.32:281][768]LogSlate: Took 0.002124 seconds to synchronously load lazily loaded font '../../../Engine/Content/Slate/Fonts/DroidSansFallback.ttf' (3848K)
[2018.01.06-07.19.09:843][744]Cmd: TRANSACTION UNDO
[2018.01.06-07.19.09:844][744]LogEditorTransaction: Undo Insert Child
[2018.01.06-07.19.14:500][957]LogBlueprintUserMessages: Early EndPlayMap Detection: Level '/Game/Maps/MainMenuMap.MainMenuMap:PersistentLevel' has LevelScriptBlueprint '/Game/Maps/MainMenuMap.MainMenuMap:PersistentLevel.MainMenuMap' with GeneratedClass '/Game/Maps/MainMenuMap.MainMenuMap_C' with ClassGeneratedBy '/Game/Maps/MainMenuMap.MainMenuMap:PersistentLevel.MainMenuMap'
[2018.01.06-07.19.14:536][957]LogOnline: Display: OSS: FOnlineSubsystemNull::Shutdown()
[2018.01.06-07.19.14:536][957]LogOnline: Display: OSS: FOnlineAsyncTaskManager::Stop() ActiveTask:0000000000000000 Tasks[0/0]
[2018.01.06-07.19.14:537][957]LogOnline: Display: OSS: FOnlineAsyncTaskManager::Exit() started
[2018.01.06-07.19.14:537][957]LogOnline: Display: OSS: FOnlineAsyncTaskManager::Exit() finished
[2018.01.06-07.19.14:537][957]LogPlayLevel: Display: Shutting down PIE online subsystems
[2018.01.06-07.19.14:537][957]LogBlueprintUserMessages: Late EndPlayMap Detection: Level '/Game/Maps/MainMenuMap.MainMenuMap:PersistentLevel' has LevelScriptBlueprint '/Game/Maps/MainMenuMap.MainMenuMap:PersistentLevel.MainMenuMap' with GeneratedClass '/Game/Maps/MainMenuMap.MainMenuMap_C' with ClassGeneratedBy '/Game/Maps/MainMenuMap.MainMenuMap:PersistentLevel.MainMenuMap'
[2018.01.06-07.19.14:600][959]LogPlayLevel: Display: Destroying online subsystem :Context_3
[2018.01.06-07.19.14:600][959]LogOnline: Display: OSS: FOnlineSubsystemNull::Shutdown()
[2018.01.06-07.19.16:184][ 50]BlueprintLog: New page: Compile VideoMenu
[2018.01.06-07.19.19:793][228]Cmd: OBJ SAVEPACKAGE PACKAGE="/Game/UI/MainMenu/VideoMenu" FILE="../../../../../../Users/Nugget/Documents/Unreal Projects/My_Nuggets_Menus/Content/UI/MainMenu/VideoMenu.uasset" SILENT=true
[2018.01.06-07.19.20:345][228]LogSavePackage: Save=542.91ms
[2018.01.06-07.19.20:345][228]LogSavePackage: Moving '../../../../../../Users/Nugget/Documents/Unreal Projects/My_Nuggets_Menus/Saved/VideoMenu653E27D344AAD22DED64E0AB80040CBF.tmp' to '../../../../../../Users/Nugget/Documents/Unreal Projects/My_Nuggets_Menus/Content/UI/MainMenu/VideoMenu.uasset'
[2018.01.06-07.19.20:352][228]LogSavePackage: Display: Finished SavePackage ../../../../../../Users/Nugget/Documents/Unreal Projects/My_Nuggets_Menus/Content/UI/MainMenu/VideoMenu.uasset
[2018.01.06-07.21.22:257][531]BlueprintLog: New page: Compile VideoMenu
[2018.01.06-07.21.23:424][567]Cmd: OBJ SAVEPACKAGE PACKAGE="/Game/UI/MainMenu/VideoMenu" FILE="../../../../../../Users/Nugget/Documents/Unreal Projects/My_Nuggets_Menus/Content/UI/MainMenu/VideoMenu.uasset" SILENT=true
[2018.01.06-07.21.23:973][567]LogSavePackage: Save=543.58ms
[2018.01.06-07.21.23:973][567]LogSavePackage: Moving '../../../../../../Users/Nugget/Documents/Unreal Projects/My_Nuggets_Menus/Saved/VideoMenu20E825CE433D2AF96C64D89A64286591.tmp' to '../../../../../../Users/Nugget/Documents/Unreal Projects/My_Nuggets_Menus/Content/UI/MainMenu/VideoMenu.uasset'
[2018.01.06-07.21.23:981][567]LogSavePackage: Display: Finished SavePackage ../../../../../../Users/Nugget/Documents/Unreal Projects/My_Nuggets_Menus/Content/UI/MainMenu/VideoMenu.uasset
[2018.01.06-07.21.25:796][671]LogTemp: Repeating last play command: Standalone Game
[2018.01.06-07.22.45:697][267]MapCheck: New page: Map Check
[2018.01.06-07.22.45:711][267]Cmd: MAP REBUILD ALLVISIBLE
[2018.01.06-07.22.45:711][267]LogEditorServer: Rebuildmap Clear paths rebuilt
[2018.01.06-07.22.45:886][267]LogMaterial: Missing cached shader map for material FDebugViewModeMaterialProxy WorldGridMaterial, compiling. Is special engine material.
[2018.01.06-07.22.46:336][267]TextureStreamingBuild: Display: Compiling optional shaders took 0.457 seconds.
[2018.01.06-07.22.46:337][267]LogLevel: Display: Export Material TexCoord Scales took 0.000 seconds.
[2018.01.06-07.22.46:341][267]TextureStreamingBuild: Display: Build Texture Streaming took 0.004 seconds.
[2018.01.06-07.22.46:357][267]LightingResults: New page: Lighting Build - Jan 7, 2018, 5:22:46 AM
[2018.01.06-07.22.46:396][267]LogSwarmInterface: [OpenConnection] Registering TCP channel ...
[2018.01.06-07.22.46:459][267]LogSwarmInterface: [OpenConnection] Connecting to agent ...
[2018.01.06-07.22.46:470][267]LogSwarmInterface: [TryOpenConnection] Testing the Agent
[2018.01.06-07.22.46:988][267]LogSwarmInterface: [TryOpenConnection] Opening Connection to Agent
[2018.01.06-07.22.46:988][267]LogSwarmInterface: [TryOpenConnection] Local Process ID is 32500
[2018.01.06-07.22.49:612][267]LogStaticLightingSystem: Warning: No importance volume found, so the scene bounding box was used.  You can optimize your scene's quality and lighting build times by adding importance volumes.
[2018.01.06-07.22.49:612][267]LogStaticLightingSystem: Running Lightmass w/ ImmediateImport mode ENABLED
[2018.01.06-07.22.49:612][267]LogStaticLightingSystem: Running Lightmass w/ ImmediateProcess mode ENABLED
[2018.01.06-07.22.49:612][267]LogStaticLightingSystem: Running Lightmass w/ Sorting mode ENABLED
[2018.01.06-07.22.49:612][267]LogStaticLightingSystem: Running Lightmass w/ Mapping paddings ENABLED
[2018.01.06-07.22.49:612][267]LogStaticLightingSystem: Running Lightmass w/ Mapping debug paddings DISABLED
[2018.01.06-07.22.49:697][267]Cmd: MAP CHECK DONTDISPLAYDIALOG
[2018.01.06-07.22.49:697][267]MapCheck: New page: MainMenuMap - Jan 7, 2018, 5:22:49 AM
[2018.01.06-07.22.49:797][267]MapCheck: Map check complete: 0 Error(s), 0 Warning(s), took 100.277ms to complete.
[2018.01.06-07.22.49:820][267]LogEditorBuildUtils: Build time 0:04
[2018.01.06-07.22.51:054][346]Job is a success!
[2018.01.06-07.22.51:115][347]LogVolumetricLightmapImport: Imported Volumetric Lightmap in 0.012s
[2018.01.06-07.22.51:115][347]LogVolumetricLightmapImport:      Indirection Texture 16x16x16 = 0.0Mb
[2018.01.06-07.22.51:115][347]LogVolumetricLightmapImport:      BrickData 5x5x5 = 0.0Mb
[2018.01.06-07.22.51:115][347]LogVolumetricLightmapImport:      Bricks at Level
[2018.01.06-07.22.51:115][347]LogVolumetricLightmapImport:          0: 100.0% covering 100.0% of volume
[2018.01.06-07.22.51:115][347]LogVolumetricLightmapImport:          1: 0.0% covering 0.0% of volume
[2018.01.06-07.22.51:115][347]LogVolumetricLightmapImport:          2: 0.0% covering 0.0% of volume
[2018.01.06-07.22.51:156][347]Lightmass on DESKTOP-PMMNAAF: 782 ms total, 69 ms importing, 8 ms setup, 380 ms photons, 285 ms processing, 0 ms extra exporting [0/0 mappings]. Threads: 1.84 sec total, 0 ms processing.
[2018.01.06-07.22.51:181][347]LogStaticLightingSystem: Illumination: 4.80 sec (0 ms encoding lightmaps, 0 ms encoding shadowmaps)
[2018.01.06-07.22.51:181][347]LogStaticLightingSystem: Lightmap texture memory:  0.0 MB (0.0 MB streaming, 0.0 MB non-streaming), 0 textures
[2018.01.06-07.22.51:181][347]LogStaticLightingSystem: Shadowmap texture memory: 0.0 MB (0.0 MB streaming, 0.0 MB non-streaming), 0 textures
[2018.01.06-07.22.51:623][347]DumpUnbuiltLightIteractions
[2018.01.06-07.22.51:623][347]Lights with unbuilt interactions: 0
[2018.01.06-07.22.51:623][347]
[2018.01.06-07.22.51:623][347]Primitives with unbuilt interactions: 0
[2018.01.06-07.22.51:645][348]Cmd: MAP CHECK NOTIFYRESULTS
[2018.01.06-07.22.51:646][348]MapCheck: New page: MainMenuMap - Jan 7, 2018, 5:22:51 AM
[2018.01.06-07.22.51:767][348]MapCheck: Map check complete: 0 Error(s), 0 Warning(s), took 121.21ms to complete.
[2018.01.06-07.24.35:551][769]LogSavePackage: Save=128.83ms
[2018.01.06-07.24.35:551][769]LogSavePackage: Moving '../../../../../../Users/Nugget/Documents/Unreal Projects/My_Nuggets_Menus/Saved/MainMenuMap6ECF777F4AE1AAB00AF88A9B47691BF1.tmp' to '../../../../../../Users/Nugget/Documents/Unreal Projects/My_Nuggets_Menus/Content/Maps/MainMenuMap.umap'
[2018.01.06-07.24.35:557][769]LogSavePackage: Display: Finished SavePackage ../../../../../../Users/Nugget/Documents/Unreal Projects/My_Nuggets_Menus/Content/Maps/MainMenuMap.umap
[2018.01.06-07.24.35:576][769]LogFileHelpers: Saving map 'MainMenuMap' took 0.276
[2018.01.06-07.24.35:582][769]Cmd: OBJ SAVEPACKAGE PACKAGE="/Game/Maps/MainMenuMap_BuiltData" FILE="../../../../../../Users/Nugget/Documents/Unreal Projects/My_Nuggets_Menus/Content/Maps/MainMenuMap_BuiltData.uasset" SILENT=true
[2018.01.06-07.24.35:594][769]LogSavePackage: Save=2.69ms
[2018.01.06-07.24.35:594][769]LogSavePackage: Moving '../../../../../../Users/Nugget/Documents/Unreal Projects/My_Nuggets_Menus/Saved/MainMenuMap_BuiltDataC3679D7D4C5F3AC372A206BA06ACC063.tmp' to '../../../../../../Users/Nugget/Documents/Unreal Projects/My_Nuggets_Menus/Content/Maps/MainMenuMap_BuiltData.uasset'
[2018.01.06-07.24.35:600][769]LogSavePackage: Display: Finished SavePackage ../../../../../../Users/Nugget/Documents/Unreal Projects/My_Nuggets_Menus/Content/Maps/MainMenuMap_BuiltData.uasset
[2018.01.06-07.24.35:657][769]LogWindowsTextInputMethodSystem: Display: IME system now deactivated.
[2018.01.06-07.24.35:830][770]Cmd: QUIT_EDITOR
[2018.01.06-07.24.35:918][770]LogExit: Preparing to exit.
[2018.01.06-07.24.36:160][770]LogDirectoryWatcher: A directory notification for 'C:/Users/Nugget/Documents/Unreal Projects/My_Nuggets_Menus/Content/' was aborted.
[2018.01.06-07.24.36:199][770]LogExit: Editor shut down
[2018.01.06-07.24.36:205][770]LogExit: Transaction tracking system shut down
[2018.01.06-07.24.36:376][770]LogDirectoryWatcher: A directory notification for '../../../Engine/Content/' was aborted.
[2018.01.06-07.24.36:376][770]LogDirectoryWatcher: A directory notification for '../../../../../../Users/Nugget/Documents/Unreal Projects/My_Nuggets_Menus/Content/' was aborted.
[2018.01.06-07.24.36:377][770]LogDirectoryWatcher: A directory notification for '../../../Engine/Plugins/2D/Paper2D/Content/' was aborted.
[2018.01.06-07.24.36:377][770]LogDirectoryWatcher: A directory notification for '../../../Engine/Plugins/Marketplace/GameSparks/Content/' was aborted.
[2018.01.06-07.24.36:377][770]LogDirectoryWatcher: A directory notification for '../../../Engine/Plugins/Marketplace/LowEntryExtStdLib/Content/' was aborted.
[2018.01.06-07.24.36:377][770]LogDirectoryWatcher: A directory notification for '../../../Engine/Plugins/Media/MediaCompositing/Content/' was aborted.
[2018.01.06-07.24.36:377][770]LogDirectoryWatcher: A directory notification for '../../../Engine/Plugins/Runtime/AppleARKit/Content/' was aborted.
[2018.01.06-07.24.36:377][770]LogDirectoryWatcher: A directory notification for '../../../Engine/Plugins/Runtime/Oculus/OculusVR/Content/' was aborted.
[2018.01.06-07.24.36:377][770]LogDirectoryWatcher: A directory notification for '../../../Engine/Plugins/Runtime/Steam/SteamVR/Content/' was aborted.
[2018.01.06-07.24.36:472][770]LogExit: Object subsystem successfully closed.
[2018.01.06-07.24.36:497][770]LogD3D11RHI: Shutdown
[2018.01.06-07.24.36:497][770]LogD3D11RHI: CleanupD3DDevice
[2018.01.06-07.24.36:499][770]LogD3D11RHI: ~FD3D11DynamicRHI
[2018.01.06-07.24.36:530][770]LogModuleManager: Shutting down and abandoning module HierarchicalLODUtilities (582)
[2018.01.06-07.24.36:530][770]LogModuleManager: Shutting down and abandoning module LauncherServices (580)
[2018.01.06-07.24.36:530][770]LogModuleManager: Shutting down and abandoning module MovieSceneCapture (578)
[2018.01.06-07.24.36:530][770]LogModuleManager: Shutting down and abandoning module Voice (576)
[2018.01.06-07.24.36:530][770]LogModuleManager: Shutting down and abandoning module SequencerWidgets (574)
[2018.01.06-07.24.36:530][770]LogModuleManager: Shutting down and abandoning module BlueprintGraph (572)
[2018.01.06-07.24.36:530][770]LogModuleManager: Shutting down and abandoning module HierarchicalLODOutliner (570)
[2018.01.06-07.24.36:530][770]LogModuleManager: Shutting down and abandoning module SceneOutliner (568)
[2018.01.06-07.24.36:530][770]LogModuleManager: Shutting down and abandoning module AddContentDialog (566)
[2018.01.06-07.24.36:530][770]LogDirectoryWatcher: A directory notification for 'C:/Program Files/Epic Games/UE_4.18/FeaturePacks/' was aborted.
[2018.01.06-07.24.36:532][770]LogModuleManager: Shutting down and abandoning module WidgetCarousel (565)
[2018.01.06-07.24.36:532][770]LogModuleManager: Shutting down and abandoning module EditorWidgets (562)
[2018.01.06-07.24.36:532][770]LogModuleManager: Shutting down and abandoning module CollectionManager (560)
[2018.01.06-07.24.36:532][770]LogDirectoryWatcher: A directory notification for 'C:/Users/Nugget/Documents/Unreal Projects/My_Nuggets_Menus/Content/Collections/' was aborted.
[2018.01.06-07.24.36:532][770]LogDirectoryWatcher: A directory notification for 'C:/Users/Nugget/Documents/Unreal Projects/My_Nuggets_Menus/Content/Developers/Nugget/Collections/' was aborted.
[2018.01.06-07.24.36:532][770]LogDirectoryWatcher: A directory notification for 'C:/Users/Nugget/Documents/Unreal Projects/My_Nuggets_Menus/Saved/Collections/' was aborted.
[2018.01.06-07.24.36:532][770]LogModuleManager: Shutting down and abandoning module StatsViewer (558)
[2018.01.06-07.24.36:532][770]LogModuleManager: Shutting down and abandoning module FoliageEdit (556)
[2018.01.06-07.24.36:532][770]LogModuleManager: Shutting down and abandoning module LandscapeEditor (554)
[2018.01.06-07.24.36:532][770]LogModuleManager: Shutting down and abandoning module MeshPaintMode (552)
[2018.01.06-07.24.36:532][770]LogModuleManager: Shutting down and abandoning module SceneDepthPickerMode (550)
[2018.01.06-07.24.36:532][770]LogModuleManager: Shutting down and abandoning module ActorPickerMode (548)
[2018.01.06-07.24.36:532][770]LogModuleManager: Shutting down and abandoning module GeometryMode (546)
[2018.01.06-07.24.36:532][770]LogModuleManager: Shutting down and abandoning module TextureAlignMode (544)
[2018.01.06-07.24.36:532][770]LogModuleManager: Shutting down and abandoning module BspMode (542)
[2018.01.06-07.24.36:532][770]LogModuleManager: Shutting down and abandoning module PIEPreviewDeviceProfileSelector (540)
[2018.01.06-07.24.36:532][770]LogModuleManager: Shutting down and abandoning module HardwareSurvey (538)
[2018.01.06-07.24.36:532][770]LogModuleManager: Shutting down and abandoning module SequenceRecorderSections (536)
[2018.01.06-07.24.36:533][770]LogModuleManager: Shutting down and abandoning module AutomationWorker (534)
[2018.01.06-07.24.36:533][770]LogModuleManager: Shutting down and abandoning module MatineeToLevelSequence (532)
[2018.01.06-07.24.36:533][770]LogModuleManager: Shutting down and abandoning module LevelSequenceEditor (530)
[2018.01.06-07.24.36:533][770]LogModuleManager: Shutting down and abandoning module PlacementMode (529)
[2018.01.06-07.24.36:533][770]LogModuleManager: Shutting down and abandoning module WmfMediaFactory (526)
[2018.01.06-07.24.36:533][770]LogModuleManager: Shutting down and abandoning module WmfMediaEditor (524)
[2018.01.06-07.24.36:533][770]LogModuleManager: Shutting down and abandoning module OpenExrWrapper (522)
[2018.01.06-07.24.36:533][770]LogModuleManager: Shutting down and abandoning module ImgMediaFactory (520)
[2018.01.06-07.24.36:533][770]LogModuleManager: Shutting down and abandoning module ImgMediaEditor (518)
[2018.01.06-07.24.36:533][770]LogModuleManager: Shutting down and abandoning module AvfMediaFactory (516)
[2018.01.06-07.24.36:533][770]LogModuleManager: Shutting down and abandoning module AvfMediaEditor (514)
[2018.01.06-07.24.36:533][770]LogModuleManager: Shutting down and abandoning module AndroidMediaFactory (512)
[2018.01.06-07.24.36:533][770]LogModuleManager: Shutting down and abandoning module AndroidMediaEditor (510)
[2018.01.06-07.24.36:533][770]LogModuleManager: Shutting down and abandoning module CharacterAI (508)
[2018.01.06-07.24.36:533][770]LogModuleManager: Shutting down and abandoning module AudioCapture (506)
[2018.01.06-07.24.36:533][770]LogModuleManager: Shutting down and abandoning module SequenceRecorder (505)
[2018.01.06-07.24.36:533][770]LogModuleManager: Shutting down and abandoning module SmartSnapping (502)
[2018.01.06-07.24.36:533][770]LogModuleManager: Shutting down and abandoning module SessionServices (500)
[2018.01.06-07.24.36:533][770]LogModuleManager: Shutting down and abandoning module ViewportSnapping (498)
[2018.01.06-07.24.36:533][770]LogModuleManager: Shutting down and abandoning module ViewportInteraction (496)
[2018.01.06-07.24.36:533][770]LogModuleManager: Shutting down and abandoning module ClothPainter (494)
[2018.01.06-07.24.36:533][770]LogModuleManager: Shutting down and abandoning module SkeletalMeshEditor (493)
[2018.01.06-07.24.36:533][770]LogModuleManager: Shutting down and abandoning module LogVisualizer (490)
[2018.01.06-07.24.36:533][770]LogModuleManager: Shutting down and abandoning module IntroTutorials (488)
[2018.01.06-07.24.36:533][770]LogModuleManager: Shutting down and abandoning module GameProjectGeneration (487)
[2018.01.06-07.24.36:533][770]LogModuleManager: Shutting down and abandoning module IOSPlatformEditor (484)
[2018.01.06-07.24.36:533][770]LogModuleManager: Shutting down and abandoning module HTML5PlatformEditor (482)
[2018.01.06-07.24.36:533][770]LogModuleManager: Shutting down and abandoning module AndroidPlatformEditor (480)
[2018.01.06-07.24.36:533][770]LogModuleManager: Shutting down and abandoning module AndroidDeviceDetection (479)
[2018.01.06-07.24.36:787][770]LogModuleManager: Shutting down and abandoning module WindowsPlatformEditor (476)
[2018.01.06-07.24.36:787][770]LogModuleManager: Shutting down and abandoning module IOSRuntimeSettings (474)
[2018.01.06-07.24.36:787][770]LogModuleManager: Shutting down and abandoning module AndroidRuntimeSettings (472)
[2018.01.06-07.24.36:787][770]LogModuleManager: Shutting down and abandoning module InputBindingEditor (470)
[2018.01.06-07.24.36:787][770]LogModuleManager: Shutting down and abandoning module MergeActors (468)
[2018.01.06-07.24.36:787][770]LogModuleManager: Shutting down and abandoning module SizeMap (466)
[2018.01.06-07.24.36:787][770]LogModuleManager: Shutting down and abandoning module TreeMap (464)
[2018.01.06-07.24.36:787][770]LogModuleManager: Shutting down and abandoning module ReferenceViewer (462)
[2018.01.06-07.24.36:787][770]LogModuleManager: Shutting down and abandoning module LocalizationDashboard (460)
[2018.01.06-07.24.36:787][770]LogModuleManager: Shutting down and abandoning module LocalizationService (459)
[2018.01.06-07.24.36:787][770]LogModuleManager: Shutting down and abandoning module HardwareTargeting (456)
[2018.01.06-07.24.36:787][770]LogModuleManager: Shutting down and abandoning module DeviceProfileEditor (454)
[2018.01.06-07.24.36:787][770]LogModuleManager: Shutting down and abandoning module UndoHistory (452)
[2018.01.06-07.24.36:787][770]LogModuleManager: Shutting down and abandoning module XmlParser (450)
[2018.01.06-07.24.36:787][770]LogModuleManager: Shutting down and abandoning module Blutility (448)
[2018.01.06-07.24.36:788][770]LogModuleManager: Shutting down and abandoning module ProjectSettingsViewer (446)
[2018.01.06-07.24.36:788][770]LogModuleManager: Shutting down and abandoning module ProjectTargetPlatformEditor (445)
[2018.01.06-07.24.36:788][770]LogModuleManager: Shutting down and abandoning module EditorSettingsViewer (442)
[2018.01.06-07.24.36:788][770]LogModuleManager: Shutting down and abandoning module SettingsEditor (440)
[2018.01.06-07.24.36:788][770]LogModuleManager: Shutting down and abandoning module ProjectLauncher (438)
[2018.01.06-07.24.36:788][770]LogModuleManager: Shutting down and abandoning module SessionFrontend (436)
[2018.01.06-07.24.36:788][770]LogModuleManager: Shutting down and abandoning module ProfilerClient (434)
[2018.01.06-07.24.36:788][770]LogModuleManager: Shutting down and abandoning module DeviceManager (432)
[2018.01.06-07.24.36:788][770]LogModuleManager: Shutting down and abandoning module TargetDeviceServices (431)
[2018.01.06-07.24.36:842][770]LogModuleManager: Shutting down and abandoning module AutomationController (428)
[2018.01.06-07.24.36:842][770]LogModuleManager: Shutting down and abandoning module AutomationWindow (426)
[2018.01.06-07.24.36:842][770]LogModuleManager: Shutting down and abandoning module Layers (424)
[2018.01.06-07.24.36:842][770]LogModuleManager: Shutting down and abandoning module ComponentVisualizers (422)
[2018.01.06-07.24.36:842][770]LogModuleManager: Shutting down and abandoning module DetailCustomizations (420)
[2018.01.06-07.24.36:842][770]LogModuleManager: Shutting down and abandoning module PackagesDialog (418)
[2018.01.06-07.24.36:842][770]LogModuleManager: Shutting down and abandoning module Persona (416)
[2018.01.06-07.24.36:843][770]LogModuleManager: Shutting down and abandoning module AdvancedPreviewScene (415)
[2018.01.06-07.24.36:843][770]LogModuleManager: Shutting down and abandoning module AnimGraph (413)
[2018.01.06-07.24.36:843][770]LogModuleManager: Shutting down and abandoning module Kismet (410)
[2018.01.06-07.24.36:858][770]LogModuleManager: Shutting down and abandoning module ClassViewer (408)
[2018.01.06-07.24.36:859][770]LogModuleManager: Shutting down and abandoning module Toolbox (406)
[2018.01.06-07.24.36:859][770]LogModuleManager: Shutting down and abandoning module ModuleUI (404)
[2018.01.06-07.24.36:859][770]LogModuleManager: Shutting down and abandoning module MovieSceneTools (402)
[2018.01.06-07.24.36:859][770]LogModuleManager: Shutting down and abandoning module OutputLog (400)
[2018.01.06-07.24.36:859][770]LogModuleManager: Shutting down and abandoning module GammaUI (398)
[2018.01.06-07.24.36:859][770]LogModuleManager: Shutting down and abandoning module Documentation (396)
[2018.01.06-07.24.36:859][770]LogModuleManager: Shutting down and abandoning module MovieSceneTracks (394)
[2018.01.06-07.24.36:859][770]LogModuleManager: Shutting down and abandoning module MovieScene (392)
[2018.01.06-07.24.36:859][770]LogModuleManager: Shutting down and abandoning module StreamingPauseRendering (390)
[2018.01.06-07.24.36:859][770]LogModuleManager: Shutting down and abandoning module LauncherPlatform (388)
[2018.01.06-07.24.36:859][770]LogModuleManager: Shutting down and abandoning module AnalyticsET (386)
[2018.01.06-07.24.36:859][770]LogModuleManager: Shutting down and abandoning module PortalServices (384)
[2018.01.06-07.24.36:859][770]LogModuleManager: Shutting down and abandoning module PortalRpc (382)
[2018.01.06-07.24.36:859][770]LogModuleManager: Shutting down and abandoning module MessagingRpc (380)
[2018.01.06-07.24.36:859][770]LogModuleManager: Shutting down and abandoning module AIModule (378)
[2018.01.06-07.24.36:859][770]LogModuleManager: Shutting down and abandoning module GameplayDebugger (377)
[2018.01.06-07.24.36:860][770]LogModuleManager: Shutting down and abandoning module AITestSuite (375)
[2018.01.06-07.24.36:860][770]LogModuleManager: Shutting down and abandoning module DesktopPlatform (372)
[2018.01.06-07.24.36:860][770]LogModuleManager: Shutting down and abandoning module ProfilerService (370)
[2018.01.06-07.24.36:876][770]LogModuleManager: Shutting down and abandoning module TaskGraph (368)
[2018.01.06-07.24.36:876][770]LogModuleManager: Shutting down and abandoning module SubstanceLiveLink (366)
[2018.01.06-07.24.36:876][770]LogModuleManager: Shutting down and abandoning module SubstanceSource (364)
[2018.01.06-07.24.36:876][770]LogModuleManager: Shutting down and abandoning module SubstanceEditor (362)
[2018.01.06-07.24.36:876][770]LogModuleManager: Shutting down and abandoning module SteamVRController (360)
[2018.01.06-07.24.36:876][770]LogModuleManager: Shutting down and abandoning module SteamController (358)
[2018.01.06-07.24.36:876][770]LogModuleManager: Shutting down and abandoning module ProceduralMeshComponentEditor (356)
[2018.01.06-07.24.36:876][770]LogModuleManager: Shutting down and abandoning module ProceduralMeshComponent (354)
[2018.01.06-07.24.36:876][770]LogModuleManager: Shutting down and abandoning module OculusInput (352)
[2018.01.06-07.24.36:876][770]LogModuleManager: Shutting down and abandoning module Ansel (350)
[2018.01.06-07.24.36:876][770]LogModuleManager: Shutting down and abandoning module MobilePatchingUtils (348)
[2018.01.06-07.24.36:876][770]LogModuleManager: Shutting down and abandoning module CustomMeshComponent (346)
[2018.01.06-07.24.36:876][770]LogModuleManager: Shutting down and abandoning module CableComponent (344)
[2018.01.06-07.24.36:876][770]LogModuleManager: Shutting down and abandoning module ArchVisCharacter (342)
[2018.01.06-07.24.36:876][770]LogModuleManager: Shutting down and abandoning module AndroidPermission (340)
[2018.01.06-07.24.36:877][770]LogModuleManager: Shutting down and abandoning module ActorSequence (336)
[2018.01.06-07.24.36:877][770]LogModuleManager: Shutting down and abandoning module MediaPlayerEditor (334)
[2018.01.06-07.24.36:877][770]LogModuleManager: Shutting down and abandoning module MediaCompositingEditor (332)
[2018.01.06-07.24.36:877][770]LogModuleManager: Shutting down and abandoning module MediaCompositing (330)
[2018.01.06-07.24.36:877][770]LogModuleManager: Shutting down and abandoning module LowEntryExtendedStandardLibraryEditor (328)
[2018.01.06-07.24.36:877][770]LogModuleManager: Shutting down and abandoning module HTML5Networking (324)
[2018.01.06-07.24.36:877][770]LogModuleManager: Shutting down and abandoning module AlembicImporter (322)
[2018.01.06-07.24.36:877][770]LogModuleManager: Shutting down and abandoning module AlembicLibrary (321)
[2018.01.06-07.24.36:877][770]LogModuleManager: Shutting down and abandoning module GeometryCache (320)
[2018.01.06-07.24.36:877][770]LogModuleManager: Shutting down and abandoning module GeometryCacheEd (319)
[2018.01.06-07.24.36:877][770]LogModuleManager: Shutting down and abandoning module SpeedTreeImporter (314)
[2018.01.06-07.24.36:877][770]LogModuleManager: Shutting down and abandoning module PluginBrowser (312)
[2018.01.06-07.24.36:877][770]LogModuleManager: Shutting down and abandoning module MobileLauncherProfileWizard (310)
[2018.01.06-07.24.36:877][770]LogModuleManager: Shutting down and abandoning module VisualStudioSourceCodeAccess (308)
[2018.01.06-07.24.36:877][770]LogModuleManager: Shutting down and abandoning module VisualStudioCodeSourceCodeAccess (306)
[2018.01.06-07.24.36:877][770]LogModuleManager: Shutting down and abandoning module UObjectPlugin (304)
[2018.01.06-07.24.36:878][770]LogModuleManager: Shutting down and abandoning module SubversionSourceControl (302)
[2018.01.06-07.24.36:878][770]LogModuleManager: Shutting down and abandoning module PerforceSourceControl (300)
[2018.01.06-07.24.36:878][770]LogModuleManager: Shutting down and abandoning module GitSourceControl (298)
[2018.01.06-07.24.36:878][770]LogModuleManager: Shutting down and abandoning module SourceControl (297)
[2018.01.06-07.24.36:878][770]LogModuleManager: Shutting down and abandoning module LightPropagationVolumeEditor (294)
[2018.01.06-07.24.36:878][770]LogModuleManager: Shutting down and abandoning module PaperTiledImporter (292)
[2018.01.06-07.24.36:878][770]LogModuleManager: Shutting down and abandoning module PaperSpriteSheetImporter (290)
[2018.01.06-07.24.36:878][770]LogModuleManager: Shutting down and abandoning module Paper2DEditor (288)
[2018.01.06-07.24.36:878][770]LogModuleManager: Shutting down and abandoning module MeshPaint (287)
[2018.01.06-07.24.36:878][770]LogModuleManager: Shutting down and abandoning module LevelEditor (285)
[2018.01.06-07.24.36:880][770]LogModuleManager: Shutting down and abandoning module PixelInspectorModule (284)
[2018.01.06-07.24.36:880][770]LogModuleManager: Shutting down and abandoning module MainFrame (282)
[2018.01.06-07.24.36:880][770]LogModuleManager: Shutting down and abandoning module HotReload (281)
[2018.01.06-07.24.36:881][770]LogModuleManager: Shutting down and abandoning module RuntimePhysXCooking (276)
[2018.01.06-07.24.36:881][770]LogModuleManager: Shutting down and abandoning module PhysXVehiclesEditor (274)
[2018.01.06-07.24.36:881][770]LogModuleManager: Shutting down and abandoning module PhysXVehicles (272)
[2018.01.06-07.24.36:881][770]LogModuleManager: Shutting down and abandoning module OculusEditor (270)
[2018.01.06-07.24.36:881][770]LogModuleManager: Shutting down and abandoning module LocationServicesBPLibrary (268)
[2018.01.06-07.24.36:881][770]LogModuleManager: Shutting down and abandoning module ImmediatePhysicsEditor (266)
[2018.01.06-07.24.36:882][770]LogModuleManager: Shutting down and abandoning module ImmediatePhysics (264)
[2018.01.06-07.24.36:882][770]LogModuleManager: Shutting down and abandoning module UdpMessaging (262)
[2018.01.06-07.24.36:983][770]LogModuleManager: Shutting down and abandoning module TcpMessaging (260)
[2018.01.06-07.24.37:084][770]LogModuleManager: Shutting down and abandoning module SubstanceCore (258)
[2018.01.06-07.24.37:084][770]LogModuleManager: Shutting down and abandoning module LowEntryExtendedStandardLibrary (256)
[2018.01.06-07.24.37:084][770]LogModuleManager: Shutting down and abandoning module GameSparks (254)
[2018.01.06-07.24.37:084][770]LogModuleManager: Shutting down and abandoning module GameplayTagsEditor (252)
[2018.01.06-07.24.37:084][770]LogModuleManager: Shutting down and abandoning module FacialAnimationEditor (250)
[2018.01.06-07.24.37:084][770]LogModuleManager: Shutting down and abandoning module FacialAnimation (248)
[2018.01.06-07.24.37:084][770]LogModuleManager: Shutting down and abandoning module AssetManagerEditor (246)
[2018.01.06-07.24.37:084][770]LogModuleManager: Shutting down and abandoning module GraphEditor (245)
[2018.01.06-07.24.37:084][770]LogModuleManager: Shutting down and abandoning module ContentBrowser (243)
[2018.01.06-07.24.37:086][770]LogModuleManager: Shutting down and abandoning module LightPropagationVolumeRuntime (240)
[2018.01.06-07.24.37:086][770]LogModuleManager: Shutting down and abandoning module Paper2D (238)
[2018.01.06-07.24.37:086][770]LogModuleManager: Shutting down and abandoning module WindowsMoviePlayer (236)
[2018.01.06-07.24.37:086][770]LogModuleManager: Shutting down and abandoning module WmfMedia (234)
[2018.01.06-07.24.37:090][770]LogModuleManager: Shutting down and abandoning module ImgMedia (232)
[2018.01.06-07.24.37:090][770]LogModuleManager: Shutting down and abandoning module PacketHandler (230)
[2018.01.06-07.24.37:090][770]LogModuleManager: Shutting down and abandoning module ClothingSystemEditor (228)
[2018.01.06-07.24.37:090][770]LogModuleManager: Shutting down and abandoning module ClothingSystemRuntime (226)
[2018.01.06-07.24.37:090][770]LogModuleManager: Shutting down and abandoning module MediaAssets (224)
[2018.01.06-07.24.37:090][770]LogModuleManager: Shutting down and abandoning module Media (223)
[2018.01.06-07.24.37:096][770]LogModuleManager: Shutting down and abandoning module Overlay (220)
[2018.01.06-07.24.37:096][770]LogModuleManager: Shutting down and abandoning module OverlayEditor (219)
[2018.01.06-07.24.37:096][770]LogModuleManager: Shutting down and abandoning module VREditor (216)
[2018.01.06-07.24.37:097][770]LogModuleManager: Shutting down and abandoning module StringTableEditor (214)
[2018.01.06-07.24.37:097][770]LogModuleManager: Shutting down and abandoning module GameplayTasksEditor (212)
[2018.01.06-07.24.37:097][770]LogModuleManager: Shutting down and abandoning module BehaviorTreeEditor (210)
[2018.01.06-07.24.37:097][770]LogModuleManager: Shutting down and abandoning module FunctionalTesting (208)
[2018.01.06-07.24.37:097][770]LogModuleManager: Shutting down and abandoning module CollisionAnalyzer (206)
[2018.01.06-07.24.37:097][770]LogModuleManager: Shutting down and abandoning module WorkspaceMenuStructure (205)
[2018.01.06-07.24.37:097][770]LogModuleManager: Shutting down and abandoning module UMG (202)
[2018.01.06-07.24.37:097][770]LogModuleManager: Shutting down and abandoning module UMGEditor (201)
[2018.01.06-07.24.37:097][770]LogModuleManager: Shutting down and abandoning module Sequencer (200)
[2018.01.06-07.24.37:097][770]LogModuleManager: Shutting down and abandoning module MessageLog (197)
[2018.01.06-07.24.37:097][770]LogModuleManager: Shutting down and abandoning module SlateReflector (192)
[2018.01.06-07.24.37:097][770]LogModuleManager: Shutting down and abandoning module Slate (190)
[2018.01.06-07.24.37:097][770]LogModuleManager: Shutting down and abandoning module EditorStyle (188)
[2018.01.06-07.24.37:104][770]LogModuleManager: Shutting down and abandoning module MRMesh (186)
[2018.01.06-07.24.37:104][770]LogModuleManager: Shutting down and abandoning module SourceCodeAccess (184)
[2018.01.06-07.24.37:104][770]LogModuleManager: Shutting down and abandoning module HeadMountedDisplay (182)
[2018.01.06-07.24.37:104][770]LogModuleManager: Shutting down and abandoning module XAudio2 (180)
[2018.01.06-07.24.37:104][770]LogModuleManager: Shutting down and abandoning module Networking (178)
[2018.01.06-07.24.37:104][770]LogModuleManager: Shutting down and abandoning module Core (176)
[2018.01.06-07.24.37:104][770]LogModuleManager: Shutting down and abandoning module LevelSequence (172)
[2018.01.06-07.24.37:104][770]LogModuleManager: Shutting down and abandoning module DirectoryWatcher (170)
[2018.01.06-07.24.37:106][770]LogModuleManager: Shutting down and abandoning module KismetCompiler (168)
[2018.01.06-07.24.37:106][770]LogModuleManager: Shutting down and abandoning module MeshUtilities (166)
[2018.01.06-07.24.37:106][770]LogModuleManager: Shutting down and abandoning module MeshMergeUtilities (165)
[2018.01.06-07.24.37:106][770]LogModuleManager: Shutting down and abandoning module MeshReductionInterface (164)
[2018.01.06-07.24.37:106][770]LogModuleManager: Shutting down and abandoning module SimplygonSwarm (163)
[2018.01.06-07.24.37:106][770]LogModuleManager: Shutting down and abandoning module SimplygonMeshReduction (161)
[2018.01.06-07.24.37:106][770]LogModuleManager: Shutting down and abandoning module QuadricMeshReduction (159)
[2018.01.06-07.24.37:106][770]LogModuleManager: Shutting down and abandoning module MaterialBaking (155)
[2018.01.06-07.24.37:106][770]LogModuleManager: Shutting down and abandoning module DerivedDataCache (152)
[2018.01.06-07.24.37:144][770]LogDerivedDataCache: Shutdown
[2018.01.06-07.24.37:144][770]LogModuleManager: Shutting down and abandoning module TargetPlatform (150)
[2018.01.06-07.24.37:144][770]LogModuleManager: Shutting down and abandoning module VulkanShaderFormat (149)
[2018.01.06-07.24.37:144][770]LogModuleManager: Shutting down and abandoning module ShaderFormatVectorVM (147)
[2018.01.06-07.24.37:144][770]LogModuleManager: Shutting down and abandoning module ShaderFormatOpenGL (145)
[2018.01.06-07.24.37:144][770]LogModuleManager: Shutting down and abandoning module ShaderFormatD3D (143)
[2018.01.06-07.24.37:144][770]LogModuleManager: Shutting down and abandoning module MetalShaderFormat (141)
[2018.01.06-07.24.37:144][770]LogModuleManager: Shutting down and abandoning module TextureFormatUncompressed (139)
[2018.01.06-07.24.37:144][770]LogModuleManager: Shutting down and abandoning module TextureFormatPVR (137)
[2018.01.06-07.24.37:144][770]LogModuleManager: Shutting down and abandoning module TextureFormatDXT (135)
[2018.01.06-07.24.37:144][770]LogModuleManager: Shutting down and abandoning module TextureFormatIntelISPCTexComp (133)
[2018.01.06-07.24.37:144][770]LogModuleManager: Shutting down and abandoning module TextureFormatASTC (131)
[2018.01.06-07.24.37:144][770]LogModuleManager: Shutting down and abandoning module ImageWrapper (130)
[2018.01.06-07.24.37:144][770]LogModuleManager: Shutting down and abandoning module TextureFormatAndroid (127)
[2018.01.06-07.24.37:144][770]LogModuleManager: Shutting down and abandoning module AudioFormatOpus (125)
[2018.01.06-07.24.37:144][770]LogModuleManager: Shutting down and abandoning module AudioFormatOgg (123)
[2018.01.06-07.24.37:145][770]LogModuleManager: Shutting down and abandoning module AudioFormatADPCM (121)
[2018.01.06-07.24.37:145][770]LogModuleManager: Shutting down and abandoning module LinuxTargetPlatform (119)
[2018.01.06-07.24.37:145][770]LogModuleManager: Shutting down and abandoning module LinuxServerTargetPlatform (117)
[2018.01.06-07.24.37:145][770]LogModuleManager: Shutting down and abandoning module LinuxNoEditorTargetPlatform (115)
[2018.01.06-07.24.37:145][770]LogModuleManager: Shutting down and abandoning module LinuxClientTargetPlatform (113)
[2018.01.06-07.24.37:145][770]LogModuleManager: Shutting down and abandoning module TVOSTargetPlatform (111)
[2018.01.06-07.24.37:145][770]LogModuleManager: Shutting down and abandoning module Messaging (109)
[2018.01.06-07.24.37:145][770]LogModuleManager: Shutting down and abandoning module IOSTargetPlatform (107)
[2018.01.06-07.24.37:145][770]LogModuleManager: Shutting down and abandoning module HTML5TargetPlatform (105)
[2018.01.06-07.24.37:145][770]LogModuleManager: Shutting down and abandoning module AndroidTargetPlatform (103)
[2018.01.06-07.24.37:145][770]LogModuleManager: Shutting down and abandoning module Android_PVRTCTargetPlatform (101)
[2018.01.06-07.24.37:145][770]LogModuleManager: Shutting down and abandoning module Android_MultiTargetPlatform (99)
[2018.01.06-07.24.37:145][770]LogModuleManager: Shutting down and abandoning module Android_ETC2TargetPlatform (97)
[2018.01.06-07.24.37:145][770]LogModuleManager: Shutting down and abandoning module Android_ETC1TargetPlatform (95)
[2018.01.06-07.24.37:145][770]LogModuleManager: Shutting down and abandoning module Android_DXTTargetPlatform (93)
[2018.01.06-07.24.37:145][770]LogModuleManager: Shutting down and abandoning module Android_ATCTargetPlatform (91)
[2018.01.06-07.24.37:145][770]LogModuleManager: Shutting down and abandoning module Android_ASTCTargetPlatform (89)
[2018.01.06-07.24.37:145][770]LogModuleManager: Shutting down and abandoning module WindowsTargetPlatform (87)
[2018.01.06-07.24.37:145][770]LogModuleManager: Shutting down and abandoning module WindowsServerTargetPlatform (85)
[2018.01.06-07.24.37:145][770]LogModuleManager: Shutting down and abandoning module WindowsNoEditorTargetPlatform (83)
[2018.01.06-07.24.37:145][770]LogModuleManager: Shutting down and abandoning module WindowsClientTargetPlatform (81)
[2018.01.06-07.24.37:145][770]LogModuleManager: Shutting down and abandoning module MacTargetPlatform (79)
[2018.01.06-07.24.37:145][770]LogModuleManager: Shutting down and abandoning module MacServerTargetPlatform (77)
[2018.01.06-07.24.37:146][770]LogModuleManager: Shutting down and abandoning module MacNoEditorTargetPlatform (75)
[2018.01.06-07.24.37:146][770]LogModuleManager: Shutting down and abandoning module MacClientTargetPlatform (73)
[2018.01.06-07.24.37:146][770]LogModuleManager: Shutting down and abandoning module AllDesktopTargetPlatform (71)
[2018.01.06-07.24.37:146][770]LogModuleManager: Shutting down and abandoning module InputCore (68)
[2018.01.06-07.24.37:146][770]LogModuleManager: Shutting down and abandoning module Settings (66)
[2018.01.06-07.24.37:146][770]LogModuleManager: Shutting down and abandoning module PhysXCooking (64)
[2018.01.06-07.24.37:146][770]LogModuleManager: Shutting down and abandoning module SteamVR (62)
[2018.01.06-07.24.37:146][770]LogModuleManager: Shutting down and abandoning module OculusHMD (60)
[2018.01.06-07.24.37:146][770]LogModuleManager: Shutting down and abandoning module ExampleDeviceProfileSelector (58)
[2018.01.06-07.24.37:146][770]LogModuleManager: Shutting down and abandoning module AppleARKit (56)
[2018.01.06-07.24.37:146][770]LogModuleManager: Shutting down and abandoning module AugmentedReality (55)
[2018.01.06-07.24.37:146][770]LogModuleManager: Shutting down and abandoning module OnlineBlueprintSupport (52)
[2018.01.06-07.24.37:146][770]LogModuleManager: Shutting down and abandoning module OnlineSubsystem (48)
[2018.01.06-07.24.37:146][770]LogOnline: Display: OSS: FOnlineSubsystemNull::Shutdown()
[2018.01.06-07.24.37:146][770]LogOnline: Display: OSS: FOnlineAsyncTaskManager::Stop() ActiveTask:0000000000000000 Tasks[0/0]
[2018.01.06-07.24.37:148][770]LogOnline: Display: OSS: FOnlineAsyncTaskManager::Exit() started
[2018.01.06-07.24.37:148][770]LogOnline: Display: OSS: FOnlineAsyncTaskManager::Exit() finished
[2018.01.06-07.24.37:148][770]LogModuleManager: Shutting down and abandoning module XMPP (43)
[2018.01.06-07.24.37:148][770]LogModuleManager: Shutting down and abandoning module HTTP (41)
[2018.01.06-07.24.37:148][770]LogHttp: Display: Http module shutting down, but needs to wait on 1 outstanding Http requests:
[2018.01.06-07.24.37:148][770]LogHttp: Display: 	verb=[POST] url=[https://datarouter.ol.epicgames.com/datarouter/api/v1/public/data?SessionID=%7B0FEAE1E7-413C-1AB3-FF31-FFA91A2EF6EE%7D&AppID=UEEditor.Rocket.Release&AppVersion=4.18.2-3794801%2B%2B%2BUE4%2BRelease-4.18&UserID=544125ff4397c233b57a6785c9b04155%7C8850fb4665d74c6f8caa7a529e3fa04c%7C98d52bb3-5652-4b78-9fad-1499c0877007&AppEnvironment=datacollector-binary&UploadType=eteventstream] status=Processing
[2018.01.06-07.24.37:175][770]LogModuleManager: Shutting down and abandoning module SSL (40)
[2018.01.06-07.24.37:178][770]LogModuleManager: Shutting down and abandoning module AnimationModifiers (36)
[2018.01.06-07.24.37:178][770]LogModuleManager: Shutting down and abandoning module PropertyEditor (35)
[2018.01.06-07.24.37:178][770]LogModuleManager: Shutting down and abandoning module AudioEditor (32)
[2018.01.06-07.24.37:178][770]LogModuleManager: Shutting down and abandoning module TextureCompressor (30)
[2018.01.06-07.24.37:178][770]LogModuleManager: Shutting down and abandoning module ShaderCore (28)
[2018.01.06-07.24.37:178][770]LogModuleManager: Shutting down and abandoning module Landscape (26)
[2018.01.06-07.24.37:178][770]LogModuleManager: Shutting down and abandoning module SlateRHIRenderer (24)
[2018.01.06-07.24.37:181][770]LogModuleManager: Shutting down and abandoning module OpenGLDrv (22)
[2018.01.06-07.24.37:181][770]LogModuleManager: Shutting down and abandoning module D3D11RHI (20)
[2018.01.06-07.24.37:181][770]LogModuleManager: Shutting down and abandoning module AnimGraphRuntime (18)
[2018.01.06-07.24.37:181][770]LogModuleManager: Shutting down and abandoning module Renderer (16)
[2018.01.06-07.24.37:182][770]LogModuleManager: Shutting down and abandoning module Engine (14)
[2018.01.06-07.24.37:182][770]LogModuleManager: Shutting down and abandoning module CoreUObject (12)
[2018.01.06-07.24.37:182][770]LogModuleManager: Shutting down and abandoning module NetworkFile (10)
[2018.01.06-07.24.37:182][770]LogModuleManager: Shutting down and abandoning module CookedIterativeFile (8)
[2018.01.06-07.24.37:182][770]LogModuleManager: Shutting down and abandoning module StreamingFile (6)
[2018.01.06-07.24.37:182][770]LogModuleManager: Shutting down and abandoning module SandboxFile (4)
[2018.01.06-07.24.37:182][770]LogModuleManager: Shutting down and abandoning module PakFile (2)
[2018.01.06-07.24.37:189][770]LogExit: Exiting.
[2018.01.06-07.24.37:208][770]Log file closed, 01/06/18 18:24:37
